[2017-10-16 13:57:20] [ log ] localhost:81/index/test
 client: 127.0.0.1
---------------------------------------------------------------
 msg : syntax error, unexpected '获取方式' (T_STRING) 
 file : /var/www/php/easy-framework-swoole/application/controller/Index.php 
 line : 60 
 code : 0 
 trace : #0 [internal function]: autoload('application/con...')
#1 /var/www/php/easy-framework-swoole/framework/base/Container.php(90): spl_autoload_call('application\\con...')
#2 /var/www/php/easy-framework-swoole/framework/base/Component.php(20): framework\base\Container->getComponent('f5ef83ad023e951...', Array)
#3 /var/www/php/easy-framework-swoole/framework/components/dispatcher/Dispatcher.php(28): framework\base\Component->getComponent('f5ef83ad023e951...')
#4 /var/www/php/easy-framework-swoole/framework/server/HttpServer.php(56): framework\components\dispatcher\Dispatcher->run(Array)
#5 [internal function]: framework\server\HttpServer->framework\server\{closure}(Object(swoole_http_request), Object(swoole_http_response))
#6 /var/www/php/easy-framework-swoole/framework/server/BaseServer.php(54): swoole_http_server->start()
#7 /var/www/php/easy-framework-swoole/framework/server/Server.php(29): framework\server\BaseServer->start()
#8 /var/www/php/easy-framework-swoole/framework/web/Application.php(46): framework\server\Server->start()
#9 /var/www/php/easy-framework-swoole/framework/framework.php(31): framework\web\Application::run(Array)
#10 /var/www/php/easy-framework-swoole/index.php(8): require('/var/www/php/ea...')
#11 {main}

[2017-10-16 13:58:47] [ log ] localhost:81/index/tes
 client: 127.0.0.1
---------------------------------------------------------------
 msg : action tesAction not found 
 file : /var/www/php/easy-framework-swoole/framework/components/dispatcher/Dispatcher.php 
 line : 39 
 code : 0 
 trace : #0 /var/www/php/easy-framework-swoole/framework/server/HttpServer.php(56): framework\components\dispatcher\Dispatcher->run(Array)
#1 [internal function]: framework\server\HttpServer->framework\server\{closure}(Object(swoole_http_request), Object(swoole_http_response))
#2 /var/www/php/easy-framework-swoole/framework/server/BaseServer.php(54): swoole_http_server->start()
#3 /var/www/php/easy-framework-swoole/framework/server/Server.php(29): framework\server\BaseServer->start()
#4 /var/www/php/easy-framework-swoole/framework/web/Application.php(46): framework\server\Server->start()
#5 /var/www/php/easy-framework-swoole/framework/framework.php(31): framework\web\Application::run(Array)
#6 /var/www/php/easy-framework-swoole/index.php(8): require('/var/www/php/ea...')
#7 {main}

[2017-10-16 14:24:37] [ log ] localhost:81/index/dowload
 client: 127.0.0.1
---------------------------------------------------------------
 msg : action dowloadAction not found 
 file : /var/www/php/easy-framework-swoole/framework/components/dispatcher/Dispatcher.php 
 line : 39 
 code : 0 
 trace : #0 /var/www/php/easy-framework-swoole/framework/server/HttpServer.php(56): framework\components\dispatcher\Dispatcher->run(Array)
#1 [internal function]: framework\server\HttpServer->framework\server\{closure}(Object(swoole_http_request), Object(swoole_http_response))
#2 /var/www/php/easy-framework-swoole/framework/server/BaseServer.php(54): swoole_http_server->start()
#3 /var/www/php/easy-framework-swoole/framework/server/Server.php(29): framework\server\BaseServer->start()
#4 /var/www/php/easy-framework-swoole/framework/web/Application.php(46): framework\server\Server->start()
#5 /var/www/php/easy-framework-swoole/framework/framework.php(31): framework\web\Application::run(Array)
#6 /var/www/php/easy-framework-swoole/index.php(8): require('/var/www/php/ea...')
#7 {main}

[2017-10-16 15:24:43] [ log ] 
 client: 
---------------------------------------------------------------
a:1:{s:6:"mobile";s:10:"1212121212";}

[2017-10-16 15:24:43] [ log ] 
 client: 
---------------------------------------------------------------
a:1:{s:6:"mobile";s:10:"1212121212";}

[2017-10-16 15:24:43] [ log ] 
 client: 
---------------------------------------------------------------
a:1:{s:6:"mobile";s:10:"1212121212";}

[2017-10-16 15:24:43] [ log ] 
 client: 
---------------------------------------------------------------
a:1:{s:6:"mobile";s:10:"1212121212";}

[2017-10-16 15:24:43] [ log ] 
 client: 
---------------------------------------------------------------
a:1:{s:6:"mobile";s:10:"1212121212";}

[2017-10-16 15:24:43] [ log ] 
 client: 
---------------------------------------------------------------
a:1:{s:6:"mobile";s:10:"1212121212";}

[2017-10-16 15:24:43] [ log ] 
 client: 
---------------------------------------------------------------
a:1:{s:6:"mobile";s:10:"1212121212";}

[2017-10-16 15:24:43] [ log ] 
 client: 
---------------------------------------------------------------
a:1:{s:6:"mobile";s:10:"1212121212";}

[2017-10-16 15:24:43] [ log ] 
 client: 
---------------------------------------------------------------
a:1:{s:6:"mobile";s:10:"1212121212";}

[2017-10-16 15:24:43] [ log ] 
 client: 
---------------------------------------------------------------
a:1:{s:6:"mobile";s:10:"1212121212";}

[2017-10-16 15:24:43] [ log ] localhost:81/index/
 client: 127.0.0.1
---------------------------------------------------------------
finish

[2017-10-16 15:25:29] [ log ] 
 client: 
---------------------------------------------------------------
a:1:{s:6:"mobile";s:10:"1212121212";}

[2017-10-16 15:25:29] [ log ] 
 client: 
---------------------------------------------------------------
a:1:{s:6:"mobile";s:10:"1212121212";}

[2017-10-16 15:25:29] [ log ] 
 client: 
---------------------------------------------------------------
a:1:{s:6:"mobile";s:10:"1212121212";}

[2017-10-16 15:25:29] [ log ] 
 client: 
---------------------------------------------------------------
a:1:{s:6:"mobile";s:10:"1212121212";}

[2017-10-16 15:25:29] [ log ] 
 client: 
---------------------------------------------------------------
a:1:{s:6:"mobile";s:10:"1212121212";}

[2017-10-16 15:25:29] [ log ] 
 client: 
---------------------------------------------------------------
a:1:{s:6:"mobile";s:10:"1212121212";}

[2017-10-16 15:25:29] [ log ] 
 client: 
---------------------------------------------------------------
a:1:{s:6:"mobile";s:10:"1212121212";}

[2017-10-16 15:25:29] [ log ] 
 client: 
---------------------------------------------------------------
a:1:{s:6:"mobile";s:10:"1212121212";}

[2017-10-16 15:25:29] [ log ] 
 client: 
---------------------------------------------------------------
a:1:{s:6:"mobile";s:10:"1212121212";}

[2017-10-16 15:25:29] [ log ] 
 client: 
---------------------------------------------------------------
a:1:{s:6:"mobile";s:10:"1212121212";}

[2017-10-16 15:25:29] [ log ] localhost:81/index/
 client: 127.0.0.1
---------------------------------------------------------------
finish

[2017-10-16 15:25:29] [ log ] 
 client: 
---------------------------------------------------------------
a:1:{s:6:"mobile";s:10:"1212121212";}

[2017-10-16 15:25:29] [ log ] 
 client: 
---------------------------------------------------------------
a:1:{s:6:"mobile";s:10:"1212121212";}

[2017-10-16 15:25:29] [ log ] 
 client: 
---------------------------------------------------------------
a:1:{s:6:"mobile";s:10:"1212121212";}

[2017-10-16 15:25:29] [ log ] 
 client: 
---------------------------------------------------------------
a:1:{s:6:"mobile";s:10:"1212121212";}

[2017-10-16 15:25:29] [ log ] 
 client: 
---------------------------------------------------------------
a:1:{s:6:"mobile";s:10:"1212121212";}

[2017-10-16 15:25:29] [ log ] 
 client: 
---------------------------------------------------------------
a:1:{s:6:"mobile";s:10:"1212121212";}

[2017-10-16 15:25:29] [ log ] 
 client: 
---------------------------------------------------------------
a:1:{s:6:"mobile";s:10:"1212121212";}

[2017-10-16 15:25:29] [ log ] 
 client: 
---------------------------------------------------------------
a:1:{s:6:"mobile";s:10:"1212121212";}

[2017-10-16 15:25:29] [ log ] 
 client: 
---------------------------------------------------------------
a:1:{s:6:"mobile";s:10:"1212121212";}

[2017-10-16 15:25:29] [ log ] 
 client: 
---------------------------------------------------------------
a:1:{s:6:"mobile";s:10:"1212121212";}

[2017-10-16 15:25:29] [ log ] localhost:81/index/
 client: 127.0.0.1
---------------------------------------------------------------
finish

[2017-10-16 15:25:29] [ log ] 
 client: 
---------------------------------------------------------------
a:1:{s:6:"mobile";s:10:"1212121212";}

[2017-10-16 15:25:29] [ log ] 
 client: 
---------------------------------------------------------------
a:1:{s:6:"mobile";s:10:"1212121212";}

[2017-10-16 15:25:29] [ log ] 
 client: 
---------------------------------------------------------------
a:1:{s:6:"mobile";s:10:"1212121212";}

[2017-10-16 15:25:29] [ log ] 
 client: 
---------------------------------------------------------------
a:1:{s:6:"mobile";s:10:"1212121212";}

[2017-10-16 15:25:29] [ log ] 
 client: 
---------------------------------------------------------------
a:1:{s:6:"mobile";s:10:"1212121212";}

[2017-10-16 15:25:29] [ log ] 
 client: 
---------------------------------------------------------------
a:1:{s:6:"mobile";s:10:"1212121212";}

[2017-10-16 15:25:29] [ log ] 
 client: 
---------------------------------------------------------------
a:1:{s:6:"mobile";s:10:"1212121212";}

[2017-10-16 15:25:29] [ log ] 
 client: 
---------------------------------------------------------------
a:1:{s:6:"mobile";s:10:"1212121212";}

[2017-10-16 15:25:29] [ log ] 
 client: 
---------------------------------------------------------------
a:1:{s:6:"mobile";s:10:"1212121212";}

[2017-10-16 15:25:29] [ log ] 
 client: 
---------------------------------------------------------------
a:1:{s:6:"mobile";s:10:"1212121212";}

[2017-10-16 15:25:29] [ log ] localhost:81/index/
 client: 127.0.0.1
---------------------------------------------------------------
finish

[2017-10-16 15:25:29] [ log ] 
 client: 
---------------------------------------------------------------
a:1:{s:6:"mobile";s:10:"1212121212";}

[2017-10-16 15:25:29] [ log ] 
 client: 
---------------------------------------------------------------
a:1:{s:6:"mobile";s:10:"1212121212";}

[2017-10-16 15:25:29] [ log ] 
 client: 
---------------------------------------------------------------
a:1:{s:6:"mobile";s:10:"1212121212";}

[2017-10-16 15:25:29] [ log ] 
 client: 
---------------------------------------------------------------
a:1:{s:6:"mobile";s:10:"1212121212";}

[2017-10-16 15:25:29] [ log ] 
 client: 
---------------------------------------------------------------
a:1:{s:6:"mobile";s:10:"1212121212";}

[2017-10-16 15:25:29] [ log ] 
 client: 
---------------------------------------------------------------
a:1:{s:6:"mobile";s:10:"1212121212";}

[2017-10-16 15:25:29] [ log ] 
 client: 
---------------------------------------------------------------
a:1:{s:6:"mobile";s:10:"1212121212";}

[2017-10-16 15:25:29] [ log ] 
 client: 
---------------------------------------------------------------
a:1:{s:6:"mobile";s:10:"1212121212";}

[2017-10-16 15:25:29] [ log ] 
 client: 
---------------------------------------------------------------
a:1:{s:6:"mobile";s:10:"1212121212";}

[2017-10-16 15:25:29] [ log ] 
 client: 
---------------------------------------------------------------
a:1:{s:6:"mobile";s:10:"1212121212";}

[2017-10-16 15:25:29] [ log ] localhost:81/index/
 client: 127.0.0.1
---------------------------------------------------------------
finish

[2017-10-16 15:25:30] [ log ] 
 client: 
---------------------------------------------------------------
a:1:{s:6:"mobile";s:10:"1212121212";}

[2017-10-16 15:25:30] [ log ] 
 client: 
---------------------------------------------------------------
a:1:{s:6:"mobile";s:10:"1212121212";}

[2017-10-16 15:25:30] [ log ] 
 client: 
---------------------------------------------------------------
a:1:{s:6:"mobile";s:10:"1212121212";}

[2017-10-16 15:25:30] [ log ] 
 client: 
---------------------------------------------------------------
a:1:{s:6:"mobile";s:10:"1212121212";}

[2017-10-16 15:25:30] [ log ] 
 client: 
---------------------------------------------------------------
a:1:{s:6:"mobile";s:10:"1212121212";}

[2017-10-16 15:25:30] [ log ] 
 client: 
---------------------------------------------------------------
a:1:{s:6:"mobile";s:10:"1212121212";}

[2017-10-16 15:25:30] [ log ] 
 client: 
---------------------------------------------------------------
a:1:{s:6:"mobile";s:10:"1212121212";}

[2017-10-16 15:25:30] [ log ] 
 client: 
---------------------------------------------------------------
a:1:{s:6:"mobile";s:10:"1212121212";}

[2017-10-16 15:25:30] [ log ] 
 client: 
---------------------------------------------------------------
a:1:{s:6:"mobile";s:10:"1212121212";}

[2017-10-16 15:25:30] [ log ] 
 client: 
---------------------------------------------------------------
a:1:{s:6:"mobile";s:10:"1212121212";}

[2017-10-16 15:25:30] [ log ] localhost:81/index/
 client: 127.0.0.1
---------------------------------------------------------------
finish

[2017-10-16 15:27:02] [ log ] 
 client: 
---------------------------------------------------------------
a:1:{s:6:"mobile";s:10:"1212121212";}

[2017-10-16 15:27:02] [ log ] 
 client: 
---------------------------------------------------------------
a:1:{s:6:"mobile";s:10:"1212121212";}

[2017-10-16 15:27:02] [ log ] 
 client: 
---------------------------------------------------------------
a:1:{s:6:"mobile";s:10:"1212121212";}

[2017-10-16 15:27:02] [ log ] 
 client: 
---------------------------------------------------------------
a:1:{s:6:"mobile";s:10:"1212121212";}

[2017-10-16 15:27:02] [ log ] 
 client: 
---------------------------------------------------------------
a:1:{s:6:"mobile";s:10:"1212121212";}

[2017-10-16 15:27:02] [ log ] 
 client: 
---------------------------------------------------------------
a:1:{s:6:"mobile";s:10:"1212121212";}

[2017-10-16 15:27:02] [ log ] 
 client: 
---------------------------------------------------------------
a:1:{s:6:"mobile";s:10:"1212121212";}

[2017-10-16 15:27:02] [ log ] 
 client: 
---------------------------------------------------------------
a:1:{s:6:"mobile";s:10:"1212121212";}

[2017-10-16 15:27:02] [ log ] 
 client: 
---------------------------------------------------------------
a:1:{s:6:"mobile";s:10:"1212121212";}

[2017-10-16 15:27:02] [ log ] 
 client: 
---------------------------------------------------------------
a:1:{s:6:"mobile";s:10:"1212121212";}

[2017-10-16 15:27:02] [ log ] localhost:81/index/
 client: 127.0.0.1
---------------------------------------------------------------
finish

[2017-10-16 15:27:03] [ log ] 
 client: 
---------------------------------------------------------------
a:1:{s:6:"mobile";s:10:"1212121212";}

[2017-10-16 15:27:03] [ log ] 
 client: 
---------------------------------------------------------------
a:1:{s:6:"mobile";s:10:"1212121212";}

[2017-10-16 15:27:03] [ log ] 
 client: 
---------------------------------------------------------------
a:1:{s:6:"mobile";s:10:"1212121212";}

[2017-10-16 15:27:03] [ log ] 
 client: 
---------------------------------------------------------------
a:1:{s:6:"mobile";s:10:"1212121212";}

[2017-10-16 15:27:03] [ log ] 
 client: 
---------------------------------------------------------------
a:1:{s:6:"mobile";s:10:"1212121212";}

[2017-10-16 15:27:03] [ log ] 
 client: 
---------------------------------------------------------------
a:1:{s:6:"mobile";s:10:"1212121212";}

[2017-10-16 15:27:03] [ log ] 
 client: 
---------------------------------------------------------------
a:1:{s:6:"mobile";s:10:"1212121212";}

[2017-10-16 15:27:03] [ log ] 
 client: 
---------------------------------------------------------------
a:1:{s:6:"mobile";s:10:"1212121212";}

[2017-10-16 15:27:03] [ log ] 
 client: 
---------------------------------------------------------------
a:1:{s:6:"mobile";s:10:"1212121212";}

[2017-10-16 15:27:03] [ log ] 
 client: 
---------------------------------------------------------------
a:1:{s:6:"mobile";s:10:"1212121212";}

[2017-10-16 15:27:03] [ log ] localhost:81/index/
 client: 127.0.0.1
---------------------------------------------------------------
finish

[2017-10-16 15:27:03] [ log ] 
 client: 
---------------------------------------------------------------
a:1:{s:6:"mobile";s:10:"1212121212";}

[2017-10-16 15:27:03] [ log ] 
 client: 
---------------------------------------------------------------
a:1:{s:6:"mobile";s:10:"1212121212";}

[2017-10-16 15:27:03] [ log ] 
 client: 
---------------------------------------------------------------
a:1:{s:6:"mobile";s:10:"1212121212";}

[2017-10-16 15:27:03] [ log ] 
 client: 
---------------------------------------------------------------
a:1:{s:6:"mobile";s:10:"1212121212";}

[2017-10-16 15:27:03] [ log ] 
 client: 
---------------------------------------------------------------
a:1:{s:6:"mobile";s:10:"1212121212";}

[2017-10-16 15:27:03] [ log ] 
 client: 
---------------------------------------------------------------
a:1:{s:6:"mobile";s:10:"1212121212";}

[2017-10-16 15:27:03] [ log ] 
 client: 
---------------------------------------------------------------
a:1:{s:6:"mobile";s:10:"1212121212";}

[2017-10-16 15:27:03] [ log ] 
 client: 
---------------------------------------------------------------
a:1:{s:6:"mobile";s:10:"1212121212";}

[2017-10-16 15:27:03] [ log ] 
 client: 
---------------------------------------------------------------
a:1:{s:6:"mobile";s:10:"1212121212";}

[2017-10-16 15:27:03] [ log ] 
 client: 
---------------------------------------------------------------
a:1:{s:6:"mobile";s:10:"1212121212";}

[2017-10-16 15:27:03] [ log ] localhost:81/index/
 client: 127.0.0.1
---------------------------------------------------------------
finish

[2017-10-16 15:27:03] [ log ] 
 client: 
---------------------------------------------------------------
a:1:{s:6:"mobile";s:10:"1212121212";}

[2017-10-16 15:27:03] [ log ] 
 client: 
---------------------------------------------------------------
a:1:{s:6:"mobile";s:10:"1212121212";}

[2017-10-16 15:27:03] [ log ] 
 client: 
---------------------------------------------------------------
a:1:{s:6:"mobile";s:10:"1212121212";}

[2017-10-16 15:27:03] [ log ] 
 client: 
---------------------------------------------------------------
a:1:{s:6:"mobile";s:10:"1212121212";}

[2017-10-16 15:27:03] [ log ] 
 client: 
---------------------------------------------------------------
a:1:{s:6:"mobile";s:10:"1212121212";}

[2017-10-16 15:27:03] [ log ] 
 client: 
---------------------------------------------------------------
a:1:{s:6:"mobile";s:10:"1212121212";}

[2017-10-16 15:27:03] [ log ] 
 client: 
---------------------------------------------------------------
a:1:{s:6:"mobile";s:10:"1212121212";}

[2017-10-16 15:27:03] [ log ] 
 client: 
---------------------------------------------------------------
a:1:{s:6:"mobile";s:10:"1212121212";}

[2017-10-16 15:27:03] [ log ] 
 client: 
---------------------------------------------------------------
a:1:{s:6:"mobile";s:10:"1212121212";}

[2017-10-16 15:27:03] [ log ] 
 client: 
---------------------------------------------------------------
a:1:{s:6:"mobile";s:10:"1212121212";}

[2017-10-16 15:27:03] [ log ] localhost:81/index/
 client: 127.0.0.1
---------------------------------------------------------------
finish

[2017-10-16 15:27:03] [ log ] 
 client: 
---------------------------------------------------------------
a:1:{s:6:"mobile";s:10:"1212121212";}

[2017-10-16 15:27:03] [ log ] 
 client: 
---------------------------------------------------------------
a:1:{s:6:"mobile";s:10:"1212121212";}

[2017-10-16 15:27:03] [ log ] 
 client: 
---------------------------------------------------------------
a:1:{s:6:"mobile";s:10:"1212121212";}

[2017-10-16 15:27:03] [ log ] 
 client: 
---------------------------------------------------------------
a:1:{s:6:"mobile";s:10:"1212121212";}

[2017-10-16 15:27:03] [ log ] 
 client: 
---------------------------------------------------------------
a:1:{s:6:"mobile";s:10:"1212121212";}

[2017-10-16 15:27:03] [ log ] 
 client: 
---------------------------------------------------------------
a:1:{s:6:"mobile";s:10:"1212121212";}

[2017-10-16 15:27:03] [ log ] 
 client: 
---------------------------------------------------------------
a:1:{s:6:"mobile";s:10:"1212121212";}

[2017-10-16 15:27:03] [ log ] 
 client: 
---------------------------------------------------------------
a:1:{s:6:"mobile";s:10:"1212121212";}

[2017-10-16 15:27:03] [ log ] 
 client: 
---------------------------------------------------------------
a:1:{s:6:"mobile";s:10:"1212121212";}

[2017-10-16 15:27:03] [ log ] 
 client: 
---------------------------------------------------------------
a:1:{s:6:"mobile";s:10:"1212121212";}

[2017-10-16 15:27:03] [ log ] localhost:81/index/
 client: 127.0.0.1
---------------------------------------------------------------
finish

[2017-10-16 15:27:04] [ log ] 
 client: 
---------------------------------------------------------------
a:1:{s:6:"mobile";s:10:"1212121212";}

[2017-10-16 15:27:04] [ log ] 
 client: 
---------------------------------------------------------------
a:1:{s:6:"mobile";s:10:"1212121212";}

[2017-10-16 15:27:04] [ log ] 
 client: 
---------------------------------------------------------------
a:1:{s:6:"mobile";s:10:"1212121212";}

[2017-10-16 15:27:04] [ log ] 
 client: 
---------------------------------------------------------------
a:1:{s:6:"mobile";s:10:"1212121212";}

[2017-10-16 15:27:04] [ log ] 
 client: 
---------------------------------------------------------------
a:1:{s:6:"mobile";s:10:"1212121212";}

[2017-10-16 15:27:04] [ log ] 
 client: 
---------------------------------------------------------------
a:1:{s:6:"mobile";s:10:"1212121212";}

[2017-10-16 15:27:04] [ log ] 
 client: 
---------------------------------------------------------------
a:1:{s:6:"mobile";s:10:"1212121212";}

[2017-10-16 15:27:04] [ log ] 
 client: 
---------------------------------------------------------------
a:1:{s:6:"mobile";s:10:"1212121212";}

[2017-10-16 15:27:04] [ log ] 
 client: 
---------------------------------------------------------------
a:1:{s:6:"mobile";s:10:"1212121212";}

[2017-10-16 15:27:04] [ log ] 
 client: 
---------------------------------------------------------------
a:1:{s:6:"mobile";s:10:"1212121212";}

[2017-10-16 15:27:04] [ log ] localhost:81/index/
 client: 127.0.0.1
---------------------------------------------------------------
finish

[2017-10-16 15:27:04] [ log ] 
 client: 
---------------------------------------------------------------
a:1:{s:6:"mobile";s:10:"1212121212";}

[2017-10-16 15:27:04] [ log ] 
 client: 
---------------------------------------------------------------
a:1:{s:6:"mobile";s:10:"1212121212";}

[2017-10-16 15:27:04] [ log ] 
 client: 
---------------------------------------------------------------
a:1:{s:6:"mobile";s:10:"1212121212";}

[2017-10-16 15:27:04] [ log ] 
 client: 
---------------------------------------------------------------
a:1:{s:6:"mobile";s:10:"1212121212";}

[2017-10-16 15:27:04] [ log ] 
 client: 
---------------------------------------------------------------
a:1:{s:6:"mobile";s:10:"1212121212";}

[2017-10-16 15:27:04] [ log ] 
 client: 
---------------------------------------------------------------
a:1:{s:6:"mobile";s:10:"1212121212";}

[2017-10-16 15:27:04] [ log ] 
 client: 
---------------------------------------------------------------
a:1:{s:6:"mobile";s:10:"1212121212";}

[2017-10-16 15:27:04] [ log ] 
 client: 
---------------------------------------------------------------
a:1:{s:6:"mobile";s:10:"1212121212";}

[2017-10-16 15:27:04] [ log ] 
 client: 
---------------------------------------------------------------
a:1:{s:6:"mobile";s:10:"1212121212";}

[2017-10-16 15:27:04] [ log ] 
 client: 
---------------------------------------------------------------
a:1:{s:6:"mobile";s:10:"1212121212";}

[2017-10-16 15:27:04] [ log ] localhost:81/index/
 client: 127.0.0.1
---------------------------------------------------------------
finish

[2017-10-16 15:27:04] [ log ] 
 client: 
---------------------------------------------------------------
a:1:{s:6:"mobile";s:10:"1212121212";}

[2017-10-16 15:27:04] [ log ] 
 client: 
---------------------------------------------------------------
a:1:{s:6:"mobile";s:10:"1212121212";}

[2017-10-16 15:27:04] [ log ] 
 client: 
---------------------------------------------------------------
a:1:{s:6:"mobile";s:10:"1212121212";}

[2017-10-16 15:27:04] [ log ] 
 client: 
---------------------------------------------------------------
a:1:{s:6:"mobile";s:10:"1212121212";}

[2017-10-16 15:27:04] [ log ] 
 client: 
---------------------------------------------------------------
a:1:{s:6:"mobile";s:10:"1212121212";}

[2017-10-16 15:27:04] [ log ] 
 client: 
---------------------------------------------------------------
a:1:{s:6:"mobile";s:10:"1212121212";}

[2017-10-16 15:27:04] [ log ] 
 client: 
---------------------------------------------------------------
a:1:{s:6:"mobile";s:10:"1212121212";}

[2017-10-16 15:27:04] [ log ] 
 client: 
---------------------------------------------------------------
a:1:{s:6:"mobile";s:10:"1212121212";}

[2017-10-16 15:27:04] [ log ] 
 client: 
---------------------------------------------------------------
a:1:{s:6:"mobile";s:10:"1212121212";}

[2017-10-16 15:27:04] [ log ] 
 client: 
---------------------------------------------------------------
a:1:{s:6:"mobile";s:10:"1212121212";}

[2017-10-16 15:27:04] [ log ] localhost:81/index/
 client: 127.0.0.1
---------------------------------------------------------------
finish

[2017-10-16 15:27:04] [ log ] 
 client: 
---------------------------------------------------------------
a:1:{s:6:"mobile";s:10:"1212121212";}

[2017-10-16 15:27:04] [ log ] 
 client: 
---------------------------------------------------------------
a:1:{s:6:"mobile";s:10:"1212121212";}

[2017-10-16 15:27:04] [ log ] 
 client: 
---------------------------------------------------------------
a:1:{s:6:"mobile";s:10:"1212121212";}

[2017-10-16 15:27:04] [ log ] 
 client: 
---------------------------------------------------------------
a:1:{s:6:"mobile";s:10:"1212121212";}

[2017-10-16 15:27:04] [ log ] 
 client: 
---------------------------------------------------------------
a:1:{s:6:"mobile";s:10:"1212121212";}

[2017-10-16 15:27:04] [ log ] 
 client: 
---------------------------------------------------------------
a:1:{s:6:"mobile";s:10:"1212121212";}

[2017-10-16 15:27:04] [ log ] 
 client: 
---------------------------------------------------------------
a:1:{s:6:"mobile";s:10:"1212121212";}

[2017-10-16 15:27:04] [ log ] 
 client: 
---------------------------------------------------------------
a:1:{s:6:"mobile";s:10:"1212121212";}

[2017-10-16 15:27:04] [ log ] 
 client: 
---------------------------------------------------------------
a:1:{s:6:"mobile";s:10:"1212121212";}

[2017-10-16 15:27:04] [ log ] 
 client: 
---------------------------------------------------------------
a:1:{s:6:"mobile";s:10:"1212121212";}

[2017-10-16 15:27:04] [ log ] localhost:81/index/
 client: 127.0.0.1
---------------------------------------------------------------
finish

[2017-10-16 15:27:05] [ log ] 
 client: 
---------------------------------------------------------------
a:1:{s:6:"mobile";s:10:"1212121212";}

[2017-10-16 15:27:05] [ log ] 
 client: 
---------------------------------------------------------------
a:1:{s:6:"mobile";s:10:"1212121212";}

[2017-10-16 15:27:05] [ log ] 
 client: 
---------------------------------------------------------------
a:1:{s:6:"mobile";s:10:"1212121212";}

[2017-10-16 15:27:05] [ log ] 
 client: 
---------------------------------------------------------------
a:1:{s:6:"mobile";s:10:"1212121212";}

[2017-10-16 15:27:05] [ log ] 
 client: 
---------------------------------------------------------------
a:1:{s:6:"mobile";s:10:"1212121212";}

[2017-10-16 15:27:05] [ log ] 
 client: 
---------------------------------------------------------------
a:1:{s:6:"mobile";s:10:"1212121212";}

[2017-10-16 15:27:05] [ log ] 
 client: 
---------------------------------------------------------------
a:1:{s:6:"mobile";s:10:"1212121212";}

[2017-10-16 15:27:05] [ log ] 
 client: 
---------------------------------------------------------------
a:1:{s:6:"mobile";s:10:"1212121212";}

[2017-10-16 15:27:05] [ log ] 
 client: 
---------------------------------------------------------------
a:1:{s:6:"mobile";s:10:"1212121212";}

[2017-10-16 15:27:05] [ log ] 
 client: 
---------------------------------------------------------------
a:1:{s:6:"mobile";s:10:"1212121212";}

[2017-10-16 15:27:05] [ log ] localhost:81/index/
 client: 127.0.0.1
---------------------------------------------------------------
finish

[2017-10-16 15:27:05] [ log ] 
 client: 
---------------------------------------------------------------
a:1:{s:6:"mobile";s:10:"1212121212";}

[2017-10-16 15:27:05] [ log ] 
 client: 
---------------------------------------------------------------
a:1:{s:6:"mobile";s:10:"1212121212";}

[2017-10-16 15:27:05] [ log ] 
 client: 
---------------------------------------------------------------
a:1:{s:6:"mobile";s:10:"1212121212";}

[2017-10-16 15:27:05] [ log ] 
 client: 
---------------------------------------------------------------
a:1:{s:6:"mobile";s:10:"1212121212";}

[2017-10-16 15:27:05] [ log ] 
 client: 
---------------------------------------------------------------
a:1:{s:6:"mobile";s:10:"1212121212";}

[2017-10-16 15:27:05] [ log ] 
 client: 
---------------------------------------------------------------
a:1:{s:6:"mobile";s:10:"1212121212";}

[2017-10-16 15:27:05] [ log ] 
 client: 
---------------------------------------------------------------
a:1:{s:6:"mobile";s:10:"1212121212";}

[2017-10-16 15:27:05] [ log ] 
 client: 
---------------------------------------------------------------
a:1:{s:6:"mobile";s:10:"1212121212";}

[2017-10-16 15:27:05] [ log ] 
 client: 
---------------------------------------------------------------
a:1:{s:6:"mobile";s:10:"1212121212";}

[2017-10-16 15:27:05] [ log ] 
 client: 
---------------------------------------------------------------
a:1:{s:6:"mobile";s:10:"1212121212";}

[2017-10-16 15:27:05] [ log ] localhost:81/index/
 client: 127.0.0.1
---------------------------------------------------------------
finish

[2017-10-16 15:27:05] [ log ] 
 client: 
---------------------------------------------------------------
a:1:{s:6:"mobile";s:10:"1212121212";}

[2017-10-16 15:27:05] [ log ] 
 client: 
---------------------------------------------------------------
a:1:{s:6:"mobile";s:10:"1212121212";}

[2017-10-16 15:27:05] [ log ] 
 client: 
---------------------------------------------------------------
a:1:{s:6:"mobile";s:10:"1212121212";}

[2017-10-16 15:27:05] [ log ] 
 client: 
---------------------------------------------------------------
a:1:{s:6:"mobile";s:10:"1212121212";}

[2017-10-16 15:27:05] [ log ] 
 client: 
---------------------------------------------------------------
a:1:{s:6:"mobile";s:10:"1212121212";}

[2017-10-16 15:27:05] [ log ] 
 client: 
---------------------------------------------------------------
a:1:{s:6:"mobile";s:10:"1212121212";}

[2017-10-16 15:27:05] [ log ] 
 client: 
---------------------------------------------------------------
a:1:{s:6:"mobile";s:10:"1212121212";}

[2017-10-16 15:27:05] [ log ] 
 client: 
---------------------------------------------------------------
a:1:{s:6:"mobile";s:10:"1212121212";}

[2017-10-16 15:27:05] [ log ] 
 client: 
---------------------------------------------------------------
a:1:{s:6:"mobile";s:10:"1212121212";}

[2017-10-16 15:27:05] [ log ] 
 client: 
---------------------------------------------------------------
a:1:{s:6:"mobile";s:10:"1212121212";}

[2017-10-16 15:27:05] [ log ] localhost:81/index/
 client: 127.0.0.1
---------------------------------------------------------------
finish

[2017-10-16 15:27:05] [ log ] 
 client: 
---------------------------------------------------------------
a:1:{s:6:"mobile";s:10:"1212121212";}

[2017-10-16 15:27:05] [ log ] 
 client: 
---------------------------------------------------------------
a:1:{s:6:"mobile";s:10:"1212121212";}

[2017-10-16 15:27:05] [ log ] 
 client: 
---------------------------------------------------------------
a:1:{s:6:"mobile";s:10:"1212121212";}

[2017-10-16 15:27:05] [ log ] 
 client: 
---------------------------------------------------------------
a:1:{s:6:"mobile";s:10:"1212121212";}

[2017-10-16 15:27:05] [ log ] 
 client: 
---------------------------------------------------------------
a:1:{s:6:"mobile";s:10:"1212121212";}

[2017-10-16 15:27:05] [ log ] 
 client: 
---------------------------------------------------------------
a:1:{s:6:"mobile";s:10:"1212121212";}

[2017-10-16 15:27:05] [ log ] 
 client: 
---------------------------------------------------------------
a:1:{s:6:"mobile";s:10:"1212121212";}

[2017-10-16 15:27:05] [ log ] 
 client: 
---------------------------------------------------------------
a:1:{s:6:"mobile";s:10:"1212121212";}

[2017-10-16 15:27:05] [ log ] 
 client: 
---------------------------------------------------------------
a:1:{s:6:"mobile";s:10:"1212121212";}

[2017-10-16 15:27:05] [ log ] 
 client: 
---------------------------------------------------------------
a:1:{s:6:"mobile";s:10:"1212121212";}

[2017-10-16 15:27:05] [ log ] localhost:81/index/
 client: 127.0.0.1
---------------------------------------------------------------
finish

[2017-10-16 15:27:05] [ log ] 
 client: 
---------------------------------------------------------------
a:1:{s:6:"mobile";s:10:"1212121212";}

[2017-10-16 15:27:05] [ log ] 
 client: 
---------------------------------------------------------------
a:1:{s:6:"mobile";s:10:"1212121212";}

[2017-10-16 15:27:05] [ log ] 
 client: 
---------------------------------------------------------------
a:1:{s:6:"mobile";s:10:"1212121212";}

[2017-10-16 15:27:05] [ log ] 
 client: 
---------------------------------------------------------------
a:1:{s:6:"mobile";s:10:"1212121212";}

[2017-10-16 15:27:05] [ log ] 
 client: 
---------------------------------------------------------------
a:1:{s:6:"mobile";s:10:"1212121212";}

[2017-10-16 15:27:05] [ log ] 
 client: 
---------------------------------------------------------------
a:1:{s:6:"mobile";s:10:"1212121212";}

[2017-10-16 15:27:05] [ log ] 
 client: 
---------------------------------------------------------------
a:1:{s:6:"mobile";s:10:"1212121212";}

[2017-10-16 15:27:05] [ log ] 
 client: 
---------------------------------------------------------------
a:1:{s:6:"mobile";s:10:"1212121212";}

[2017-10-16 15:27:05] [ log ] 
 client: 
---------------------------------------------------------------
a:1:{s:6:"mobile";s:10:"1212121212";}

[2017-10-16 15:27:05] [ log ] 
 client: 
---------------------------------------------------------------
a:1:{s:6:"mobile";s:10:"1212121212";}

[2017-10-16 15:27:05] [ log ] localhost:81/index/
 client: 127.0.0.1
---------------------------------------------------------------
finish

[2017-10-16 15:27:06] [ log ] 
 client: 
---------------------------------------------------------------
a:1:{s:6:"mobile";s:10:"1212121212";}

[2017-10-16 15:27:06] [ log ] 
 client: 
---------------------------------------------------------------
a:1:{s:6:"mobile";s:10:"1212121212";}

[2017-10-16 15:27:06] [ log ] 
 client: 
---------------------------------------------------------------
a:1:{s:6:"mobile";s:10:"1212121212";}

[2017-10-16 15:27:06] [ log ] 
 client: 
---------------------------------------------------------------
a:1:{s:6:"mobile";s:10:"1212121212";}

[2017-10-16 15:27:06] [ log ] 
 client: 
---------------------------------------------------------------
a:1:{s:6:"mobile";s:10:"1212121212";}

[2017-10-16 15:27:06] [ log ] 
 client: 
---------------------------------------------------------------
a:1:{s:6:"mobile";s:10:"1212121212";}

[2017-10-16 15:27:06] [ log ] 
 client: 
---------------------------------------------------------------
a:1:{s:6:"mobile";s:10:"1212121212";}

[2017-10-16 15:27:06] [ log ] 
 client: 
---------------------------------------------------------------
a:1:{s:6:"mobile";s:10:"1212121212";}

[2017-10-16 15:27:06] [ log ] 
 client: 
---------------------------------------------------------------
a:1:{s:6:"mobile";s:10:"1212121212";}

[2017-10-16 15:27:06] [ log ] 
 client: 
---------------------------------------------------------------
a:1:{s:6:"mobile";s:10:"1212121212";}

[2017-10-16 15:27:06] [ log ] localhost:81/index/
 client: 127.0.0.1
---------------------------------------------------------------
finish

[2017-10-16 15:27:06] [ log ] 
 client: 
---------------------------------------------------------------
a:1:{s:6:"mobile";s:10:"1212121212";}

[2017-10-16 15:27:06] [ log ] 
 client: 
---------------------------------------------------------------
a:1:{s:6:"mobile";s:10:"1212121212";}

[2017-10-16 15:27:06] [ log ] 
 client: 
---------------------------------------------------------------
a:1:{s:6:"mobile";s:10:"1212121212";}

[2017-10-16 15:27:06] [ log ] 
 client: 
---------------------------------------------------------------
a:1:{s:6:"mobile";s:10:"1212121212";}

[2017-10-16 15:27:06] [ log ] 
 client: 
---------------------------------------------------------------
a:1:{s:6:"mobile";s:10:"1212121212";}

[2017-10-16 15:27:06] [ log ] 
 client: 
---------------------------------------------------------------
a:1:{s:6:"mobile";s:10:"1212121212";}

[2017-10-16 15:27:06] [ log ] 
 client: 
---------------------------------------------------------------
a:1:{s:6:"mobile";s:10:"1212121212";}

[2017-10-16 15:27:06] [ log ] 
 client: 
---------------------------------------------------------------
a:1:{s:6:"mobile";s:10:"1212121212";}

[2017-10-16 15:27:06] [ log ] 
 client: 
---------------------------------------------------------------
a:1:{s:6:"mobile";s:10:"1212121212";}

[2017-10-16 15:27:06] [ log ] 
 client: 
---------------------------------------------------------------
a:1:{s:6:"mobile";s:10:"1212121212";}

[2017-10-16 15:27:06] [ log ] localhost:81/index/
 client: 127.0.0.1
---------------------------------------------------------------
finish

[2017-10-16 15:27:06] [ log ] 
 client: 
---------------------------------------------------------------
a:1:{s:6:"mobile";s:10:"1212121212";}

[2017-10-16 15:27:06] [ log ] 
 client: 
---------------------------------------------------------------
a:1:{s:6:"mobile";s:10:"1212121212";}

[2017-10-16 15:27:06] [ log ] 
 client: 
---------------------------------------------------------------
a:1:{s:6:"mobile";s:10:"1212121212";}

[2017-10-16 15:27:06] [ log ] 
 client: 
---------------------------------------------------------------
a:1:{s:6:"mobile";s:10:"1212121212";}

[2017-10-16 15:27:06] [ log ] 
 client: 
---------------------------------------------------------------
a:1:{s:6:"mobile";s:10:"1212121212";}

[2017-10-16 15:27:06] [ log ] 
 client: 
---------------------------------------------------------------
a:1:{s:6:"mobile";s:10:"1212121212";}

[2017-10-16 15:27:06] [ log ] 
 client: 
---------------------------------------------------------------
a:1:{s:6:"mobile";s:10:"1212121212";}

[2017-10-16 15:27:06] [ log ] 
 client: 
---------------------------------------------------------------
a:1:{s:6:"mobile";s:10:"1212121212";}

[2017-10-16 15:27:06] [ log ] 
 client: 
---------------------------------------------------------------
a:1:{s:6:"mobile";s:10:"1212121212";}

[2017-10-16 15:27:06] [ log ] 
 client: 
---------------------------------------------------------------
a:1:{s:6:"mobile";s:10:"1212121212";}

[2017-10-16 15:27:06] [ log ] localhost:81/index/
 client: 127.0.0.1
---------------------------------------------------------------
finish

[2017-10-16 15:27:06] [ log ] 
 client: 
---------------------------------------------------------------
a:1:{s:6:"mobile";s:10:"1212121212";}

[2017-10-16 15:27:06] [ log ] 
 client: 
---------------------------------------------------------------
a:1:{s:6:"mobile";s:10:"1212121212";}

[2017-10-16 15:27:06] [ log ] 
 client: 
---------------------------------------------------------------
a:1:{s:6:"mobile";s:10:"1212121212";}

[2017-10-16 15:27:06] [ log ] 
 client: 
---------------------------------------------------------------
a:1:{s:6:"mobile";s:10:"1212121212";}

[2017-10-16 15:27:06] [ log ] 
 client: 
---------------------------------------------------------------
a:1:{s:6:"mobile";s:10:"1212121212";}

[2017-10-16 15:27:06] [ log ] 
 client: 
---------------------------------------------------------------
a:1:{s:6:"mobile";s:10:"1212121212";}

[2017-10-16 15:27:06] [ log ] 
 client: 
---------------------------------------------------------------
a:1:{s:6:"mobile";s:10:"1212121212";}

[2017-10-16 15:27:06] [ log ] 
 client: 
---------------------------------------------------------------
a:1:{s:6:"mobile";s:10:"1212121212";}

[2017-10-16 15:27:06] [ log ] 
 client: 
---------------------------------------------------------------
a:1:{s:6:"mobile";s:10:"1212121212";}

[2017-10-16 15:27:06] [ log ] 
 client: 
---------------------------------------------------------------
a:1:{s:6:"mobile";s:10:"1212121212";}

[2017-10-16 15:27:06] [ log ] localhost:81/index/
 client: 127.0.0.1
---------------------------------------------------------------
finish

[2017-10-16 15:27:06] [ log ] 
 client: 
---------------------------------------------------------------
a:1:{s:6:"mobile";s:10:"1212121212";}

[2017-10-16 15:27:06] [ log ] 
 client: 
---------------------------------------------------------------
a:1:{s:6:"mobile";s:10:"1212121212";}

[2017-10-16 15:27:06] [ log ] 
 client: 
---------------------------------------------------------------
a:1:{s:6:"mobile";s:10:"1212121212";}

[2017-10-16 15:27:06] [ log ] 
 client: 
---------------------------------------------------------------
a:1:{s:6:"mobile";s:10:"1212121212";}

[2017-10-16 15:27:06] [ log ] 
 client: 
---------------------------------------------------------------
a:1:{s:6:"mobile";s:10:"1212121212";}

[2017-10-16 15:27:06] [ log ] 
 client: 
---------------------------------------------------------------
a:1:{s:6:"mobile";s:10:"1212121212";}

[2017-10-16 15:27:06] [ log ] 
 client: 
---------------------------------------------------------------
a:1:{s:6:"mobile";s:10:"1212121212";}

[2017-10-16 15:27:06] [ log ] 
 client: 
---------------------------------------------------------------
a:1:{s:6:"mobile";s:10:"1212121212";}

[2017-10-16 15:27:06] [ log ] 
 client: 
---------------------------------------------------------------
a:1:{s:6:"mobile";s:10:"1212121212";}

[2017-10-16 15:27:06] [ log ] 
 client: 
---------------------------------------------------------------
a:1:{s:6:"mobile";s:10:"1212121212";}

[2017-10-16 15:27:06] [ log ] localhost:81/index/
 client: 127.0.0.1
---------------------------------------------------------------
finish

[2017-10-16 15:27:07] [ log ] 
 client: 
---------------------------------------------------------------
a:1:{s:6:"mobile";s:10:"1212121212";}

[2017-10-16 15:27:07] [ log ] 
 client: 
---------------------------------------------------------------
a:1:{s:6:"mobile";s:10:"1212121212";}

[2017-10-16 15:27:07] [ log ] 
 client: 
---------------------------------------------------------------
a:1:{s:6:"mobile";s:10:"1212121212";}

[2017-10-16 15:27:07] [ log ] 
 client: 
---------------------------------------------------------------
a:1:{s:6:"mobile";s:10:"1212121212";}

[2017-10-16 15:27:07] [ log ] 
 client: 
---------------------------------------------------------------
a:1:{s:6:"mobile";s:10:"1212121212";}

[2017-10-16 15:27:07] [ log ] 
 client: 
---------------------------------------------------------------
a:1:{s:6:"mobile";s:10:"1212121212";}

[2017-10-16 15:27:07] [ log ] 
 client: 
---------------------------------------------------------------
a:1:{s:6:"mobile";s:10:"1212121212";}

[2017-10-16 15:27:07] [ log ] 
 client: 
---------------------------------------------------------------
a:1:{s:6:"mobile";s:10:"1212121212";}

[2017-10-16 15:27:07] [ log ] 
 client: 
---------------------------------------------------------------
a:1:{s:6:"mobile";s:10:"1212121212";}

[2017-10-16 15:27:07] [ log ] 
 client: 
---------------------------------------------------------------
a:1:{s:6:"mobile";s:10:"1212121212";}

[2017-10-16 15:27:07] [ log ] localhost:81/index/
 client: 127.0.0.1
---------------------------------------------------------------
finish

[2017-10-16 15:27:07] [ log ] 
 client: 
---------------------------------------------------------------
a:1:{s:6:"mobile";s:10:"1212121212";}

[2017-10-16 15:27:07] [ log ] 
 client: 
---------------------------------------------------------------
a:1:{s:6:"mobile";s:10:"1212121212";}

[2017-10-16 15:27:07] [ log ] 
 client: 
---------------------------------------------------------------
a:1:{s:6:"mobile";s:10:"1212121212";}

[2017-10-16 15:27:07] [ log ] 
 client: 
---------------------------------------------------------------
a:1:{s:6:"mobile";s:10:"1212121212";}

[2017-10-16 15:27:07] [ log ] 
 client: 
---------------------------------------------------------------
a:1:{s:6:"mobile";s:10:"1212121212";}

[2017-10-16 15:27:07] [ log ] 
 client: 
---------------------------------------------------------------
a:1:{s:6:"mobile";s:10:"1212121212";}

[2017-10-16 15:27:07] [ log ] 
 client: 
---------------------------------------------------------------
a:1:{s:6:"mobile";s:10:"1212121212";}

[2017-10-16 15:27:07] [ log ] 
 client: 
---------------------------------------------------------------
a:1:{s:6:"mobile";s:10:"1212121212";}

[2017-10-16 15:27:07] [ log ] 
 client: 
---------------------------------------------------------------
a:1:{s:6:"mobile";s:10:"1212121212";}

[2017-10-16 15:27:07] [ log ] 
 client: 
---------------------------------------------------------------
a:1:{s:6:"mobile";s:10:"1212121212";}

[2017-10-16 15:27:07] [ log ] localhost:81/index/
 client: 127.0.0.1
---------------------------------------------------------------
finish

[2017-10-16 15:27:07] [ log ] 
 client: 
---------------------------------------------------------------
a:1:{s:6:"mobile";s:10:"1212121212";}

[2017-10-16 15:27:07] [ log ] 
 client: 
---------------------------------------------------------------
a:1:{s:6:"mobile";s:10:"1212121212";}

[2017-10-16 15:27:07] [ log ] 
 client: 
---------------------------------------------------------------
a:1:{s:6:"mobile";s:10:"1212121212";}

[2017-10-16 15:27:07] [ log ] 
 client: 
---------------------------------------------------------------
a:1:{s:6:"mobile";s:10:"1212121212";}

[2017-10-16 15:27:07] [ log ] 
 client: 
---------------------------------------------------------------
a:1:{s:6:"mobile";s:10:"1212121212";}

[2017-10-16 15:27:07] [ log ] 
 client: 
---------------------------------------------------------------
a:1:{s:6:"mobile";s:10:"1212121212";}

[2017-10-16 15:27:07] [ log ] 
 client: 
---------------------------------------------------------------
a:1:{s:6:"mobile";s:10:"1212121212";}

[2017-10-16 15:27:07] [ log ] 
 client: 
---------------------------------------------------------------
a:1:{s:6:"mobile";s:10:"1212121212";}

[2017-10-16 15:27:07] [ log ] 
 client: 
---------------------------------------------------------------
a:1:{s:6:"mobile";s:10:"1212121212";}

[2017-10-16 15:27:07] [ log ] 
 client: 
---------------------------------------------------------------
a:1:{s:6:"mobile";s:10:"1212121212";}

[2017-10-16 15:27:07] [ log ] localhost:81/index/
 client: 127.0.0.1
---------------------------------------------------------------
finish

