[2017-10-15 10:03:13] [ log ] 
 client: 
---------------------------------------------------------------
 msg : not support: swoole 
 file : C:\web\php\www\easy-framework-swoole\framework\server\Server.php 
 line : 19 
 code : 500 
 trace : #0 C:\web\php\www\easy-framework-swoole\framework\web\Application.php(41): framework\server\Server->start()
#1 C:\web\php\www\easy-framework-swoole\framework\framework.php(31): framework\web\Application::run(Array)
#2 C:\web\php\www\easy-framework-swoole\index.php(8): require('C:\\web\\php\\www\\...')
#3 {main}

[2017-10-15 10:03:21] [ log ] 
 client: 
---------------------------------------------------------------
 msg : not support: swoole 
 file : C:\web\php\www\easy-framework-swoole\framework\server\Server.php 
 line : 19 
 code : 500 
 trace : #0 C:\web\php\www\easy-framework-swoole\framework\web\Application.php(41): framework\server\Server->start()
#1 C:\web\php\www\easy-framework-swoole\framework\framework.php(31): framework\web\Application::run(Array)
#2 C:\web\php\www\easy-framework-swoole\index.php(8): require('C:\\web\\php\\www\\...')
#3 {main}

[2017-10-15 10:03:22] [ log ] 
 client: 
---------------------------------------------------------------
 msg : not support: swoole 
 file : C:\web\php\www\easy-framework-swoole\framework\server\Server.php 
 line : 19 
 code : 500 
 trace : #0 C:\web\php\www\easy-framework-swoole\framework\web\Application.php(41): framework\server\Server->start()
#1 C:\web\php\www\easy-framework-swoole\framework\framework.php(31): framework\web\Application::run(Array)
#2 C:\web\php\www\easy-framework-swoole\index.php(8): require('C:\\web\\php\\www\\...')
#3 {main}

[2017-10-15 10:03:52] [ log ] 
 client: 
---------------------------------------------------------------
 msg : not support: swoole 
 file : C:\web\php\www\easy-framework-swoole\framework\server\Server.php 
 line : 19 
 code : 500 
 trace : #0 C:\web\php\www\easy-framework-swoole\framework\web\Application.php(41): framework\server\Server->start()
#1 C:\web\php\www\easy-framework-swoole\framework\framework.php(31): framework\web\Application::run(Array)
#2 C:\web\php\www\easy-framework-swoole\index.php(8): require('C:\\web\\php\\www\\...')
#3 {main}

[2017-10-15 10:03:52] [ log ] 
 client: 
---------------------------------------------------------------
 msg : not support: swoole 
 file : C:\web\php\www\easy-framework-swoole\framework\server\Server.php 
 line : 19 
 code : 500 
 trace : #0 C:\web\php\www\easy-framework-swoole\framework\web\Application.php(41): framework\server\Server->start()
#1 C:\web\php\www\easy-framework-swoole\framework\framework.php(31): framework\web\Application::run(Array)
#2 C:\web\php\www\easy-framework-swoole\index.php(8): require('C:\\web\\php\\www\\...')
#3 {main}

[2017-10-15 10:03:52] [ log ] 
 client: 
---------------------------------------------------------------
 msg : not support: swoole 
 file : C:\web\php\www\easy-framework-swoole\framework\server\Server.php 
 line : 19 
 code : 500 
 trace : #0 C:\web\php\www\easy-framework-swoole\framework\web\Application.php(41): framework\server\Server->start()
#1 C:\web\php\www\easy-framework-swoole\framework\framework.php(31): framework\web\Application::run(Array)
#2 C:\web\php\www\easy-framework-swoole\index.php(8): require('C:\\web\\php\\www\\...')
#3 {main}

[2017-10-15 10:03:53] [ log ] 
 client: 
---------------------------------------------------------------
 msg : not support: swoole 
 file : C:\web\php\www\easy-framework-swoole\framework\server\Server.php 
 line : 19 
 code : 500 
 trace : #0 C:\web\php\www\easy-framework-swoole\framework\web\Application.php(41): framework\server\Server->start()
#1 C:\web\php\www\easy-framework-swoole\framework\framework.php(31): framework\web\Application::run(Array)
#2 C:\web\php\www\easy-framework-swoole\index.php(8): require('C:\\web\\php\\www\\...')
#3 {main}

[2017-10-15 10:03:53] [ log ] 
 client: 
---------------------------------------------------------------
 msg : not support: swoole 
 file : C:\web\php\www\easy-framework-swoole\framework\server\Server.php 
 line : 19 
 code : 500 
 trace : #0 C:\web\php\www\easy-framework-swoole\framework\web\Application.php(41): framework\server\Server->start()
#1 C:\web\php\www\easy-framework-swoole\framework\framework.php(31): framework\web\Application::run(Array)
#2 C:\web\php\www\easy-framework-swoole\index.php(8): require('C:\\web\\php\\www\\...')
#3 {main}

[2017-10-15 10:03:53] [ log ] 
 client: 
---------------------------------------------------------------
 msg : not support: swoole 
 file : C:\web\php\www\easy-framework-swoole\framework\server\Server.php 
 line : 19 
 code : 500 
 trace : #0 C:\web\php\www\easy-framework-swoole\framework\web\Application.php(41): framework\server\Server->start()
#1 C:\web\php\www\easy-framework-swoole\framework\framework.php(31): framework\web\Application::run(Array)
#2 C:\web\php\www\easy-framework-swoole\index.php(8): require('C:\\web\\php\\www\\...')
#3 {main}

[2017-10-15 10:03:53] [ log ] 
 client: 
---------------------------------------------------------------
 msg : not support: swoole 
 file : C:\web\php\www\easy-framework-swoole\framework\server\Server.php 
 line : 19 
 code : 500 
 trace : #0 C:\web\php\www\easy-framework-swoole\framework\web\Application.php(41): framework\server\Server->start()
#1 C:\web\php\www\easy-framework-swoole\framework\framework.php(31): framework\web\Application::run(Array)
#2 C:\web\php\www\easy-framework-swoole\index.php(8): require('C:\\web\\php\\www\\...')
#3 {main}

[2017-10-15 10:03:53] [ log ] 
 client: 
---------------------------------------------------------------
 msg : not support: swoole 
 file : C:\web\php\www\easy-framework-swoole\framework\server\Server.php 
 line : 19 
 code : 500 
 trace : #0 C:\web\php\www\easy-framework-swoole\framework\web\Application.php(41): framework\server\Server->start()
#1 C:\web\php\www\easy-framework-swoole\framework\framework.php(31): framework\web\Application::run(Array)
#2 C:\web\php\www\easy-framework-swoole\index.php(8): require('C:\\web\\php\\www\\...')
#3 {main}

[2017-10-15 10:03:53] [ log ] 
 client: 
---------------------------------------------------------------
 msg : not support: swoole 
 file : C:\web\php\www\easy-framework-swoole\framework\server\Server.php 
 line : 19 
 code : 500 
 trace : #0 C:\web\php\www\easy-framework-swoole\framework\web\Application.php(41): framework\server\Server->start()
#1 C:\web\php\www\easy-framework-swoole\framework\framework.php(31): framework\web\Application::run(Array)
#2 C:\web\php\www\easy-framework-swoole\index.php(8): require('C:\\web\\php\\www\\...')
#3 {main}

[2017-10-15 10:03:54] [ log ] 
 client: 
---------------------------------------------------------------
 msg : not support: swoole 
 file : C:\web\php\www\easy-framework-swoole\framework\server\Server.php 
 line : 19 
 code : 500 
 trace : #0 C:\web\php\www\easy-framework-swoole\framework\web\Application.php(41): framework\server\Server->start()
#1 C:\web\php\www\easy-framework-swoole\framework\framework.php(31): framework\web\Application::run(Array)
#2 C:\web\php\www\easy-framework-swoole\index.php(8): require('C:\\web\\php\\www\\...')
#3 {main}

[2017-10-15 10:30:18] [ log ] localhost:81/index/img
 client: 127.0.0.1
---------------------------------------------------------------
 msg : ob_end_flush(): failed to delete and flush buffer. No buffer to delete or flush at  file: /var/www/php/easy-framework-swoole/framework/components/captcha/Captcha.php, on line: 84 
 file : /var/www/php/easy-framework-swoole/framework/components/error/Error.php 
 line : 9 
 code : 8 
 trace : #0 [internal function]: framework\components\error\Error->handleError(8, 'ob_end_flush():...', '/var/www/php/ea...', 84, Array)
#1 /var/www/php/easy-framework-swoole/framework/components/captcha/Captcha.php(84): ob_end_flush()
#2 /var/www/php/easy-framework-swoole/application/controller/Index.php(67): framework\components\captcha\Captcha->send()
#3 /var/www/php/easy-framework-swoole/framework/components/dispatcher/Dispatcher.php(41): application\controller\Index->imgAction()
#4 /var/www/php/easy-framework-swoole/framework/server/WebSocketServer.php(110): framework\components\dispatcher\Dispatcher->run(Array)
#5 [internal function]: framework\server\WebSocketServer->framework\server\{closure}(Object(swoole_http_request), Object(swoole_http_response))
#6 /var/www/php/easy-framework-swoole/framework/server/BaseServer.php(54): swoole_http_server->start()
#7 /var/www/php/easy-framework-swoole/framework/server/Server.php(36): framework\server\BaseServer->start()
#8 /var/www/php/easy-framework-swoole/framework/web/Application.php(46): framework\server\Server->start()
#9 /var/www/php/easy-framework-swoole/framework/framework.php(31): framework\web\Application::run(Array)
#10 /var/www/php/easy-framework-swoole/index.php(8): require('/var/www/php/ea...')
#11 {main}

[2017-10-15 10:30:47] [ log ] localhost:81/index/img
 client: 127.0.0.1
---------------------------------------------------------------
 msg : ob_flush(): failed to flush buffer. No buffer to flush at  file: /var/www/php/easy-framework-swoole/framework/components/captcha/Captcha.php, on line: 84 
 file : /var/www/php/easy-framework-swoole/framework/components/error/Error.php 
 line : 9 
 code : 8 
 trace : #0 [internal function]: framework\components\error\Error->handleError(8, 'ob_flush(): fai...', '/var/www/php/ea...', 84, Array)
#1 /var/www/php/easy-framework-swoole/framework/components/captcha/Captcha.php(84): ob_flush()
#2 /var/www/php/easy-framework-swoole/application/controller/Index.php(67): framework\components\captcha\Captcha->send()
#3 /var/www/php/easy-framework-swoole/framework/components/dispatcher/Dispatcher.php(41): application\controller\Index->imgAction()
#4 /var/www/php/easy-framework-swoole/framework/server/WebSocketServer.php(110): framework\components\dispatcher\Dispatcher->run(Array)
#5 [internal function]: framework\server\WebSocketServer->framework\server\{closure}(Object(swoole_http_request), Object(swoole_http_response))
#6 /var/www/php/easy-framework-swoole/framework/server/BaseServer.php(54): swoole_http_server->start()
#7 /var/www/php/easy-framework-swoole/framework/server/Server.php(36): framework\server\BaseServer->start()
#8 /var/www/php/easy-framework-swoole/framework/web/Application.php(46): framework\server\Server->start()
#9 /var/www/php/easy-framework-swoole/framework/framework.php(31): framework\web\Application::run(Array)
#10 /var/www/php/easy-framework-swoole/index.php(8): require('/var/www/php/ea...')
#11 {main}

[2017-10-15 10:31:13] [ log ] localhost:81/index/img
 client: 127.0.0.1
---------------------------------------------------------------
 msg : ob_end_clean(): failed to delete buffer. No buffer to delete at  file: /var/www/php/easy-framework-swoole/framework/components/captcha/Captcha.php, on line: 84 
 file : /var/www/php/easy-framework-swoole/framework/components/error/Error.php 
 line : 9 
 code : 8 
 trace : #0 [internal function]: framework\components\error\Error->handleError(8, 'ob_end_clean():...', '/var/www/php/ea...', 84, Array)
#1 /var/www/php/easy-framework-swoole/framework/components/captcha/Captcha.php(84): ob_end_clean()
#2 /var/www/php/easy-framework-swoole/application/controller/Index.php(67): framework\components\captcha\Captcha->send()
#3 /var/www/php/easy-framework-swoole/framework/components/dispatcher/Dispatcher.php(41): application\controller\Index->imgAction()
#4 /var/www/php/easy-framework-swoole/framework/server/WebSocketServer.php(110): framework\components\dispatcher\Dispatcher->run(Array)
#5 [internal function]: framework\server\WebSocketServer->framework\server\{closure}(Object(swoole_http_request), Object(swoole_http_response))
#6 /var/www/php/easy-framework-swoole/framework/server/BaseServer.php(54): swoole_http_server->start()
#7 /var/www/php/easy-framework-swoole/framework/server/Server.php(36): framework\server\BaseServer->start()
#8 /var/www/php/easy-framework-swoole/framework/web/Application.php(46): framework\server\Server->start()
#9 /var/www/php/easy-framework-swoole/framework/framework.php(31): framework\web\Application::run(Array)
#10 /var/www/php/easy-framework-swoole/index.php(8): require('/var/www/php/ea...')
#11 {main}

[2017-10-15 13:10:33] [ log ] localhost:81/index/te
 client: 127.0.0.1
---------------------------------------------------------------
 msg : action teAction not found 
 file : /var/www/php/easy-framework-swoole/framework/components/dispatcher/Dispatcher.php 
 line : 39 
 code : 0 
 trace : #0 /var/www/php/easy-framework-swoole/framework/server/HttpServer.php(47): framework\components\dispatcher\Dispatcher->run(Array)
#1 [internal function]: framework\server\HttpServer->framework\server\{closure}(Object(swoole_http_request), Object(swoole_http_response))
#2 /var/www/php/easy-framework-swoole/framework/server/BaseServer.php(54): swoole_http_server->start()
#3 /var/www/php/easy-framework-swoole/framework/server/Server.php(29): framework\server\BaseServer->start()
#4 /var/www/php/easy-framework-swoole/framework/web/Application.php(46): framework\server\Server->start()
#5 /var/www/php/easy-framework-swoole/framework/framework.php(31): framework\web\Application::run(Array)
#6 /var/www/php/easy-framework-swoole/index.php(8): require('/var/www/php/ea...')
#7 {main}

[2017-10-15 12:41:16] [ log ] 
 client: 
---------------------------------------------------------------
 msg : failed to listen server port[127.0.0.1:81]. Error: Address already in use[98]. 
 file : /var/www/php/easy-framework-swoole/framework/server/HttpServer.php 
 line : 16 
 code : 98 
 trace : #0 /var/www/php/easy-framework-swoole/framework/server/HttpServer.php(16): swoole_server->__construct('127.0.0.1', '81')
#1 /var/www/php/easy-framework-swoole/framework/base/Base.php(13): framework\server\HttpServer->init()
#2 /var/www/php/easy-framework-swoole/framework/server/Server.php(27): framework\base\Base->__construct(Array)
#3 /var/www/php/easy-framework-swoole/framework/web/Application.php(46): framework\server\Server->start()
#4 /var/www/php/easy-framework-swoole/framework/framework.php(31): framework\web\Application::run(Array)
#5 /var/www/php/easy-framework-swoole/index.php(9): require('/var/www/php/ea...')
#6 {main}

[2017-10-15 12:41:16] [ log ] 
 client: 
---------------------------------------------------------------
PHP Startup: Unable to load dynamic library '/usr/local/php/lib/php/extensions/no-debug-non-zts-20151012/helloworld.so' - /usr/local/php/lib/php/extensions/no-debug-non-zts-20151012/helloworld.so: cannot open shared object file: No such file or directory (Unknown:0)
Stack trace:
#0 unknown(0): framework\components\shutdown\ShutDown->handleShutDown()


[2017-10-15 12:53:48] [ log ] 
 client: 
---------------------------------------------------------------
 msg : failed to listen server port[127.0.0.1:81]. Error: Address already in use[98]. 
 file : /var/www/php/easy-framework-swoole/framework/server/HttpServer.php 
 line : 16 
 code : 98 
 trace : #0 /var/www/php/easy-framework-swoole/framework/server/HttpServer.php(16): swoole_server->__construct('127.0.0.1', '81')
#1 /var/www/php/easy-framework-swoole/framework/base/Base.php(13): framework\server\HttpServer->init()
#2 /var/www/php/easy-framework-swoole/framework/server/Server.php(27): framework\base\Base->__construct(Array)
#3 /var/www/php/easy-framework-swoole/framework/web/Application.php(46): framework\server\Server->start()
#4 /var/www/php/easy-framework-swoole/framework/framework.php(31): framework\web\Application::run(Array)
#5 /var/www/php/easy-framework-swoole/index.php(9): require('/var/www/php/ea...')
#6 {main}

[2017-10-15 12:53:57] [ log ] 
 client: 
---------------------------------------------------------------
 msg : failed to listen server port[127.0.0.1:81]. Error: Address already in use[98]. 
 file : /var/www/php/easy-framework-swoole/framework/server/HttpServer.php 
 line : 16 
 code : 98 
 trace : #0 /var/www/php/easy-framework-swoole/framework/server/HttpServer.php(16): swoole_server->__construct('127.0.0.1', '81')
#1 /var/www/php/easy-framework-swoole/framework/base/Base.php(13): framework\server\HttpServer->init()
#2 /var/www/php/easy-framework-swoole/framework/server/Server.php(27): framework\base\Base->__construct(Array)
#3 /var/www/php/easy-framework-swoole/framework/web/Application.php(46): framework\server\Server->start()
#4 /var/www/php/easy-framework-swoole/framework/framework.php(31): framework\web\Application::run(Array)
#5 /var/www/php/easy-framework-swoole/index.php(9): require('/var/www/php/ea...')
#6 {main}

[2017-10-15 12:54:17] [ log ] localhost:81/index/
 client: 127.0.0.1
---------------------------------------------------------------
Allowed memory size of 134217728 bytes exhausted (tried to allocate 2224793063424 bytes) (/var/www/php/easy-framework-swoole/framework/components/response/Response.php:67)
Stack trace:
#0 unknown(0): framework\components\shutdown\ShutDown->handleShutDown()


[2017-10-15 12:54:17] [ log ] 
 client: 
---------------------------------------------------------------
workerid: 0  workerpid: 15537 code: 255

[2017-10-15 13:12:24] [ log ] 
 client: 
---------------------------------------------------------------
workerid: 0  workerpid: 17777 code: 127

[2017-10-15 13:13:26] [ log ] 
 client: 
---------------------------------------------------------------
workerid: 0  workerpid: 19549 code: 0

[2017-10-15 13:13:50] [ log ] 
 client: 
---------------------------------------------------------------
workerid: 0  workerpid: 19580 code: 0

