[2017-10-14 07:24:45] [ log ] localhost/easy-framework-web/
 server: 0.0.0.0
 client: 0.0.0.0
---------------------------------------------------------------
 msg : C:\web\php\www\easy-framework-webapplicationapplication/controller/indexnot exists 
 file : C:\web\php\www\easy-framework-web\framework\components\dispatcher\Dispatcher.php 
 line : 24 
 code : 404 
 trace : #0 C:\web\php\www\easy-framework-web\framework\web\Application.php(42): framework\components\dispatcher\Dispatcher->run(Array)
#1 C:\web\php\www\easy-framework-web\framework\framework.php(27): framework\web\Application::run(Array)
#2 C:\web\php\www\easy-framework-web\index.php(8): require('C:\\web\\php\\www\\...')
#3 {main}

[2017-10-14 07:25:17] [ log ] localhost/easy-framework-web/
 server: 0.0.0.0
 client: 0.0.0.0
---------------------------------------------------------------
 msg : C:\web\php\www\easy-framework-webapplicationapplication/controller/indexnot exists 
 file : C:\web\php\www\easy-framework-web\framework\components\dispatcher\Dispatcher.php 
 line : 24 
 code : 404 
 trace : #0 C:\web\php\www\easy-framework-web\framework\web\Application.php(42): framework\components\dispatcher\Dispatcher->run(Array)
#1 C:\web\php\www\easy-framework-web\framework\framework.php(27): framework\web\Application::run(Array)
#2 C:\web\php\www\easy-framework-web\index.php(8): require('C:\\web\\php\\www\\...')
#3 {main}

[2017-10-14 07:25:21] [ log ] localhost/easy-framework-web/
 server: 0.0.0.0
 client: 0.0.0.0
---------------------------------------------------------------
 msg : C:\web\php\www\easy-framework-webapplicationapplication/controller/indexnot exists 
 file : C:\web\php\www\easy-framework-web\framework\components\dispatcher\Dispatcher.php 
 line : 24 
 code : 404 
 trace : #0 C:\web\php\www\easy-framework-web\framework\web\Application.php(42): framework\components\dispatcher\Dispatcher->run(Array)
#1 C:\web\php\www\easy-framework-web\framework\framework.php(27): framework\web\Application::run(Array)
#2 C:\web\php\www\easy-framework-web\index.php(8): require('C:\\web\\php\\www\\...')
#3 {main}

[2017-10-14 07:25:40] [ log ] localhost/easy-framework-web/
 server: 0.0.0.0
 client: 0.0.0.0
---------------------------------------------------------------
 msg : C:\web\php\www\easy-framework-webapplicationapplication/controller/Index.phpnot exists 
 file : C:\web\php\www\easy-framework-web\framework\components\dispatcher\Dispatcher.php 
 line : 24 
 code : 404 
 trace : #0 C:\web\php\www\easy-framework-web\framework\web\Application.php(42): framework\components\dispatcher\Dispatcher->run(Array)
#1 C:\web\php\www\easy-framework-web\framework\framework.php(27): framework\web\Application::run(Array)
#2 C:\web\php\www\easy-framework-web\index.php(8): require('C:\\web\\php\\www\\...')
#3 {main}

[2017-10-14 07:27:13] [ log ] localhost/easy-framework-web/
 server: 0.0.0.0
 client: 0.0.0.0
---------------------------------------------------------------
 msg : C:\web\php\www\easy-framework-web/applicationapplication/controller/Index.phpnot exists 
 file : C:\web\php\www\easy-framework-web\framework\components\dispatcher\Dispatcher.php 
 line : 24 
 code : 404 
 trace : #0 C:\web\php\www\easy-framework-web\framework\web\Application.php(42): framework\components\dispatcher\Dispatcher->run(Array)
#1 C:\web\php\www\easy-framework-web\framework\framework.php(27): framework\web\Application::run(Array)
#2 C:\web\php\www\easy-framework-web\index.php(8): require('C:\\web\\php\\www\\...')
#3 {main}

[2017-10-14 07:27:43] [ log ] localhost/easy-framework-web/
 server: 0.0.0.0
 client: 0.0.0.0
---------------------------------------------------------------
 msg : C:\web\php\www\easy-framework-web/applicationapplication/controller/Index.phpnot exists 
 file : C:\web\php\www\easy-framework-web\framework\components\dispatcher\Dispatcher.php 
 line : 24 
 code : 404 
 trace : #0 C:\web\php\www\easy-framework-web\framework\web\Application.php(42): framework\components\dispatcher\Dispatcher->run(Array)
#1 C:\web\php\www\easy-framework-web\framework\framework.php(27): framework\web\Application::run(Array)
#2 C:\web\php\www\easy-framework-web\index.php(8): require('C:\\web\\php\\www\\...')
#3 {main}

[2017-10-14 07:27:43] [ log ] localhost/easy-framework-web/
 server: 0.0.0.0
 client: 0.0.0.0
---------------------------------------------------------------
 msg : C:\web\php\www\easy-framework-web/applicationapplication/controller/Index.phpnot exists 
 file : C:\web\php\www\easy-framework-web\framework\components\dispatcher\Dispatcher.php 
 line : 24 
 code : 404 
 trace : #0 C:\web\php\www\easy-framework-web\framework\web\Application.php(42): framework\components\dispatcher\Dispatcher->run(Array)
#1 C:\web\php\www\easy-framework-web\framework\framework.php(27): framework\web\Application::run(Array)
#2 C:\web\php\www\easy-framework-web\index.php(8): require('C:\\web\\php\\www\\...')
#3 {main}

[2017-10-14 07:27:44] [ log ] localhost/easy-framework-web/
 server: 0.0.0.0
 client: 0.0.0.0
---------------------------------------------------------------
 msg : C:\web\php\www\easy-framework-web/applicationapplication/controller/Index.phpnot exists 
 file : C:\web\php\www\easy-framework-web\framework\components\dispatcher\Dispatcher.php 
 line : 24 
 code : 404 
 trace : #0 C:\web\php\www\easy-framework-web\framework\web\Application.php(42): framework\components\dispatcher\Dispatcher->run(Array)
#1 C:\web\php\www\easy-framework-web\framework\framework.php(27): framework\web\Application::run(Array)
#2 C:\web\php\www\easy-framework-web\index.php(8): require('C:\\web\\php\\www\\...')
#3 {main}

[2017-10-14 07:27:44] [ log ] localhost/easy-framework-web/
 server: 0.0.0.0
 client: 0.0.0.0
---------------------------------------------------------------
 msg : C:\web\php\www\easy-framework-web/applicationapplication/controller/Index.phpnot exists 
 file : C:\web\php\www\easy-framework-web\framework\components\dispatcher\Dispatcher.php 
 line : 24 
 code : 404 
 trace : #0 C:\web\php\www\easy-framework-web\framework\web\Application.php(42): framework\components\dispatcher\Dispatcher->run(Array)
#1 C:\web\php\www\easy-framework-web\framework\framework.php(27): framework\web\Application::run(Array)
#2 C:\web\php\www\easy-framework-web\index.php(8): require('C:\\web\\php\\www\\...')
#3 {main}

[2017-10-14 07:27:44] [ log ] localhost/easy-framework-web/
 server: 0.0.0.0
 client: 0.0.0.0
---------------------------------------------------------------
 msg : C:\web\php\www\easy-framework-web/applicationapplication/controller/Index.phpnot exists 
 file : C:\web\php\www\easy-framework-web\framework\components\dispatcher\Dispatcher.php 
 line : 24 
 code : 404 
 trace : #0 C:\web\php\www\easy-framework-web\framework\web\Application.php(42): framework\components\dispatcher\Dispatcher->run(Array)
#1 C:\web\php\www\easy-framework-web\framework\framework.php(27): framework\web\Application::run(Array)
#2 C:\web\php\www\easy-framework-web\index.php(8): require('C:\\web\\php\\www\\...')
#3 {main}

[2017-10-14 07:27:44] [ log ] localhost/easy-framework-web/
 server: 0.0.0.0
 client: 0.0.0.0
---------------------------------------------------------------
 msg : C:\web\php\www\easy-framework-web/applicationapplication/controller/Index.phpnot exists 
 file : C:\web\php\www\easy-framework-web\framework\components\dispatcher\Dispatcher.php 
 line : 24 
 code : 404 
 trace : #0 C:\web\php\www\easy-framework-web\framework\web\Application.php(42): framework\components\dispatcher\Dispatcher->run(Array)
#1 C:\web\php\www\easy-framework-web\framework\framework.php(27): framework\web\Application::run(Array)
#2 C:\web\php\www\easy-framework-web\index.php(8): require('C:\\web\\php\\www\\...')
#3 {main}

[2017-10-14 07:27:45] [ log ] localhost/easy-framework-web/
 server: 0.0.0.0
 client: 0.0.0.0
---------------------------------------------------------------
 msg : C:\web\php\www\easy-framework-web/applicationapplication/controller/Index.phpnot exists 
 file : C:\web\php\www\easy-framework-web\framework\components\dispatcher\Dispatcher.php 
 line : 24 
 code : 404 
 trace : #0 C:\web\php\www\easy-framework-web\framework\web\Application.php(42): framework\components\dispatcher\Dispatcher->run(Array)
#1 C:\web\php\www\easy-framework-web\framework\framework.php(27): framework\web\Application::run(Array)
#2 C:\web\php\www\easy-framework-web\index.php(8): require('C:\\web\\php\\www\\...')
#3 {main}

[2017-10-14 07:27:45] [ log ] localhost/easy-framework-web/
 server: 0.0.0.0
 client: 0.0.0.0
---------------------------------------------------------------
 msg : C:\web\php\www\easy-framework-web/applicationapplication/controller/Index.phpnot exists 
 file : C:\web\php\www\easy-framework-web\framework\components\dispatcher\Dispatcher.php 
 line : 24 
 code : 404 
 trace : #0 C:\web\php\www\easy-framework-web\framework\web\Application.php(42): framework\components\dispatcher\Dispatcher->run(Array)
#1 C:\web\php\www\easy-framework-web\framework\framework.php(27): framework\web\Application::run(Array)
#2 C:\web\php\www\easy-framework-web\index.php(8): require('C:\\web\\php\\www\\...')
#3 {main}

[2017-10-14 07:27:45] [ log ] localhost/easy-framework-web/
 server: 0.0.0.0
 client: 0.0.0.0
---------------------------------------------------------------
 msg : C:\web\php\www\easy-framework-web/applicationapplication/controller/Index.phpnot exists 
 file : C:\web\php\www\easy-framework-web\framework\components\dispatcher\Dispatcher.php 
 line : 24 
 code : 404 
 trace : #0 C:\web\php\www\easy-framework-web\framework\web\Application.php(42): framework\components\dispatcher\Dispatcher->run(Array)
#1 C:\web\php\www\easy-framework-web\framework\framework.php(27): framework\web\Application::run(Array)
#2 C:\web\php\www\easy-framework-web\index.php(8): require('C:\\web\\php\\www\\...')
#3 {main}

[2017-10-14 07:27:45] [ log ] localhost/easy-framework-web/
 server: 0.0.0.0
 client: 0.0.0.0
---------------------------------------------------------------
 msg : C:\web\php\www\easy-framework-web/applicationapplication/controller/Index.phpnot exists 
 file : C:\web\php\www\easy-framework-web\framework\components\dispatcher\Dispatcher.php 
 line : 24 
 code : 404 
 trace : #0 C:\web\php\www\easy-framework-web\framework\web\Application.php(42): framework\components\dispatcher\Dispatcher->run(Array)
#1 C:\web\php\www\easy-framework-web\framework\framework.php(27): framework\web\Application::run(Array)
#2 C:\web\php\www\easy-framework-web\index.php(8): require('C:\\web\\php\\www\\...')
#3 {main}

[2017-10-14 07:27:45] [ log ] localhost/easy-framework-web/
 server: 0.0.0.0
 client: 0.0.0.0
---------------------------------------------------------------
 msg : C:\web\php\www\easy-framework-web/applicationapplication/controller/Index.phpnot exists 
 file : C:\web\php\www\easy-framework-web\framework\components\dispatcher\Dispatcher.php 
 line : 24 
 code : 404 
 trace : #0 C:\web\php\www\easy-framework-web\framework\web\Application.php(42): framework\components\dispatcher\Dispatcher->run(Array)
#1 C:\web\php\www\easy-framework-web\framework\framework.php(27): framework\web\Application::run(Array)
#2 C:\web\php\www\easy-framework-web\index.php(8): require('C:\\web\\php\\www\\...')
#3 {main}

[2017-10-14 07:27:46] [ log ] localhost/easy-framework-web/
 server: 0.0.0.0
 client: 0.0.0.0
---------------------------------------------------------------
 msg : C:\web\php\www\easy-framework-web/applicationapplication/controller/Index.phpnot exists 
 file : C:\web\php\www\easy-framework-web\framework\components\dispatcher\Dispatcher.php 
 line : 24 
 code : 404 
 trace : #0 C:\web\php\www\easy-framework-web\framework\web\Application.php(42): framework\components\dispatcher\Dispatcher->run(Array)
#1 C:\web\php\www\easy-framework-web\framework\framework.php(27): framework\web\Application::run(Array)
#2 C:\web\php\www\easy-framework-web\index.php(8): require('C:\\web\\php\\www\\...')
#3 {main}

[2017-10-14 07:27:55] [ log ] localhost/easy-framework-web/
 server: 0.0.0.0
 client: 0.0.0.0
---------------------------------------------------------------
 msg : C:\web\php\www\easy-framework-web/applicationcontroller/Index.phpnot exists 
 file : C:\web\php\www\easy-framework-web\framework\components\dispatcher\Dispatcher.php 
 line : 24 
 code : 404 
 trace : #0 C:\web\php\www\easy-framework-web\framework\web\Application.php(42): framework\components\dispatcher\Dispatcher->run(Array)
#1 C:\web\php\www\easy-framework-web\framework\framework.php(27): framework\web\Application::run(Array)
#2 C:\web\php\www\easy-framework-web\index.php(8): require('C:\\web\\php\\www\\...')
#3 {main}

[2017-10-14 07:28:05] [ log ] localhost/easy-framework-web/
 server: 0.0.0.0
 client: 0.0.0.0
---------------------------------------------------------------
 msg : Call to undefined method application\controller\Index::assign() 
 file : C:\web\php\www\easy-framework-web\application\controller\Index.php 
 line : 40 
 code : 0 
 trace : #0 C:\web\php\www\easy-framework-web\framework\components\dispatcher\Dispatcher.php(43): application\controller\Index->indexAction()
#1 C:\web\php\www\easy-framework-web\framework\web\Application.php(42): framework\components\dispatcher\Dispatcher->run(Array)
#2 C:\web\php\www\easy-framework-web\framework\framework.php(27): framework\web\Application::run(Array)
#3 C:\web\php\www\easy-framework-web\index.php(8): require('C:\\web\\php\\www\\...')
#4 {main}

[2017-10-14 07:28:23] [ log ] localhost/easy-framework-web/
 server: 0.0.0.0
 client: 0.0.0.0
---------------------------------------------------------------
 msg : Array to string conversion at  file: C:\web\php\www\easy-framework-web\framework\web\Application.php, on line: 45 
 file : C:\web\php\www\easy-framework-web\framework\components\error\Error.php 
 line : 9 
 code : 8 
 trace : #0 C:\web\php\www\easy-framework-web\framework\web\Application.php(45): framework\components\error\Error->handleError(8, 'Array to string...', 'C:\\web\\php\\www\\...', 45, Array)
#1 C:\web\php\www\easy-framework-web\framework\framework.php(27): framework\web\Application::run(Array)
#2 C:\web\php\www\easy-framework-web\index.php(8): require('C:\\web\\php\\www\\...')
#3 {main}

[2017-10-14 07:31:19] [ log ] localhost/easy-framework-web/index.php/er
 server: 0.0.0.0
 client: 0.0.0.0
---------------------------------------------------------------
 msg : C:\web\php\www\easy-framework-web/application/controller/Er.phpnot exists 
 file : C:\web\php\www\easy-framework-web\framework\components\dispatcher\Dispatcher.php 
 line : 24 
 code : 200 
 trace : #0 C:\web\php\www\easy-framework-web\framework\web\Application.php(41): framework\components\dispatcher\Dispatcher->run(Array)
#1 C:\web\php\www\easy-framework-web\framework\framework.php(27): framework\web\Application::run(Array)
#2 C:\web\php\www\easy-framework-web\index.php(8): require('C:\\web\\php\\www\\...')
#3 {main}

[2017-10-14 07:31:27] [ log ] localhost/easy-framework-web/index.php/er
 server: 0.0.0.0
 client: 0.0.0.0
---------------------------------------------------------------
 msg : C:\web\php\www\easy-framework-web/application/controller/Er.phpnot exists 
 file : C:\web\php\www\easy-framework-web\framework\components\dispatcher\Dispatcher.php 
 line : 24 
 code : 200 
 trace : #0 C:\web\php\www\easy-framework-web\framework\web\Application.php(41): framework\components\dispatcher\Dispatcher->run(Array)
#1 C:\web\php\www\easy-framework-web\framework\framework.php(27): framework\web\Application::run(Array)
#2 C:\web\php\www\easy-framework-web\index.php(8): require('C:\\web\\php\\www\\...')
#3 {main}

[2017-10-14 07:31:28] [ log ] localhost/easy-framework-web/index.php/er
 server: 0.0.0.0
 client: 0.0.0.0
---------------------------------------------------------------
 msg : C:\web\php\www\easy-framework-web/application/controller/Er.phpnot exists 
 file : C:\web\php\www\easy-framework-web\framework\components\dispatcher\Dispatcher.php 
 line : 24 
 code : 200 
 trace : #0 C:\web\php\www\easy-framework-web\framework\web\Application.php(41): framework\components\dispatcher\Dispatcher->run(Array)
#1 C:\web\php\www\easy-framework-web\framework\framework.php(27): framework\web\Application::run(Array)
#2 C:\web\php\www\easy-framework-web\index.php(8): require('C:\\web\\php\\www\\...')
#3 {main}

[2017-10-14 07:31:28] [ log ] localhost/easy-framework-web/index.php/er
 server: 0.0.0.0
 client: 0.0.0.0
---------------------------------------------------------------
 msg : C:\web\php\www\easy-framework-web/application/controller/Er.phpnot exists 
 file : C:\web\php\www\easy-framework-web\framework\components\dispatcher\Dispatcher.php 
 line : 24 
 code : 200 
 trace : #0 C:\web\php\www\easy-framework-web\framework\web\Application.php(41): framework\components\dispatcher\Dispatcher->run(Array)
#1 C:\web\php\www\easy-framework-web\framework\framework.php(27): framework\web\Application::run(Array)
#2 C:\web\php\www\easy-framework-web\index.php(8): require('C:\\web\\php\\www\\...')
#3 {main}

[2017-10-14 07:31:32] [ log ] localhost/easy-framework-web/index.php/er
 server: 0.0.0.0
 client: 0.0.0.0
---------------------------------------------------------------
 msg : C:\web\php\www\easy-framework-web/application/controller/Er.phpnot exists 
 file : C:\web\php\www\easy-framework-web\framework\components\dispatcher\Dispatcher.php 
 line : 24 
 code : 200 
 trace : #0 C:\web\php\www\easy-framework-web\framework\web\Application.php(41): framework\components\dispatcher\Dispatcher->run(Array)
#1 C:\web\php\www\easy-framework-web\framework\framework.php(27): framework\web\Application::run(Array)
#2 C:\web\php\www\easy-framework-web\index.php(8): require('C:\\web\\php\\www\\...')
#3 {main}

[2017-10-14 07:31:43] [ log ] localhost/easy-framework-web/index.php/er
 server: 0.0.0.0
 client: 0.0.0.0
---------------------------------------------------------------
 msg : C:\web\php\www\easy-framework-web/application/controller/Er.phpnot exists 
 file : C:\web\php\www\easy-framework-web\framework\components\dispatcher\Dispatcher.php 
 line : 24 
 code : 404 
 trace : #0 C:\web\php\www\easy-framework-web\framework\web\Application.php(41): framework\components\dispatcher\Dispatcher->run(Array)
#1 C:\web\php\www\easy-framework-web\framework\framework.php(27): framework\web\Application::run(Array)
#2 C:\web\php\www\easy-framework-web\index.php(8): require('C:\\web\\php\\www\\...')
#3 {main}

[2017-10-14 07:32:37] [ log ] localhost/easy-framework-web/index.php/er
 server: 0.0.0.0
 client: 0.0.0.0
---------------------------------------------------------------
 msg : C:\web\php\www\easy-framework-web/application/controller/Er.phpnot exists 
 file : C:\web\php\www\easy-framework-web\framework\components\dispatcher\Dispatcher.php 
 line : 24 
 code : 404 
 trace : #0 C:\web\php\www\easy-framework-web\framework\web\Application.php(41): framework\components\dispatcher\Dispatcher->run(Array)
#1 C:\web\php\www\easy-framework-web\framework\framework.php(27): framework\web\Application::run(Array)
#2 C:\web\php\www\easy-framework-web\index.php(8): require('C:\\web\\php\\www\\...')
#3 {main}

[2017-10-14 07:32:37] [ log ] localhost/easy-framework-web/index.php/er
 server: 0.0.0.0
 client: 0.0.0.0
---------------------------------------------------------------
 msg : C:\web\php\www\easy-framework-web/application/controller/Er.phpnot exists 
 file : C:\web\php\www\easy-framework-web\framework\components\dispatcher\Dispatcher.php 
 line : 24 
 code : 404 
 trace : #0 C:\web\php\www\easy-framework-web\framework\web\Application.php(41): framework\components\dispatcher\Dispatcher->run(Array)
#1 C:\web\php\www\easy-framework-web\framework\framework.php(27): framework\web\Application::run(Array)
#2 C:\web\php\www\easy-framework-web\index.php(8): require('C:\\web\\php\\www\\...')
#3 {main}

[2017-10-14 07:32:37] [ log ] localhost/easy-framework-web/index.php/er
 server: 0.0.0.0
 client: 0.0.0.0
---------------------------------------------------------------
 msg : C:\web\php\www\easy-framework-web/application/controller/Er.phpnot exists 
 file : C:\web\php\www\easy-framework-web\framework\components\dispatcher\Dispatcher.php 
 line : 24 
 code : 404 
 trace : #0 C:\web\php\www\easy-framework-web\framework\web\Application.php(41): framework\components\dispatcher\Dispatcher->run(Array)
#1 C:\web\php\www\easy-framework-web\framework\framework.php(27): framework\web\Application::run(Array)
#2 C:\web\php\www\easy-framework-web\index.php(8): require('C:\\web\\php\\www\\...')
#3 {main}

[2017-10-14 07:32:38] [ log ] localhost/easy-framework-web/index.php/er
 server: 0.0.0.0
 client: 0.0.0.0
---------------------------------------------------------------
 msg : C:\web\php\www\easy-framework-web/application/controller/Er.phpnot exists 
 file : C:\web\php\www\easy-framework-web\framework\components\dispatcher\Dispatcher.php 
 line : 24 
 code : 404 
 trace : #0 C:\web\php\www\easy-framework-web\framework\web\Application.php(41): framework\components\dispatcher\Dispatcher->run(Array)
#1 C:\web\php\www\easy-framework-web\framework\framework.php(27): framework\web\Application::run(Array)
#2 C:\web\php\www\easy-framework-web\index.php(8): require('C:\\web\\php\\www\\...')
#3 {main}

[2017-10-14 07:32:38] [ log ] localhost/easy-framework-web/index.php/er
 server: 0.0.0.0
 client: 0.0.0.0
---------------------------------------------------------------
 msg : C:\web\php\www\easy-framework-web/application/controller/Er.phpnot exists 
 file : C:\web\php\www\easy-framework-web\framework\components\dispatcher\Dispatcher.php 
 line : 24 
 code : 404 
 trace : #0 C:\web\php\www\easy-framework-web\framework\web\Application.php(41): framework\components\dispatcher\Dispatcher->run(Array)
#1 C:\web\php\www\easy-framework-web\framework\framework.php(27): framework\web\Application::run(Array)
#2 C:\web\php\www\easy-framework-web\index.php(8): require('C:\\web\\php\\www\\...')
#3 {main}

[2017-10-14 07:44:54] [ log ] localhost/easy-framework-web/index.php/er
 server: 0.0.0.0
 client: 0.0.0.0
---------------------------------------------------------------
 msg : Undefined variable: result at  file: C:\web\php\www\easy-framework-web\framework\web\Application.php, on line: 51 
 file : C:\web\php\www\easy-framework-web\framework\components\error\Error.php 
 line : 9 
 code : 8 
 trace : #0 C:\web\php\www\easy-framework-web\framework\web\Application.php(51): framework\components\error\Error->handleError(8, 'Undefined varia...', 'C:\\web\\php\\www\\...', 51, Array)
#1 C:\web\php\www\easy-framework-web\framework\framework.php(27): framework\web\Application::run(Array)
#2 C:\web\php\www\easy-framework-web\index.php(8): require('C:\\web\\php\\www\\...')
#3 {main}

[2017-10-14 07:44:55] [ log ] localhost/easy-framework-web/index.php/er
 server: 0.0.0.0
 client: 0.0.0.0
---------------------------------------------------------------
 msg : Undefined variable: result at  file: C:\web\php\www\easy-framework-web\framework\web\Application.php, on line: 51 
 file : C:\web\php\www\easy-framework-web\framework\components\error\Error.php 
 line : 9 
 code : 8 
 trace : #0 C:\web\php\www\easy-framework-web\framework\web\Application.php(51): framework\components\error\Error->handleError(8, 'Undefined varia...', 'C:\\web\\php\\www\\...', 51, Array)
#1 C:\web\php\www\easy-framework-web\framework\framework.php(27): framework\web\Application::run(Array)
#2 C:\web\php\www\easy-framework-web\index.php(8): require('C:\\web\\php\\www\\...')
#3 {main}

[2017-10-14 07:44:55] [ log ] localhost/easy-framework-web/index.php/er
 server: 0.0.0.0
 client: 0.0.0.0
---------------------------------------------------------------
 msg : Undefined variable: result at  file: C:\web\php\www\easy-framework-web\framework\web\Application.php, on line: 51 
 file : C:\web\php\www\easy-framework-web\framework\components\error\Error.php 
 line : 9 
 code : 8 
 trace : #0 C:\web\php\www\easy-framework-web\framework\web\Application.php(51): framework\components\error\Error->handleError(8, 'Undefined varia...', 'C:\\web\\php\\www\\...', 51, Array)
#1 C:\web\php\www\easy-framework-web\framework\framework.php(27): framework\web\Application::run(Array)
#2 C:\web\php\www\easy-framework-web\index.php(8): require('C:\\web\\php\\www\\...')
#3 {main}

[2017-10-14 07:44:55] [ log ] localhost/easy-framework-web/index.php/er
 server: 0.0.0.0
 client: 0.0.0.0
---------------------------------------------------------------
 msg : Undefined variable: result at  file: C:\web\php\www\easy-framework-web\framework\web\Application.php, on line: 51 
 file : C:\web\php\www\easy-framework-web\framework\components\error\Error.php 
 line : 9 
 code : 8 
 trace : #0 C:\web\php\www\easy-framework-web\framework\web\Application.php(51): framework\components\error\Error->handleError(8, 'Undefined varia...', 'C:\\web\\php\\www\\...', 51, Array)
#1 C:\web\php\www\easy-framework-web\framework\framework.php(27): framework\web\Application::run(Array)
#2 C:\web\php\www\easy-framework-web\index.php(8): require('C:\\web\\php\\www\\...')
#3 {main}

[2017-10-14 07:44:56] [ log ] localhost/easy-framework-web/index.php/er
 server: 0.0.0.0
 client: 0.0.0.0
---------------------------------------------------------------
 msg : Undefined variable: result at  file: C:\web\php\www\easy-framework-web\framework\web\Application.php, on line: 51 
 file : C:\web\php\www\easy-framework-web\framework\components\error\Error.php 
 line : 9 
 code : 8 
 trace : #0 C:\web\php\www\easy-framework-web\framework\web\Application.php(51): framework\components\error\Error->handleError(8, 'Undefined varia...', 'C:\\web\\php\\www\\...', 51, Array)
#1 C:\web\php\www\easy-framework-web\framework\framework.php(27): framework\web\Application::run(Array)
#2 C:\web\php\www\easy-framework-web\index.php(8): require('C:\\web\\php\\www\\...')
#3 {main}

[2017-10-14 07:44:56] [ log ] localhost/easy-framework-web/index.php/er
 server: 0.0.0.0
 client: 0.0.0.0
---------------------------------------------------------------
 msg : Undefined variable: result at  file: C:\web\php\www\easy-framework-web\framework\web\Application.php, on line: 51 
 file : C:\web\php\www\easy-framework-web\framework\components\error\Error.php 
 line : 9 
 code : 8 
 trace : #0 C:\web\php\www\easy-framework-web\framework\web\Application.php(51): framework\components\error\Error->handleError(8, 'Undefined varia...', 'C:\\web\\php\\www\\...', 51, Array)
#1 C:\web\php\www\easy-framework-web\framework\framework.php(27): framework\web\Application::run(Array)
#2 C:\web\php\www\easy-framework-web\index.php(8): require('C:\\web\\php\\www\\...')
#3 {main}

[2017-10-14 07:44:56] [ log ] localhost/easy-framework-web/index.php/er
 server: 0.0.0.0
 client: 0.0.0.0
---------------------------------------------------------------
 msg : Undefined variable: result at  file: C:\web\php\www\easy-framework-web\framework\web\Application.php, on line: 51 
 file : C:\web\php\www\easy-framework-web\framework\components\error\Error.php 
 line : 9 
 code : 8 
 trace : #0 C:\web\php\www\easy-framework-web\framework\web\Application.php(51): framework\components\error\Error->handleError(8, 'Undefined varia...', 'C:\\web\\php\\www\\...', 51, Array)
#1 C:\web\php\www\easy-framework-web\framework\framework.php(27): framework\web\Application::run(Array)
#2 C:\web\php\www\easy-framework-web\index.php(8): require('C:\\web\\php\\www\\...')
#3 {main}

[2017-10-14 07:45:23] [ log ] localhost/easy-framework-web/index.php/er
 server: 0.0.0.0
 client: 0.0.0.0
---------------------------------------------------------------
 msg : Undefined variable: result at  file: C:\web\php\www\easy-framework-web\framework\web\Application.php, on line: 51 
 file : C:\web\php\www\easy-framework-web\framework\components\error\Error.php 
 line : 9 
 code : 8 
 trace : #0 C:\web\php\www\easy-framework-web\framework\web\Application.php(51): framework\components\error\Error->handleError(8, 'Undefined varia...', 'C:\\web\\php\\www\\...', 51, Array)
#1 C:\web\php\www\easy-framework-web\framework\framework.php(27): framework\web\Application::run(Array)
#2 C:\web\php\www\easy-framework-web\index.php(8): require('C:\\web\\php\\www\\...')
#3 {main}

[2017-10-14 07:45:24] [ log ] localhost/easy-framework-web/index.php/er
 server: 0.0.0.0
 client: 0.0.0.0
---------------------------------------------------------------
 msg : Undefined variable: result at  file: C:\web\php\www\easy-framework-web\framework\web\Application.php, on line: 51 
 file : C:\web\php\www\easy-framework-web\framework\components\error\Error.php 
 line : 9 
 code : 8 
 trace : #0 C:\web\php\www\easy-framework-web\framework\web\Application.php(51): framework\components\error\Error->handleError(8, 'Undefined varia...', 'C:\\web\\php\\www\\...', 51, Array)
#1 C:\web\php\www\easy-framework-web\framework\framework.php(27): framework\web\Application::run(Array)
#2 C:\web\php\www\easy-framework-web\index.php(8): require('C:\\web\\php\\www\\...')
#3 {main}

[2017-10-14 07:45:24] [ log ] localhost/easy-framework-web/index.php/er
 server: 0.0.0.0
 client: 0.0.0.0
---------------------------------------------------------------
 msg : Undefined variable: result at  file: C:\web\php\www\easy-framework-web\framework\web\Application.php, on line: 51 
 file : C:\web\php\www\easy-framework-web\framework\components\error\Error.php 
 line : 9 
 code : 8 
 trace : #0 C:\web\php\www\easy-framework-web\framework\web\Application.php(51): framework\components\error\Error->handleError(8, 'Undefined varia...', 'C:\\web\\php\\www\\...', 51, Array)
#1 C:\web\php\www\easy-framework-web\framework\framework.php(27): framework\web\Application::run(Array)
#2 C:\web\php\www\easy-framework-web\index.php(8): require('C:\\web\\php\\www\\...')
#3 {main}

[2017-10-14 07:45:51] [ log ] localhost/easy-framework-web/index.php/er
 server: 0.0.0.0
 client: 0.0.0.0
---------------------------------------------------------------
 msg : Undefined variable: result at  file: C:\web\php\www\easy-framework-web\framework\web\Application.php, on line: 52 
 file : C:\web\php\www\easy-framework-web\framework\components\error\Error.php 
 line : 9 
 code : 8 
 trace : #0 C:\web\php\www\easy-framework-web\framework\web\Application.php(52): framework\components\error\Error->handleError(8, 'Undefined varia...', 'C:\\web\\php\\www\\...', 52, Array)
#1 C:\web\php\www\easy-framework-web\framework\framework.php(27): framework\web\Application::run(Array)
#2 C:\web\php\www\easy-framework-web\index.php(8): require('C:\\web\\php\\www\\...')
#3 {main}

[2017-10-14 07:46:09] [ log ] localhost/easy-framework-web/index.php/er
 server: 0.0.0.0
 client: 0.0.0.0
---------------------------------------------------------------
 msg : Undefined variable: result at  file: C:\web\php\www\easy-framework-web\framework\web\Application.php, on line: 51 
 file : C:\web\php\www\easy-framework-web\framework\components\error\Error.php 
 line : 9 
 code : 8 
 trace : #0 C:\web\php\www\easy-framework-web\framework\web\Application.php(51): framework\components\error\Error->handleError(8, 'Undefined varia...', 'C:\\web\\php\\www\\...', 51, Array)
#1 C:\web\php\www\easy-framework-web\framework\framework.php(27): framework\web\Application::run(Array)
#2 C:\web\php\www\easy-framework-web\index.php(8): require('C:\\web\\php\\www\\...')
#3 {main}

[2017-10-14 07:46:10] [ log ] localhost/easy-framework-web/index.php/er
 server: 0.0.0.0
 client: 0.0.0.0
---------------------------------------------------------------
 msg : Undefined variable: result at  file: C:\web\php\www\easy-framework-web\framework\web\Application.php, on line: 51 
 file : C:\web\php\www\easy-framework-web\framework\components\error\Error.php 
 line : 9 
 code : 8 
 trace : #0 C:\web\php\www\easy-framework-web\framework\web\Application.php(51): framework\components\error\Error->handleError(8, 'Undefined varia...', 'C:\\web\\php\\www\\...', 51, Array)
#1 C:\web\php\www\easy-framework-web\framework\framework.php(27): framework\web\Application::run(Array)
#2 C:\web\php\www\easy-framework-web\index.php(8): require('C:\\web\\php\\www\\...')
#3 {main}

[2017-10-14 07:46:10] [ log ] localhost/easy-framework-web/index.php/er
 server: 0.0.0.0
 client: 0.0.0.0
---------------------------------------------------------------
 msg : Undefined variable: result at  file: C:\web\php\www\easy-framework-web\framework\web\Application.php, on line: 51 
 file : C:\web\php\www\easy-framework-web\framework\components\error\Error.php 
 line : 9 
 code : 8 
 trace : #0 C:\web\php\www\easy-framework-web\framework\web\Application.php(51): framework\components\error\Error->handleError(8, 'Undefined varia...', 'C:\\web\\php\\www\\...', 51, Array)
#1 C:\web\php\www\easy-framework-web\framework\framework.php(27): framework\web\Application::run(Array)
#2 C:\web\php\www\easy-framework-web\index.php(8): require('C:\\web\\php\\www\\...')
#3 {main}

[2017-10-14 07:46:10] [ log ] localhost/easy-framework-web/index.php/er
 server: 0.0.0.0
 client: 0.0.0.0
---------------------------------------------------------------
 msg : Undefined variable: result at  file: C:\web\php\www\easy-framework-web\framework\web\Application.php, on line: 51 
 file : C:\web\php\www\easy-framework-web\framework\components\error\Error.php 
 line : 9 
 code : 8 
 trace : #0 C:\web\php\www\easy-framework-web\framework\web\Application.php(51): framework\components\error\Error->handleError(8, 'Undefined varia...', 'C:\\web\\php\\www\\...', 51, Array)
#1 C:\web\php\www\easy-framework-web\framework\framework.php(27): framework\web\Application::run(Array)
#2 C:\web\php\www\easy-framework-web\index.php(8): require('C:\\web\\php\\www\\...')
#3 {main}

[2017-10-14 07:46:38] [ log ] localhost/easy-framework-web/index.php/er
 server: 0.0.0.0
 client: 0.0.0.0
---------------------------------------------------------------
 msg : Undefined variable: result at  file: C:\web\php\www\easy-framework-web\framework\web\Application.php, on line: 51 
 file : C:\web\php\www\easy-framework-web\framework\components\error\Error.php 
 line : 9 
 code : 8 
 trace : #0 C:\web\php\www\easy-framework-web\framework\web\Application.php(51): framework\components\error\Error->handleError(8, 'Undefined varia...', 'C:\\web\\php\\www\\...', 51, Array)
#1 C:\web\php\www\easy-framework-web\framework\framework.php(27): framework\web\Application::run(Array)
#2 C:\web\php\www\easy-framework-web\index.php(8): require('C:\\web\\php\\www\\...')
#3 {main}

[2017-10-14 07:46:39] [ log ] localhost/easy-framework-web/index.php/er
 server: 0.0.0.0
 client: 0.0.0.0
---------------------------------------------------------------
 msg : Undefined variable: result at  file: C:\web\php\www\easy-framework-web\framework\web\Application.php, on line: 51 
 file : C:\web\php\www\easy-framework-web\framework\components\error\Error.php 
 line : 9 
 code : 8 
 trace : #0 C:\web\php\www\easy-framework-web\framework\web\Application.php(51): framework\components\error\Error->handleError(8, 'Undefined varia...', 'C:\\web\\php\\www\\...', 51, Array)
#1 C:\web\php\www\easy-framework-web\framework\framework.php(27): framework\web\Application::run(Array)
#2 C:\web\php\www\easy-framework-web\index.php(8): require('C:\\web\\php\\www\\...')
#3 {main}

[2017-10-14 07:47:03] [ log ] localhost/easy-framework-web/index.php/er
 server: 0.0.0.0
 client: 0.0.0.0
---------------------------------------------------------------
 msg : Undefined variable: result at  file: C:\web\php\www\easy-framework-web\framework\web\Application.php, on line: 52 
 file : C:\web\php\www\easy-framework-web\framework\components\error\Error.php 
 line : 9 
 code : 8 
 trace : #0 C:\web\php\www\easy-framework-web\framework\web\Application.php(52): framework\components\error\Error->handleError(8, 'Undefined varia...', 'C:\\web\\php\\www\\...', 52, Array)
#1 C:\web\php\www\easy-framework-web\framework\framework.php(27): framework\web\Application::run(Array)
#2 C:\web\php\www\easy-framework-web\index.php(8): require('C:\\web\\php\\www\\...')
#3 {main}

[2017-10-14 07:47:25] [ log ] localhost/easy-framework-web/index.php/er
 server: 0.0.0.0
 client: 0.0.0.0
---------------------------------------------------------------
 msg : Undefined variable: result at  file: C:\web\php\www\easy-framework-web\framework\web\Application.php, on line: 51 
 file : C:\web\php\www\easy-framework-web\framework\components\error\Error.php 
 line : 9 
 code : 8 
 trace : #0 C:\web\php\www\easy-framework-web\framework\web\Application.php(51): framework\components\error\Error->handleError(8, 'Undefined varia...', 'C:\\web\\php\\www\\...', 51, Array)
#1 C:\web\php\www\easy-framework-web\framework\framework.php(27): framework\web\Application::run(Array)
#2 C:\web\php\www\easy-framework-web\index.php(8): require('C:\\web\\php\\www\\...')
#3 {main}

[2017-10-14 07:47:26] [ log ] localhost/easy-framework-web/index.php/er
 server: 0.0.0.0
 client: 0.0.0.0
---------------------------------------------------------------
 msg : Undefined variable: result at  file: C:\web\php\www\easy-framework-web\framework\web\Application.php, on line: 51 
 file : C:\web\php\www\easy-framework-web\framework\components\error\Error.php 
 line : 9 
 code : 8 
 trace : #0 C:\web\php\www\easy-framework-web\framework\web\Application.php(51): framework\components\error\Error->handleError(8, 'Undefined varia...', 'C:\\web\\php\\www\\...', 51, Array)
#1 C:\web\php\www\easy-framework-web\framework\framework.php(27): framework\web\Application::run(Array)
#2 C:\web\php\www\easy-framework-web\index.php(8): require('C:\\web\\php\\www\\...')
#3 {main}

[2017-10-14 07:47:26] [ log ] localhost/easy-framework-web/index.php/er
 server: 0.0.0.0
 client: 0.0.0.0
---------------------------------------------------------------
 msg : Undefined variable: result at  file: C:\web\php\www\easy-framework-web\framework\web\Application.php, on line: 51 
 file : C:\web\php\www\easy-framework-web\framework\components\error\Error.php 
 line : 9 
 code : 8 
 trace : #0 C:\web\php\www\easy-framework-web\framework\web\Application.php(51): framework\components\error\Error->handleError(8, 'Undefined varia...', 'C:\\web\\php\\www\\...', 51, Array)
#1 C:\web\php\www\easy-framework-web\framework\framework.php(27): framework\web\Application::run(Array)
#2 C:\web\php\www\easy-framework-web\index.php(8): require('C:\\web\\php\\www\\...')
#3 {main}

[2017-10-14 07:47:37] [ log ] localhost/easy-framework-web/index.php/er
 server: 0.0.0.0
 client: 0.0.0.0
---------------------------------------------------------------
 msg : Undefined variable: result at  file: C:\web\php\www\easy-framework-web\framework\web\Application.php, on line: 51 
 file : C:\web\php\www\easy-framework-web\framework\components\error\Error.php 
 line : 9 
 code : 8 
 trace : #0 C:\web\php\www\easy-framework-web\framework\web\Application.php(51): framework\components\error\Error->handleError(8, 'Undefined varia...', 'C:\\web\\php\\www\\...', 51, Array)
#1 C:\web\php\www\easy-framework-web\framework\framework.php(27): framework\web\Application::run(Array)
#2 C:\web\php\www\easy-framework-web\index.php(8): require('C:\\web\\php\\www\\...')
#3 {main}

[2017-10-14 07:47:38] [ log ] localhost/easy-framework-web/index.php/er
 server: 0.0.0.0
 client: 0.0.0.0
---------------------------------------------------------------
 msg : Undefined variable: result at  file: C:\web\php\www\easy-framework-web\framework\web\Application.php, on line: 51 
 file : C:\web\php\www\easy-framework-web\framework\components\error\Error.php 
 line : 9 
 code : 8 
 trace : #0 C:\web\php\www\easy-framework-web\framework\web\Application.php(51): framework\components\error\Error->handleError(8, 'Undefined varia...', 'C:\\web\\php\\www\\...', 51, Array)
#1 C:\web\php\www\easy-framework-web\framework\framework.php(27): framework\web\Application::run(Array)
#2 C:\web\php\www\easy-framework-web\index.php(8): require('C:\\web\\php\\www\\...')
#3 {main}

[2017-10-14 07:47:38] [ log ] localhost/easy-framework-web/index.php/er
 server: 0.0.0.0
 client: 0.0.0.0
---------------------------------------------------------------
 msg : Undefined variable: result at  file: C:\web\php\www\easy-framework-web\framework\web\Application.php, on line: 51 
 file : C:\web\php\www\easy-framework-web\framework\components\error\Error.php 
 line : 9 
 code : 8 
 trace : #0 C:\web\php\www\easy-framework-web\framework\web\Application.php(51): framework\components\error\Error->handleError(8, 'Undefined varia...', 'C:\\web\\php\\www\\...', 51, Array)
#1 C:\web\php\www\easy-framework-web\framework\framework.php(27): framework\web\Application::run(Array)
#2 C:\web\php\www\easy-framework-web\index.php(8): require('C:\\web\\php\\www\\...')
#3 {main}

[2017-10-14 07:47:46] [ log ] localhost/easy-framework-web/index.php/er
 server: 0.0.0.0
 client: 0.0.0.0
---------------------------------------------------------------
 msg : Undefined variable: result at  file: C:\web\php\www\easy-framework-web\framework\web\Application.php, on line: 52 
 file : C:\web\php\www\easy-framework-web\framework\components\error\Error.php 
 line : 9 
 code : 8 
 trace : #0 C:\web\php\www\easy-framework-web\framework\web\Application.php(52): framework\components\error\Error->handleError(8, 'Undefined varia...', 'C:\\web\\php\\www\\...', 52, Array)
#1 C:\web\php\www\easy-framework-web\framework\framework.php(27): framework\web\Application::run(Array)
#2 C:\web\php\www\easy-framework-web\index.php(8): require('C:\\web\\php\\www\\...')
#3 {main}

[2017-10-14 07:48:14] [ log ] localhost/easy-framework-web/index.php/er
 server: 0.0.0.0
 client: 0.0.0.0
---------------------------------------------------------------
 msg : Undefined variable: result at  file: C:\web\php\www\easy-framework-web\framework\web\Application.php, on line: 52 
 file : C:\web\php\www\easy-framework-web\framework\components\error\Error.php 
 line : 9 
 code : 8 
 trace : #0 C:\web\php\www\easy-framework-web\framework\web\Application.php(52): framework\components\error\Error->handleError(8, 'Undefined varia...', 'C:\\web\\php\\www\\...', 52, Array)
#1 C:\web\php\www\easy-framework-web\framework\framework.php(27): framework\web\Application::run(Array)
#2 C:\web\php\www\easy-framework-web\index.php(8): require('C:\\web\\php\\www\\...')
#3 {main}

[2017-10-14 07:48:14] [ log ] localhost/easy-framework-web/index.php/er
 server: 0.0.0.0
 client: 0.0.0.0
---------------------------------------------------------------
 msg : Undefined variable: result at  file: C:\web\php\www\easy-framework-web\framework\web\Application.php, on line: 52 
 file : C:\web\php\www\easy-framework-web\framework\components\error\Error.php 
 line : 9 
 code : 8 
 trace : #0 C:\web\php\www\easy-framework-web\framework\web\Application.php(52): framework\components\error\Error->handleError(8, 'Undefined varia...', 'C:\\web\\php\\www\\...', 52, Array)
#1 C:\web\php\www\easy-framework-web\framework\framework.php(27): framework\web\Application::run(Array)
#2 C:\web\php\www\easy-framework-web\index.php(8): require('C:\\web\\php\\www\\...')
#3 {main}

[2017-10-14 07:48:15] [ log ] localhost/easy-framework-web/index.php/er
 server: 0.0.0.0
 client: 0.0.0.0
---------------------------------------------------------------
 msg : Undefined variable: result at  file: C:\web\php\www\easy-framework-web\framework\web\Application.php, on line: 52 
 file : C:\web\php\www\easy-framework-web\framework\components\error\Error.php 
 line : 9 
 code : 8 
 trace : #0 C:\web\php\www\easy-framework-web\framework\web\Application.php(52): framework\components\error\Error->handleError(8, 'Undefined varia...', 'C:\\web\\php\\www\\...', 52, Array)
#1 C:\web\php\www\easy-framework-web\framework\framework.php(27): framework\web\Application::run(Array)
#2 C:\web\php\www\easy-framework-web\index.php(8): require('C:\\web\\php\\www\\...')
#3 {main}

[2017-10-14 07:48:15] [ log ] localhost/easy-framework-web/index.php/er
 server: 0.0.0.0
 client: 0.0.0.0
---------------------------------------------------------------
 msg : Undefined variable: result at  file: C:\web\php\www\easy-framework-web\framework\web\Application.php, on line: 52 
 file : C:\web\php\www\easy-framework-web\framework\components\error\Error.php 
 line : 9 
 code : 8 
 trace : #0 C:\web\php\www\easy-framework-web\framework\web\Application.php(52): framework\components\error\Error->handleError(8, 'Undefined varia...', 'C:\\web\\php\\www\\...', 52, Array)
#1 C:\web\php\www\easy-framework-web\framework\framework.php(27): framework\web\Application::run(Array)
#2 C:\web\php\www\easy-framework-web\index.php(8): require('C:\\web\\php\\www\\...')
#3 {main}

[2017-10-14 07:48:15] [ log ] localhost/easy-framework-web/index.php/er
 server: 0.0.0.0
 client: 0.0.0.0
---------------------------------------------------------------
 msg : Undefined variable: result at  file: C:\web\php\www\easy-framework-web\framework\web\Application.php, on line: 52 
 file : C:\web\php\www\easy-framework-web\framework\components\error\Error.php 
 line : 9 
 code : 8 
 trace : #0 C:\web\php\www\easy-framework-web\framework\web\Application.php(52): framework\components\error\Error->handleError(8, 'Undefined varia...', 'C:\\web\\php\\www\\...', 52, Array)
#1 C:\web\php\www\easy-framework-web\framework\framework.php(27): framework\web\Application::run(Array)
#2 C:\web\php\www\easy-framework-web\index.php(8): require('C:\\web\\php\\www\\...')
#3 {main}

[2017-10-14 07:48:15] [ log ] localhost/easy-framework-web/index.php/er
 server: 0.0.0.0
 client: 0.0.0.0
---------------------------------------------------------------
 msg : Undefined variable: result at  file: C:\web\php\www\easy-framework-web\framework\web\Application.php, on line: 52 
 file : C:\web\php\www\easy-framework-web\framework\components\error\Error.php 
 line : 9 
 code : 8 
 trace : #0 C:\web\php\www\easy-framework-web\framework\web\Application.php(52): framework\components\error\Error->handleError(8, 'Undefined varia...', 'C:\\web\\php\\www\\...', 52, Array)
#1 C:\web\php\www\easy-framework-web\framework\framework.php(27): framework\web\Application::run(Array)
#2 C:\web\php\www\easy-framework-web\index.php(8): require('C:\\web\\php\\www\\...')
#3 {main}

[2017-10-14 07:48:15] [ log ] localhost/easy-framework-web/index.php/er
 server: 0.0.0.0
 client: 0.0.0.0
---------------------------------------------------------------
 msg : Undefined variable: result at  file: C:\web\php\www\easy-framework-web\framework\web\Application.php, on line: 52 
 file : C:\web\php\www\easy-framework-web\framework\components\error\Error.php 
 line : 9 
 code : 8 
 trace : #0 C:\web\php\www\easy-framework-web\framework\web\Application.php(52): framework\components\error\Error->handleError(8, 'Undefined varia...', 'C:\\web\\php\\www\\...', 52, Array)
#1 C:\web\php\www\easy-framework-web\framework\framework.php(27): framework\web\Application::run(Array)
#2 C:\web\php\www\easy-framework-web\index.php(8): require('C:\\web\\php\\www\\...')
#3 {main}

[2017-10-14 07:48:16] [ log ] localhost/easy-framework-web/index.php/er
 server: 0.0.0.0
 client: 0.0.0.0
---------------------------------------------------------------
 msg : Undefined variable: result at  file: C:\web\php\www\easy-framework-web\framework\web\Application.php, on line: 52 
 file : C:\web\php\www\easy-framework-web\framework\components\error\Error.php 
 line : 9 
 code : 8 
 trace : #0 C:\web\php\www\easy-framework-web\framework\web\Application.php(52): framework\components\error\Error->handleError(8, 'Undefined varia...', 'C:\\web\\php\\www\\...', 52, Array)
#1 C:\web\php\www\easy-framework-web\framework\framework.php(27): framework\web\Application::run(Array)
#2 C:\web\php\www\easy-framework-web\index.php(8): require('C:\\web\\php\\www\\...')
#3 {main}

[2017-10-14 07:48:16] [ log ] localhost/easy-framework-web/index.php/er
 server: 0.0.0.0
 client: 0.0.0.0
---------------------------------------------------------------
 msg : Undefined variable: result at  file: C:\web\php\www\easy-framework-web\framework\web\Application.php, on line: 52 
 file : C:\web\php\www\easy-framework-web\framework\components\error\Error.php 
 line : 9 
 code : 8 
 trace : #0 C:\web\php\www\easy-framework-web\framework\web\Application.php(52): framework\components\error\Error->handleError(8, 'Undefined varia...', 'C:\\web\\php\\www\\...', 52, Array)
#1 C:\web\php\www\easy-framework-web\framework\framework.php(27): framework\web\Application::run(Array)
#2 C:\web\php\www\easy-framework-web\index.php(8): require('C:\\web\\php\\www\\...')
#3 {main}

[2017-10-14 07:48:22] [ log ] localhost/easy-framework-web/index.php/45
 server: 0.0.0.0
 client: 0.0.0.0
---------------------------------------------------------------
 msg : Undefined variable: result at  file: C:\web\php\www\easy-framework-web\framework\web\Application.php, on line: 52 
 file : C:\web\php\www\easy-framework-web\framework\components\error\Error.php 
 line : 9 
 code : 8 
 trace : #0 C:\web\php\www\easy-framework-web\framework\web\Application.php(52): framework\components\error\Error->handleError(8, 'Undefined varia...', 'C:\\web\\php\\www\\...', 52, Array)
#1 C:\web\php\www\easy-framework-web\framework\framework.php(27): framework\web\Application::run(Array)
#2 C:\web\php\www\easy-framework-web\index.php(8): require('C:\\web\\php\\www\\...')
#3 {main}

[2017-10-14 07:48:54] [ log ] localhost/easy-framework-web/index.php/45
 server: 0.0.0.0
 client: 0.0.0.0
---------------------------------------------------------------
 msg : Undefined variable: result at  file: C:\web\php\www\easy-framework-web\framework\web\Application.php, on line: 53 
 file : C:\web\php\www\easy-framework-web\framework\components\error\Error.php 
 line : 9 
 code : 8 
 trace : #0 C:\web\php\www\easy-framework-web\framework\web\Application.php(53): framework\components\error\Error->handleError(8, 'Undefined varia...', 'C:\\web\\php\\www\\...', 53, Array)
#1 C:\web\php\www\easy-framework-web\framework\framework.php(27): framework\web\Application::run(Array)
#2 C:\web\php\www\easy-framework-web\index.php(8): require('C:\\web\\php\\www\\...')
#3 {main}

[2017-10-14 08:06:07] [ log ] localhost/easy-framework-web/index.php/index/index/tr/ty/page/7
 server: 0.0.0.0
 client: 0.0.0.0
---------------------------------------------------------------
 msg : The view file: C:\web\php\www\easy-framework-web/application/view/de/er.html is not found! 
 file : C:\web\php\www\easy-framework-web\framework\components\view\View.php 
 line : 292 
 code : 404 
 trace : #0 C:\web\php\www\easy-framework-web\framework\components\view\View.php(161): framework\components\view\View->loadViewFile('C:\\web\\php\\www\\...')
#1 C:\web\php\www\easy-framework-web\framework\web\Controller.php(29): framework\components\view\View->display('de/er')
#2 C:\web\php\www\easy-framework-web\application\controller\Index.php(44): framework\web\Controller->display('de/er')
#3 C:\web\php\www\easy-framework-web\framework\components\dispatcher\Dispatcher.php(41): application\controller\Index->indexAction()
#4 C:\web\php\www\easy-framework-web\framework\web\Application.php(43): framework\components\dispatcher\Dispatcher->run(Array)
#5 C:\web\php\www\easy-framework-web\framework\framework.php(31): framework\web\Application::run(Array)
#6 C:\web\php\www\easy-framework-web\index.php(8): require('C:\\web\\php\\www\\...')
#7 {main}

[2017-10-14 08:06:09] [ log ] localhost/easy-framework-web/index.php/index/index/tr/ty/page/7
 server: 0.0.0.0
 client: 0.0.0.0
---------------------------------------------------------------
 msg : The view file: C:\web\php\www\easy-framework-web/application/view/de/er.html is not found! 
 file : C:\web\php\www\easy-framework-web\framework\components\view\View.php 
 line : 292 
 code : 404 
 trace : #0 C:\web\php\www\easy-framework-web\framework\components\view\View.php(161): framework\components\view\View->loadViewFile('C:\\web\\php\\www\\...')
#1 C:\web\php\www\easy-framework-web\framework\web\Controller.php(29): framework\components\view\View->display('de/er')
#2 C:\web\php\www\easy-framework-web\application\controller\Index.php(44): framework\web\Controller->display('de/er')
#3 C:\web\php\www\easy-framework-web\framework\components\dispatcher\Dispatcher.php(41): application\controller\Index->indexAction()
#4 C:\web\php\www\easy-framework-web\framework\web\Application.php(43): framework\components\dispatcher\Dispatcher->run(Array)
#5 C:\web\php\www\easy-framework-web\framework\framework.php(31): framework\web\Application::run(Array)
#6 C:\web\php\www\easy-framework-web\index.php(8): require('C:\\web\\php\\www\\...')
#7 {main}

[2017-10-14 08:06:35] [ log ] localhost/easy-framework-web/index.php/index/index/tr/ty/page/7
 server: 0.0.0.0
 client: 0.0.0.0
---------------------------------------------------------------
 msg : The view file: C:\web\php\www\easy-framework-web/application/view/de/er.html is not found! 
 file : C:\web\php\www\easy-framework-web\framework\components\view\View.php 
 line : 292 
 code : 404 
 trace : #0 C:\web\php\www\easy-framework-web\framework\components\view\View.php(161): framework\components\view\View->loadViewFile('C:\\web\\php\\www\\...')
#1 C:\web\php\www\easy-framework-web\framework\web\Controller.php(29): framework\components\view\View->display('de/er')
#2 C:\web\php\www\easy-framework-web\application\controller\Index.php(44): framework\web\Controller->display('de/er')
#3 C:\web\php\www\easy-framework-web\framework\components\dispatcher\Dispatcher.php(41): application\controller\Index->indexAction()
#4 C:\web\php\www\easy-framework-web\framework\web\Application.php(43): framework\components\dispatcher\Dispatcher->run(Array)
#5 C:\web\php\www\easy-framework-web\framework\framework.php(31): framework\web\Application::run(Array)
#6 C:\web\php\www\easy-framework-web\index.php(8): require('C:\\web\\php\\www\\...')
#7 {main}

[2017-10-14 08:06:35] [ log ] localhost/easy-framework-web/index.php/index/index/tr/ty/page/7
 server: 0.0.0.0
 client: 0.0.0.0
---------------------------------------------------------------
 msg : The view file: C:\web\php\www\easy-framework-web/application/view/de/er.html is not found! 
 file : C:\web\php\www\easy-framework-web\framework\components\view\View.php 
 line : 292 
 code : 404 
 trace : #0 C:\web\php\www\easy-framework-web\framework\components\view\View.php(161): framework\components\view\View->loadViewFile('C:\\web\\php\\www\\...')
#1 C:\web\php\www\easy-framework-web\framework\web\Controller.php(29): framework\components\view\View->display('de/er')
#2 C:\web\php\www\easy-framework-web\application\controller\Index.php(44): framework\web\Controller->display('de/er')
#3 C:\web\php\www\easy-framework-web\framework\components\dispatcher\Dispatcher.php(41): application\controller\Index->indexAction()
#4 C:\web\php\www\easy-framework-web\framework\web\Application.php(43): framework\components\dispatcher\Dispatcher->run(Array)
#5 C:\web\php\www\easy-framework-web\framework\framework.php(31): framework\web\Application::run(Array)
#6 C:\web\php\www\easy-framework-web\index.php(8): require('C:\\web\\php\\www\\...')
#7 {main}

[2017-10-14 08:06:35] [ log ] localhost/easy-framework-web/index.php/index/index/tr/ty/page/7
 server: 0.0.0.0
 client: 0.0.0.0
---------------------------------------------------------------
 msg : The view file: C:\web\php\www\easy-framework-web/application/view/de/er.html is not found! 
 file : C:\web\php\www\easy-framework-web\framework\components\view\View.php 
 line : 292 
 code : 404 
 trace : #0 C:\web\php\www\easy-framework-web\framework\components\view\View.php(161): framework\components\view\View->loadViewFile('C:\\web\\php\\www\\...')
#1 C:\web\php\www\easy-framework-web\framework\web\Controller.php(29): framework\components\view\View->display('de/er')
#2 C:\web\php\www\easy-framework-web\application\controller\Index.php(44): framework\web\Controller->display('de/er')
#3 C:\web\php\www\easy-framework-web\framework\components\dispatcher\Dispatcher.php(41): application\controller\Index->indexAction()
#4 C:\web\php\www\easy-framework-web\framework\web\Application.php(43): framework\components\dispatcher\Dispatcher->run(Array)
#5 C:\web\php\www\easy-framework-web\framework\framework.php(31): framework\web\Application::run(Array)
#6 C:\web\php\www\easy-framework-web\index.php(8): require('C:\\web\\php\\www\\...')
#7 {main}

[2017-10-14 08:33:04] [ log ] localhost/easy-framework-web/index.php/index/index/tr/ty/page/7
 server: 0.0.0.0
 client: 0.0.0.0
---------------------------------------------------------------
 msg : The view file: C:\web\php\www\easy-framework-web/application/view/de/er.html is not found! 
 file : C:\web\php\www\easy-framework-web\framework\components\view\View.php 
 line : 292 
 code : 404 
 trace : #0 C:\web\php\www\easy-framework-web\framework\components\view\View.php(161): framework\components\view\View->loadViewFile('C:\\web\\php\\www\\...')
#1 C:\web\php\www\easy-framework-web\framework\web\Controller.php(27): framework\components\view\View->display('de/er')
#2 C:\web\php\www\easy-framework-web\application\controller\Index.php(44): framework\web\Controller->display('de/er')
#3 C:\web\php\www\easy-framework-web\framework\components\dispatcher\Dispatcher.php(41): application\controller\Index->indexAction()
#4 C:\web\php\www\easy-framework-web\framework\web\Application.php(43): framework\components\dispatcher\Dispatcher->run(Array)
#5 C:\web\php\www\easy-framework-web\framework\framework.php(36): framework\web\Application::run(Array)
#6 C:\web\php\www\easy-framework-web\index.php(8): require('C:\\web\\php\\www\\...')
#7 {main}

[2017-10-14 08:33:04] [ log ] localhost/easy-framework-web/index.php/index/index/tr/ty/page/7
 server: 0.0.0.0
 client: 0.0.0.0
---------------------------------------------------------------
 msg : The view file: C:\web\php\www\easy-framework-web/application/view/de/er.html is not found! 
 file : C:\web\php\www\easy-framework-web\framework\components\view\View.php 
 line : 292 
 code : 404 
 trace : #0 C:\web\php\www\easy-framework-web\framework\components\view\View.php(161): framework\components\view\View->loadViewFile('C:\\web\\php\\www\\...')
#1 C:\web\php\www\easy-framework-web\framework\web\Controller.php(27): framework\components\view\View->display('de/er')
#2 C:\web\php\www\easy-framework-web\application\controller\Index.php(44): framework\web\Controller->display('de/er')
#3 C:\web\php\www\easy-framework-web\framework\components\dispatcher\Dispatcher.php(41): application\controller\Index->indexAction()
#4 C:\web\php\www\easy-framework-web\framework\web\Application.php(43): framework\components\dispatcher\Dispatcher->run(Array)
#5 C:\web\php\www\easy-framework-web\framework\framework.php(36): framework\web\Application::run(Array)
#6 C:\web\php\www\easy-framework-web\index.php(8): require('C:\\web\\php\\www\\...')
#7 {main}

[2017-10-14 08:33:04] [ log ] localhost/easy-framework-web/index.php/index/index/tr/ty/page/7
 server: 0.0.0.0
 client: 0.0.0.0
---------------------------------------------------------------
 msg : The view file: C:\web\php\www\easy-framework-web/application/view/de/er.html is not found! 
 file : C:\web\php\www\easy-framework-web\framework\components\view\View.php 
 line : 292 
 code : 404 
 trace : #0 C:\web\php\www\easy-framework-web\framework\components\view\View.php(161): framework\components\view\View->loadViewFile('C:\\web\\php\\www\\...')
#1 C:\web\php\www\easy-framework-web\framework\web\Controller.php(27): framework\components\view\View->display('de/er')
#2 C:\web\php\www\easy-framework-web\application\controller\Index.php(44): framework\web\Controller->display('de/er')
#3 C:\web\php\www\easy-framework-web\framework\components\dispatcher\Dispatcher.php(41): application\controller\Index->indexAction()
#4 C:\web\php\www\easy-framework-web\framework\web\Application.php(43): framework\components\dispatcher\Dispatcher->run(Array)
#5 C:\web\php\www\easy-framework-web\framework\framework.php(36): framework\web\Application::run(Array)
#6 C:\web\php\www\easy-framework-web\index.php(8): require('C:\\web\\php\\www\\...')
#7 {main}

[2017-10-14 08:33:05] [ log ] localhost/easy-framework-web/index.php/index/index/tr/ty/page/7
 server: 0.0.0.0
 client: 0.0.0.0
---------------------------------------------------------------
 msg : The view file: C:\web\php\www\easy-framework-web/application/view/de/er.html is not found! 
 file : C:\web\php\www\easy-framework-web\framework\components\view\View.php 
 line : 292 
 code : 404 
 trace : #0 C:\web\php\www\easy-framework-web\framework\components\view\View.php(161): framework\components\view\View->loadViewFile('C:\\web\\php\\www\\...')
#1 C:\web\php\www\easy-framework-web\framework\web\Controller.php(27): framework\components\view\View->display('de/er')
#2 C:\web\php\www\easy-framework-web\application\controller\Index.php(44): framework\web\Controller->display('de/er')
#3 C:\web\php\www\easy-framework-web\framework\components\dispatcher\Dispatcher.php(41): application\controller\Index->indexAction()
#4 C:\web\php\www\easy-framework-web\framework\web\Application.php(43): framework\components\dispatcher\Dispatcher->run(Array)
#5 C:\web\php\www\easy-framework-web\framework\framework.php(36): framework\web\Application::run(Array)
#6 C:\web\php\www\easy-framework-web\index.php(8): require('C:\\web\\php\\www\\...')
#7 {main}

[2017-10-14 08:37:34] [ log ] localhost/easy-framework-web/index.php/index/index/tr/ty/page/7
 server: 0.0.0.0
 client: 0.0.0.0
---------------------------------------------------------------
 msg : Call to undefined method application\model\User::unInstall() 
 file : C:\web\php\www\easy-framework-web\framework\base\Model.php 
 line : 8 
 code : 0 
 trace : #0 C:\web\php\www\easy-framework-web\framework\base\Component.php(26): framework\base\Model->init()
#1 C:\web\php\www\easy-framework-web\framework\base\Container.php(93): framework\base\Component->setUniqueId('6a160a17e50d51e...')
#2 C:\web\php\www\easy-framework-web\framework\base\Component.php(20): framework\base\Container->getComponent('6a160a17e50d51e...', Array)
#3 C:\web\php\www\easy-framework-web\framework\base\Controller.php(140): framework\base\Component->getComponent('6a160a17e50d51e...')
#4 C:\web\php\www\easy-framework-web\application\controller\Index.php(31): framework\base\Controller->model('User')
#5 C:\web\php\www\easy-framework-web\framework\base\Component.php(26): application\controller\Index->init()
#6 C:\web\php\www\easy-framework-web\framework\base\Container.php(93): framework\base\Component->setUniqueId('c4e9dd57cd1f832...')
#7 C:\web\php\www\easy-framework-web\framework\base\Component.php(20): framework\base\Container->getComponent('c4e9dd57cd1f832...', Array)
#8 C:\web\php\www\easy-framework-web\framework\components\dispatcher\Dispatcher.php(27): framework\base\Component->getComponent('c4e9dd57cd1f832...')
#9 C:\web\php\www\easy-framework-web\framework\web\Application.php(43): framework\components\dispatcher\Dispatcher->run(Array)
#10 C:\web\php\www\easy-framework-web\framework\framework.php(36): framework\web\Application::run(Array)
#11 C:\web\php\www\easy-framework-web\index.php(8): require('C:\\web\\php\\www\\...')
#12 {main}

[2017-10-14 08:37:52] [ log ] localhost/easy-framework-web/index.php/index/index/tr/ty/page/7
 server: 0.0.0.0
 client: 0.0.0.0
---------------------------------------------------------------
 msg : The view file: C:\web\php\www\easy-framework-web/application/view/de/er.html is not found! 
 file : C:\web\php\www\easy-framework-web\framework\components\view\View.php 
 line : 291 
 code : 404 
 trace : #0 C:\web\php\www\easy-framework-web\framework\components\view\View.php(160): framework\components\view\View->loadViewFile('C:\\web\\php\\www\\...')
#1 C:\web\php\www\easy-framework-web\framework\web\Controller.php(27): framework\components\view\View->display('de/er')
#2 C:\web\php\www\easy-framework-web\application\controller\Index.php(44): framework\web\Controller->display('de/er')
#3 C:\web\php\www\easy-framework-web\framework\components\dispatcher\Dispatcher.php(36): application\controller\Index->indexAction()
#4 C:\web\php\www\easy-framework-web\framework\web\Application.php(43): framework\components\dispatcher\Dispatcher->run(Array)
#5 C:\web\php\www\easy-framework-web\framework\framework.php(36): framework\web\Application::run(Array)
#6 C:\web\php\www\easy-framework-web\index.php(8): require('C:\\web\\php\\www\\...')
#7 {main}

[2017-10-14 08:37:52] [ log ] localhost/easy-framework-web/index.php/index/index/tr/ty/page/7
 server: 0.0.0.0
 client: 0.0.0.0
---------------------------------------------------------------
 msg : The view file: C:\web\php\www\easy-framework-web/application/view/de/er.html is not found! 
 file : C:\web\php\www\easy-framework-web\framework\components\view\View.php 
 line : 291 
 code : 404 
 trace : #0 C:\web\php\www\easy-framework-web\framework\components\view\View.php(160): framework\components\view\View->loadViewFile('C:\\web\\php\\www\\...')
#1 C:\web\php\www\easy-framework-web\framework\web\Controller.php(27): framework\components\view\View->display('de/er')
#2 C:\web\php\www\easy-framework-web\application\controller\Index.php(44): framework\web\Controller->display('de/er')
#3 C:\web\php\www\easy-framework-web\framework\components\dispatcher\Dispatcher.php(36): application\controller\Index->indexAction()
#4 C:\web\php\www\easy-framework-web\framework\web\Application.php(43): framework\components\dispatcher\Dispatcher->run(Array)
#5 C:\web\php\www\easy-framework-web\framework\framework.php(36): framework\web\Application::run(Array)
#6 C:\web\php\www\easy-framework-web\index.php(8): require('C:\\web\\php\\www\\...')
#7 {main}

[2017-10-14 08:37:52] [ log ] localhost/easy-framework-web/index.php/index/index/tr/ty/page/7
 server: 0.0.0.0
 client: 0.0.0.0
---------------------------------------------------------------
 msg : The view file: C:\web\php\www\easy-framework-web/application/view/de/er.html is not found! 
 file : C:\web\php\www\easy-framework-web\framework\components\view\View.php 
 line : 291 
 code : 404 
 trace : #0 C:\web\php\www\easy-framework-web\framework\components\view\View.php(160): framework\components\view\View->loadViewFile('C:\\web\\php\\www\\...')
#1 C:\web\php\www\easy-framework-web\framework\web\Controller.php(27): framework\components\view\View->display('de/er')
#2 C:\web\php\www\easy-framework-web\application\controller\Index.php(44): framework\web\Controller->display('de/er')
#3 C:\web\php\www\easy-framework-web\framework\components\dispatcher\Dispatcher.php(36): application\controller\Index->indexAction()
#4 C:\web\php\www\easy-framework-web\framework\web\Application.php(43): framework\components\dispatcher\Dispatcher->run(Array)
#5 C:\web\php\www\easy-framework-web\framework\framework.php(36): framework\web\Application::run(Array)
#6 C:\web\php\www\easy-framework-web\index.php(8): require('C:\\web\\php\\www\\...')
#7 {main}

[2017-10-14 08:37:52] [ log ] localhost/easy-framework-web/index.php/index/index/tr/ty/page/7
 server: 0.0.0.0
 client: 0.0.0.0
---------------------------------------------------------------
 msg : The view file: C:\web\php\www\easy-framework-web/application/view/de/er.html is not found! 
 file : C:\web\php\www\easy-framework-web\framework\components\view\View.php 
 line : 291 
 code : 404 
 trace : #0 C:\web\php\www\easy-framework-web\framework\components\view\View.php(160): framework\components\view\View->loadViewFile('C:\\web\\php\\www\\...')
#1 C:\web\php\www\easy-framework-web\framework\web\Controller.php(27): framework\components\view\View->display('de/er')
#2 C:\web\php\www\easy-framework-web\application\controller\Index.php(44): framework\web\Controller->display('de/er')
#3 C:\web\php\www\easy-framework-web\framework\components\dispatcher\Dispatcher.php(36): application\controller\Index->indexAction()
#4 C:\web\php\www\easy-framework-web\framework\web\Application.php(43): framework\components\dispatcher\Dispatcher->run(Array)
#5 C:\web\php\www\easy-framework-web\framework\framework.php(36): framework\web\Application::run(Array)
#6 C:\web\php\www\easy-framework-web\index.php(8): require('C:\\web\\php\\www\\...')
#7 {main}

[2017-10-14 08:37:53] [ log ] localhost/easy-framework-web/index.php/index/index/tr/ty/page/7
 server: 0.0.0.0
 client: 0.0.0.0
---------------------------------------------------------------
 msg : The view file: C:\web\php\www\easy-framework-web/application/view/de/er.html is not found! 
 file : C:\web\php\www\easy-framework-web\framework\components\view\View.php 
 line : 291 
 code : 404 
 trace : #0 C:\web\php\www\easy-framework-web\framework\components\view\View.php(160): framework\components\view\View->loadViewFile('C:\\web\\php\\www\\...')
#1 C:\web\php\www\easy-framework-web\framework\web\Controller.php(27): framework\components\view\View->display('de/er')
#2 C:\web\php\www\easy-framework-web\application\controller\Index.php(44): framework\web\Controller->display('de/er')
#3 C:\web\php\www\easy-framework-web\framework\components\dispatcher\Dispatcher.php(36): application\controller\Index->indexAction()
#4 C:\web\php\www\easy-framework-web\framework\web\Application.php(43): framework\components\dispatcher\Dispatcher->run(Array)
#5 C:\web\php\www\easy-framework-web\framework\framework.php(36): framework\web\Application::run(Array)
#6 C:\web\php\www\easy-framework-web\index.php(8): require('C:\\web\\php\\www\\...')
#7 {main}

[2017-10-14 08:37:53] [ log ] localhost/easy-framework-web/index.php/index/index/tr/ty/page/7
 server: 0.0.0.0
 client: 0.0.0.0
---------------------------------------------------------------
 msg : The view file: C:\web\php\www\easy-framework-web/application/view/de/er.html is not found! 
 file : C:\web\php\www\easy-framework-web\framework\components\view\View.php 
 line : 291 
 code : 404 
 trace : #0 C:\web\php\www\easy-framework-web\framework\components\view\View.php(160): framework\components\view\View->loadViewFile('C:\\web\\php\\www\\...')
#1 C:\web\php\www\easy-framework-web\framework\web\Controller.php(27): framework\components\view\View->display('de/er')
#2 C:\web\php\www\easy-framework-web\application\controller\Index.php(44): framework\web\Controller->display('de/er')
#3 C:\web\php\www\easy-framework-web\framework\components\dispatcher\Dispatcher.php(36): application\controller\Index->indexAction()
#4 C:\web\php\www\easy-framework-web\framework\web\Application.php(43): framework\components\dispatcher\Dispatcher->run(Array)
#5 C:\web\php\www\easy-framework-web\framework\framework.php(36): framework\web\Application::run(Array)
#6 C:\web\php\www\easy-framework-web\index.php(8): require('C:\\web\\php\\www\\...')
#7 {main}

[2017-10-14 08:44:45] [ log ] localhost/easy-framework-web/index.php/index/index/tr/ty/page/7
 server: 0.0.0.0
 client: 0.0.0.0
---------------------------------------------------------------
 msg : The view file: C:\web\php\www\easy-framework-web/application/view/de/er.html is not found! 
 file : C:\web\php\www\easy-framework-web\framework\components\view\View.php 
 line : 291 
 code : 404 
 trace : #0 C:\web\php\www\easy-framework-web\framework\components\view\View.php(160): framework\components\view\View->loadViewFile('C:\\web\\php\\www\\...')
#1 C:\web\php\www\easy-framework-web\framework\web\Controller.php(27): framework\components\view\View->display('de/er')
#2 C:\web\php\www\easy-framework-web\application\controller\Index.php(44): framework\web\Controller->display('de/er')
#3 C:\web\php\www\easy-framework-web\framework\components\dispatcher\Dispatcher.php(36): application\controller\Index->indexAction()
#4 C:\web\php\www\easy-framework-web\framework\web\Application.php(43): framework\components\dispatcher\Dispatcher->run(Array)
#5 C:\web\php\www\easy-framework-web\framework\framework.php(36): framework\web\Application::run(Array)
#6 C:\web\php\www\easy-framework-web\index.php(8): require('C:\\web\\php\\www\\...')
#7 {main}

[2017-10-14 08:44:45] [ log ] localhost/easy-framework-web/index.php/index/index/tr/ty/page/7
 server: 0.0.0.0
 client: 0.0.0.0
---------------------------------------------------------------
 msg : The view file: C:\web\php\www\easy-framework-web/application/view/de/er.html is not found! 
 file : C:\web\php\www\easy-framework-web\framework\components\view\View.php 
 line : 291 
 code : 404 
 trace : #0 C:\web\php\www\easy-framework-web\framework\components\view\View.php(160): framework\components\view\View->loadViewFile('C:\\web\\php\\www\\...')
#1 C:\web\php\www\easy-framework-web\framework\web\Controller.php(27): framework\components\view\View->display('de/er')
#2 C:\web\php\www\easy-framework-web\application\controller\Index.php(44): framework\web\Controller->display('de/er')
#3 C:\web\php\www\easy-framework-web\framework\components\dispatcher\Dispatcher.php(36): application\controller\Index->indexAction()
#4 C:\web\php\www\easy-framework-web\framework\web\Application.php(43): framework\components\dispatcher\Dispatcher->run(Array)
#5 C:\web\php\www\easy-framework-web\framework\framework.php(36): framework\web\Application::run(Array)
#6 C:\web\php\www\easy-framework-web\index.php(8): require('C:\\web\\php\\www\\...')
#7 {main}

[2017-10-14 08:44:45] [ log ] localhost/easy-framework-web/index.php/index/index/tr/ty/page/7
 server: 0.0.0.0
 client: 0.0.0.0
---------------------------------------------------------------
 msg : The view file: C:\web\php\www\easy-framework-web/application/view/de/er.html is not found! 
 file : C:\web\php\www\easy-framework-web\framework\components\view\View.php 
 line : 291 
 code : 404 
 trace : #0 C:\web\php\www\easy-framework-web\framework\components\view\View.php(160): framework\components\view\View->loadViewFile('C:\\web\\php\\www\\...')
#1 C:\web\php\www\easy-framework-web\framework\web\Controller.php(27): framework\components\view\View->display('de/er')
#2 C:\web\php\www\easy-framework-web\application\controller\Index.php(44): framework\web\Controller->display('de/er')
#3 C:\web\php\www\easy-framework-web\framework\components\dispatcher\Dispatcher.php(36): application\controller\Index->indexAction()
#4 C:\web\php\www\easy-framework-web\framework\web\Application.php(43): framework\components\dispatcher\Dispatcher->run(Array)
#5 C:\web\php\www\easy-framework-web\framework\framework.php(36): framework\web\Application::run(Array)
#6 C:\web\php\www\easy-framework-web\index.php(8): require('C:\\web\\php\\www\\...')
#7 {main}

[2017-10-14 08:44:45] [ log ] localhost/easy-framework-web/index.php/index/index/tr/ty/page/7
 server: 0.0.0.0
 client: 0.0.0.0
---------------------------------------------------------------
 msg : The view file: C:\web\php\www\easy-framework-web/application/view/de/er.html is not found! 
 file : C:\web\php\www\easy-framework-web\framework\components\view\View.php 
 line : 291 
 code : 404 
 trace : #0 C:\web\php\www\easy-framework-web\framework\components\view\View.php(160): framework\components\view\View->loadViewFile('C:\\web\\php\\www\\...')
#1 C:\web\php\www\easy-framework-web\framework\web\Controller.php(27): framework\components\view\View->display('de/er')
#2 C:\web\php\www\easy-framework-web\application\controller\Index.php(44): framework\web\Controller->display('de/er')
#3 C:\web\php\www\easy-framework-web\framework\components\dispatcher\Dispatcher.php(36): application\controller\Index->indexAction()
#4 C:\web\php\www\easy-framework-web\framework\web\Application.php(43): framework\components\dispatcher\Dispatcher->run(Array)
#5 C:\web\php\www\easy-framework-web\framework\framework.php(36): framework\web\Application::run(Array)
#6 C:\web\php\www\easy-framework-web\index.php(8): require('C:\\web\\php\\www\\...')
#7 {main}

[2017-10-14 08:45:31] [ log ] localhost/easy-framework-web/index.php/er
 server: 0.0.0.0
 client: 0.0.0.0
---------------------------------------------------------------
 msg : C:\web\php\www\easy-framework-web/application/controller/Er.phpnot exists 
 file : C:\web\php\www\easy-framework-web\framework\components\dispatcher\Dispatcher.php 
 line : 19 
 code : 404 
 trace : #0 C:\web\php\www\easy-framework-web\framework\web\Application.php(43): framework\components\dispatcher\Dispatcher->run(Array)
#1 C:\web\php\www\easy-framework-web\framework\framework.php(36): framework\web\Application::run(Array)
#2 C:\web\php\www\easy-framework-web\index.php(8): require('C:\\web\\php\\www\\...')
#3 {main}

[2017-10-14 08:45:32] [ log ] localhost/easy-framework-web/index.php/er
 server: 0.0.0.0
 client: 0.0.0.0
---------------------------------------------------------------
 msg : C:\web\php\www\easy-framework-web/application/controller/Er.phpnot exists 
 file : C:\web\php\www\easy-framework-web\framework\components\dispatcher\Dispatcher.php 
 line : 19 
 code : 404 
 trace : #0 C:\web\php\www\easy-framework-web\framework\web\Application.php(43): framework\components\dispatcher\Dispatcher->run(Array)
#1 C:\web\php\www\easy-framework-web\framework\framework.php(36): framework\web\Application::run(Array)
#2 C:\web\php\www\easy-framework-web\index.php(8): require('C:\\web\\php\\www\\...')
#3 {main}

[2017-10-14 09:02:15] [ log ] localhost/easy-framework-web/index.php/we
 server: 0.0.0.0
 client: 0.0.0.0
---------------------------------------------------------------
 msg : C:\web\php\www\easy-framework-web/application/controller/We.phpnot exists 
 file : C:\web\php\www\easy-framework-web\framework\components\dispatcher\Dispatcher.php 
 line : 19 
 code : 404 
 trace : #0 C:\web\php\www\easy-framework-web\framework\web\Application.php(43): framework\components\dispatcher\Dispatcher->run(Array)
#1 C:\web\php\www\easy-framework-web\framework\framework.php(36): framework\web\Application::run(Array)
#2 C:\web\php\www\easy-framework-web\index.php(8): require('C:\\web\\php\\www\\...')
#3 {main}

[2017-10-14 09:02:16] [ log ] localhost/easy-framework-web/index.php/we
 server: 0.0.0.0
 client: 0.0.0.0
---------------------------------------------------------------
 msg : C:\web\php\www\easy-framework-web/application/controller/We.phpnot exists 
 file : C:\web\php\www\easy-framework-web\framework\components\dispatcher\Dispatcher.php 
 line : 19 
 code : 404 
 trace : #0 C:\web\php\www\easy-framework-web\framework\web\Application.php(43): framework\components\dispatcher\Dispatcher->run(Array)
#1 C:\web\php\www\easy-framework-web\framework\framework.php(36): framework\web\Application::run(Array)
#2 C:\web\php\www\easy-framework-web\index.php(8): require('C:\\web\\php\\www\\...')
#3 {main}

[2017-10-14 09:02:16] [ log ] localhost/easy-framework-web/index.php/we
 server: 0.0.0.0
 client: 0.0.0.0
---------------------------------------------------------------
 msg : C:\web\php\www\easy-framework-web/application/controller/We.phpnot exists 
 file : C:\web\php\www\easy-framework-web\framework\components\dispatcher\Dispatcher.php 
 line : 19 
 code : 404 
 trace : #0 C:\web\php\www\easy-framework-web\framework\web\Application.php(43): framework\components\dispatcher\Dispatcher->run(Array)
#1 C:\web\php\www\easy-framework-web\framework\framework.php(36): framework\web\Application::run(Array)
#2 C:\web\php\www\easy-framework-web\index.php(8): require('C:\\web\\php\\www\\...')
#3 {main}

[2017-10-14 09:02:16] [ log ] localhost/easy-framework-web/index.php/we
 server: 0.0.0.0
 client: 0.0.0.0
---------------------------------------------------------------
 msg : C:\web\php\www\easy-framework-web/application/controller/We.phpnot exists 
 file : C:\web\php\www\easy-framework-web\framework\components\dispatcher\Dispatcher.php 
 line : 19 
 code : 404 
 trace : #0 C:\web\php\www\easy-framework-web\framework\web\Application.php(43): framework\components\dispatcher\Dispatcher->run(Array)
#1 C:\web\php\www\easy-framework-web\framework\framework.php(36): framework\web\Application::run(Array)
#2 C:\web\php\www\easy-framework-web\index.php(8): require('C:\\web\\php\\www\\...')
#3 {main}

[2017-10-14 09:03:43] [ log ] localhost/easy-framework-web/index.php/we
 server: 0.0.0.0
 client: 0.0.0.0
---------------------------------------------------------------
 msg : C:\web\php\www\easy-framework-web/application/controller/We.phpnot exists 
 file : C:\web\php\www\easy-framework-web\framework\components\dispatcher\Dispatcher.php 
 line : 19 
 code : 404 
 trace : #0 C:\web\php\www\easy-framework-web\framework\web\Application.php(43): framework\components\dispatcher\Dispatcher->run(Array)
#1 C:\web\php\www\easy-framework-web\framework\framework.php(36): framework\web\Application::run(Array)
#2 C:\web\php\www\easy-framework-web\index.php(8): require('C:\\web\\php\\www\\...')
#3 {main}

[2017-10-14 09:03:43] [ log ] localhost/easy-framework-web/index.php/we
 server: 0.0.0.0
 client: 0.0.0.0
---------------------------------------------------------------
 msg : C:\web\php\www\easy-framework-web/application/controller/We.phpnot exists 
 file : C:\web\php\www\easy-framework-web\framework\components\dispatcher\Dispatcher.php 
 line : 19 
 code : 404 
 trace : #0 C:\web\php\www\easy-framework-web\framework\web\Application.php(43): framework\components\dispatcher\Dispatcher->run(Array)
#1 C:\web\php\www\easy-framework-web\framework\framework.php(36): framework\web\Application::run(Array)
#2 C:\web\php\www\easy-framework-web\index.php(8): require('C:\\web\\php\\www\\...')
#3 {main}

[2017-10-14 09:03:43] [ log ] localhost/easy-framework-web/index.php/we
 server: 0.0.0.0
 client: 0.0.0.0
---------------------------------------------------------------
 msg : C:\web\php\www\easy-framework-web/application/controller/We.phpnot exists 
 file : C:\web\php\www\easy-framework-web\framework\components\dispatcher\Dispatcher.php 
 line : 19 
 code : 404 
 trace : #0 C:\web\php\www\easy-framework-web\framework\web\Application.php(43): framework\components\dispatcher\Dispatcher->run(Array)
#1 C:\web\php\www\easy-framework-web\framework\framework.php(36): framework\web\Application::run(Array)
#2 C:\web\php\www\easy-framework-web\index.php(8): require('C:\\web\\php\\www\\...')
#3 {main}

[2017-10-14 09:03:43] [ log ] localhost/easy-framework-web/index.php/we
 server: 0.0.0.0
 client: 0.0.0.0
---------------------------------------------------------------
 msg : C:\web\php\www\easy-framework-web/application/controller/We.phpnot exists 
 file : C:\web\php\www\easy-framework-web\framework\components\dispatcher\Dispatcher.php 
 line : 19 
 code : 404 
 trace : #0 C:\web\php\www\easy-framework-web\framework\web\Application.php(43): framework\components\dispatcher\Dispatcher->run(Array)
#1 C:\web\php\www\easy-framework-web\framework\framework.php(36): framework\web\Application::run(Array)
#2 C:\web\php\www\easy-framework-web\index.php(8): require('C:\\web\\php\\www\\...')
#3 {main}

