[2017-09-02 06:20:31] [ log ] localhost/easy-framework/0.0.0.00.0.0.0
---------------------------------------------------------------

msg : syntax error, unexpected 'if' (T_IF), expecting identifier (T_STRING) maybe this class not instance of Components \n\r code : 500
[2017-09-02 06:21:57] [ log ] localhost/easy-framework/0.0.0.00.0.0.0
---------------------------------------------------------------

msg : syntax error, unexpected 'if' (T_IF), expecting identifier (T_STRING) maybe this class not instance of Components \n\r code : 500
[2017-09-02 06:21:57] [ log ] localhost/easy-framework/0.0.0.00.0.0.0
---------------------------------------------------------------

msg : syntax error, unexpected 'if' (T_IF), expecting identifier (T_STRING) maybe this class not instance of Components \n\r code : 500
[2017-09-02 06:21:57] [ log ] localhost/easy-framework/0.0.0.00.0.0.0
---------------------------------------------------------------

msg : syntax error, unexpected 'if' (T_IF), expecting identifier (T_STRING) maybe this class not instance of Components \n\r code : 500
[2017-09-02 06:21:58] [ log ] localhost/easy-framework/0.0.0.00.0.0.0
---------------------------------------------------------------

msg : syntax error, unexpected 'if' (T_IF), expecting identifier (T_STRING) maybe this class not instance of Components \n\r code : 500
[2017-09-02 06:21:58] [ log ] localhost/easy-framework/0.0.0.00.0.0.0
---------------------------------------------------------------

msg : syntax error, unexpected 'if' (T_IF), expecting identifier (T_STRING) maybe this class not instance of Components \n\r code : 500
[2017-09-02 06:22:07] [ log ] localhost/easy-framework/0.0.0.00.0.0.0
---------------------------------------------------------------

msg : syntax error, unexpected 'if' (T_IF), expecting identifier (T_STRING) maybe this class not instance of Components \n\r code : 500
[2017-09-02 06:22:08] [ log ] localhost/easy-framework/0.0.0.00.0.0.0
---------------------------------------------------------------

msg : syntax error, unexpected 'if' (T_IF), expecting identifier (T_STRING) maybe this class not instance of Components \n\r code : 500
[2017-09-02 06:22:30] [ log ] localhost/easy-framework/0.0.0.00.0.0.0
---------------------------------------------------------------

msg : syntax error, unexpected 'if' (T_IF), expecting identifier (T_STRING) maybe this class not instance of Components \n\r code : 500
[2017-09-02 06:22:30] [ log ] localhost/easy-framework/0.0.0.00.0.0.0
---------------------------------------------------------------

msg : syntax error, unexpected 'if' (T_IF), expecting identifier (T_STRING) maybe this class not instance of Components \n\r code : 500
[2017-09-02 06:22:30] [ log ] localhost/easy-framework/0.0.0.00.0.0.0
---------------------------------------------------------------

msg : syntax error, unexpected 'if' (T_IF), expecting identifier (T_STRING) maybe this class not instance of Components \n\r code : 500
[2017-09-02 06:22:50] [ log ] localhost/easy-framework/0.0.0.00.0.0.0
---------------------------------------------------------------

msg : syntax error, unexpected 'if' (T_IF), expecting identifier (T_STRING) maybe this class not instance of Components \n\r code : 500
[2017-09-02 06:24:51] [ log ] localhost/easy-framework/0.0.0.00.0.0.0
---------------------------------------------------------------

msg : syntax error, unexpected 'if' (T_IF), expecting identifier (T_STRING) maybe this class not instance of Components \n\r code : 500
[2017-09-02 06:24:51] [ log ] localhost/easy-framework/0.0.0.00.0.0.0
---------------------------------------------------------------

msg : syntax error, unexpected 'if' (T_IF), expecting identifier (T_STRING) maybe this class not instance of Components \n\r code : 500
[2017-09-02 06:24:52] [ log ] localhost/easy-framework/0.0.0.00.0.0.0
---------------------------------------------------------------

msg : syntax error, unexpected 'if' (T_IF), expecting identifier (T_STRING) maybe this class not instance of Components \n\r code : 500
[2017-09-02 06:24:52] [ log ] localhost/easy-framework/0.0.0.00.0.0.0
---------------------------------------------------------------

msg : syntax error, unexpected 'if' (T_IF), expecting identifier (T_STRING) maybe this class not instance of Components \n\r code : 500
[2017-09-02 06:25:02] [ log ] localhost/easy-framework/0.0.0.00.0.0.0
---------------------------------------------------------------

msg : syntax error, unexpected 'if' (T_IF), expecting identifier (T_STRING) maybe this class not instance of Components \n\r code : 500
[2017-09-02 06:27:39] [ log ] localhost/easy-framework/0.0.0.00.0.0.0
---------------------------------------------------------------

msg : syntax error, unexpected 'if' (T_IF), expecting identifier (T_STRING)\n\r code : 404
[2017-09-02 06:27:40] [ log ] localhost/easy-framework/0.0.0.00.0.0.0
---------------------------------------------------------------

msg : syntax error, unexpected 'if' (T_IF), expecting identifier (T_STRING)\n\r code : 404
[2017-09-02 06:27:40] [ log ] localhost/easy-framework/0.0.0.00.0.0.0
---------------------------------------------------------------

msg : syntax error, unexpected 'if' (T_IF), expecting identifier (T_STRING)\n\r code : 404
[2017-09-02 06:28:11] [ log ] localhost/easy-framework/0.0.0.00.0.0.0
---------------------------------------------------------------

msg : syntax error, unexpected 'if' (T_IF), expecting identifier (T_STRING)\n\r code : 0
[2017-09-02 06:28:18] [ log ] localhost/easy-framework/0.0.0.00.0.0.0
---------------------------------------------------------------

msg : syntax error, unexpected 'if' (T_IF), expecting identifier (T_STRING)\n\r code : 0
[2017-09-02 06:28:18] [ log ] localhost/easy-framework/0.0.0.00.0.0.0
---------------------------------------------------------------

msg : syntax error, unexpected 'if' (T_IF), expecting identifier (T_STRING)\n\r code : 0
[2017-09-02 06:28:33] [ log ] localhost/easy-framework/0.0.0.00.0.0.0
---------------------------------------------------------------

msg : syntax error, unexpected 'if' (T_IF), expecting identifier (T_STRING)\n\r code : 0
[2017-09-02 06:29:08] [ log ] localhost/easy-framework/0.0.0.00.0.0.0
---------------------------------------------------------------

msg : a:5:{i:0;i:2;i:1;s:158:"Cannot modify header information - headers already sent by (output started at C:\web\php\www\easy-framework\framework\components\dispatcher\Dispatcher.php:49)";i:2;s:72:"C:\web\php\www\easy-framework\framework\components\response\Response.php";i:3;i:77;i:4;a:2:{s:4:"item";s:14:"esay-framework";s:3:"key";s:12:"X-Powered-By";}}\n\r code : 200
[2017-09-02 06:29:34] [ log ] localhost/easy-framework/0.0.0.00.0.0.0
---------------------------------------------------------------

msg : syntax error, unexpected 'if' (T_IF), expecting identifier (T_STRING)\n\r code : 0
[2017-09-02 06:29:48] [ log ] localhost/easy-framework/0.0.0.00.0.0.0
---------------------------------------------------------------

msg : syntax error, unexpected 'if' (T_IF), expecting identifier (T_STRING)\n\r code : 0
[2017-09-02 06:30:54] [ log ] localhost/easy-framework/0.0.0.00.0.0.0
---------------------------------------------------------------

msg : syntax error, unexpected 'if' (T_IF), expecting identifier (T_STRING)\n\r code : 0
[2017-09-02 06:30:55] [ log ] localhost/easy-framework/0.0.0.00.0.0.0
---------------------------------------------------------------

msg : syntax error, unexpected 'if' (T_IF), expecting identifier (T_STRING)\n\r code : 0
[2017-09-02 06:30:55] [ log ] localhost/easy-framework/0.0.0.00.0.0.0
---------------------------------------------------------------

msg : syntax error, unexpected 'if' (T_IF), expecting identifier (T_STRING)\n\r code : 0
[2017-09-02 06:31:29] [ log ] localhost/easy-framework/0.0.0.00.0.0.0
---------------------------------------------------------------

msg : syntax error, unexpected 'if' (T_IF), expecting identifier (T_STRING)\n\r code : 0
[2017-09-02 06:31:30] [ log ] localhost/easy-framework/0.0.0.00.0.0.0
---------------------------------------------------------------

msg : syntax error, unexpected 'if' (T_IF), expecting identifier (T_STRING)\n\r code : 0
[2017-09-02 06:31:41] [ log ] localhost/easy-framework/0.0.0.00.0.0.0
---------------------------------------------------------------

msg : syntax error, unexpected 'if' (T_IF), expecting identifier (T_STRING)\n\r code : 0
[2017-09-02 06:33:35] [ log ] localhost/easy-framework/0.0.0.00.0.0.0
---------------------------------------------------------------

msg : \n\r code : 0
[2017-09-02 06:33:36] [ log ] localhost/easy-framework/0.0.0.00.0.0.0
---------------------------------------------------------------

msg : \n\r code : 0
[2017-09-02 06:33:36] [ log ] localhost/easy-framework/0.0.0.00.0.0.0
---------------------------------------------------------------

msg : \n\r code : 0
[2017-09-02 06:33:36] [ log ] localhost/easy-framework/0.0.0.00.0.0.0
---------------------------------------------------------------

msg : \n\r code : 0
[2017-09-02 06:34:03] [ log ] localhost/easy-framework/0.0.0.00.0.0.0
---------------------------------------------------------------

msg : \n\r code : 0
[2017-09-02 06:34:18] [ log ] localhost/easy-framework/0.0.0.00.0.0.0
---------------------------------------------------------------

msg : syntax error, unexpected 'if' (T_IF), expecting identifier (T_STRING)\n\r code : 0
[2017-09-02 06:34:18] [ log ] localhost/easy-framework/0.0.0.00.0.0.0
---------------------------------------------------------------

msg : syntax error, unexpected 'if' (T_IF), expecting identifier (T_STRING)\n\r code : 0
[2017-09-02 06:34:18] [ log ] localhost/easy-framework/0.0.0.00.0.0.0
---------------------------------------------------------------

msg : syntax error, unexpected 'if' (T_IF), expecting identifier (T_STRING)\n\r code : 0
[2017-09-02 06:34:18] [ log ] localhost/easy-framework/0.0.0.00.0.0.0
---------------------------------------------------------------

msg : syntax error, unexpected 'if' (T_IF), expecting identifier (T_STRING)\n\r code : 0
[2017-09-02 06:42:27] [ log ] localhost/easy-framework/0.0.0.00.0.0.0
---------------------------------------------------------------

msg : syntax error, unexpected 'if' (T_IF), expecting identifier (T_STRING)\n\r code : 0
[2017-09-02 06:42:33] [ log ] localhost/easy-framework/0.0.0.00.0.0.0
---------------------------------------------------------------

msg : syntax error, unexpected 'if' (T_IF), expecting identifier (T_STRING)\n\r code : 0
[2017-09-02 06:52:19] [ log ] localhost/easy-framework/0.0.0.00.0.0.0
---------------------------------------------------------------

msg : not support:redis\n\r code : 500
[2017-09-02 06:52:40] [ log ] localhost/easy-framework/0.0.0.00.0.0.0
---------------------------------------------------------------

msg : not support:redis\n\r code : 500
[2017-09-02 06:52:49] [ log ] localhost/easy-framework/0.0.0.00.0.0.0
---------------------------------------------------------------

msg : not support:redis\n\r code : 500
[2017-09-02 06:53:13] [ log ] localhost/easy-framework/0.0.0.00.0.0.0
---------------------------------------------------------------

msg : not support:redis\n\r code : 500
[2017-09-02 06:53:13] [ log ] localhost/easy-framework/0.0.0.00.0.0.0
---------------------------------------------------------------

msg : not support:redis\n\r code : 500
[2017-09-02 06:53:13] [ log ] localhost/easy-framework/0.0.0.00.0.0.0
---------------------------------------------------------------

msg : not support:redis\n\r code : 500
[2017-09-02 06:53:13] [ log ] localhost/easy-framework/0.0.0.00.0.0.0
---------------------------------------------------------------

msg : not support:redis\n\r code : 500
[2017-09-02 06:53:13] [ log ] localhost/easy-framework/0.0.0.00.0.0.0
---------------------------------------------------------------

msg : not support:redis\n\r code : 500
[2017-09-02 06:53:14] [ log ] localhost/easy-framework/0.0.0.00.0.0.0
---------------------------------------------------------------

msg : not support:redis\n\r code : 500
[2017-09-02 06:53:14] [ log ] localhost/easy-framework/0.0.0.00.0.0.0
---------------------------------------------------------------

msg : not support:redis\n\r code : 500
[2017-09-02 06:53:14] [ log ] localhost/easy-framework/0.0.0.00.0.0.0
---------------------------------------------------------------

msg : not support:redis\n\r code : 500
[2017-09-02 06:53:14] [ log ] localhost/easy-framework/0.0.0.00.0.0.0
---------------------------------------------------------------

msg : not support:redis\n\r code : 500
[2017-09-02 06:53:14] [ log ] localhost/easy-framework/0.0.0.00.0.0.0
---------------------------------------------------------------

msg : not support:redis\n\r code : 500
[2017-09-02 08:24:56] [ log ] localhost/easy-framework/0.0.0.00.0.0.0
---------------------------------------------------------------

msg : not support: redis\n\r code : 0
[2017-09-02 08:24:56] [ log ] localhost/easy-framework/0.0.0.00.0.0.0
---------------------------------------------------------------

msg : not support: redis\n\r code : 0
[2017-09-02 08:25:17] [ log ] localhost/easy-framework/0.0.0.00.0.0.0
---------------------------------------------------------------

msg : not support: redis\n\r code : 0
[2017-09-02 08:34:12] [ log ] localhost/easy-framework/0.0.0.00.0.0.0
---------------------------------------------------------------

msg : not support: redis\n\r code : 0
[2017-09-02 08:34:13] [ log ] localhost/easy-framework/0.0.0.00.0.0.0
---------------------------------------------------------------

msg : not support: redis\n\r code : 0
[2017-09-02 08:34:13] [ log ] localhost/easy-framework/0.0.0.00.0.0.0
---------------------------------------------------------------

msg : not support: redis\n\r code : 0
[2017-09-02 08:34:14] [ log ] localhost/easy-framework/0.0.0.00.0.0.0
---------------------------------------------------------------

msg : not support: redis\n\r code : 0
[2017-09-02 08:37:19] [ log ] localhost/easy-framework/0.0.0.00.0.0.0
---------------------------------------------------------------

msg : not support: redis\n\r code : 0
[2017-09-02 08:37:20] [ log ] localhost/easy-framework/0.0.0.00.0.0.0
---------------------------------------------------------------

msg : not support: redis\n\r code : 0
[2017-09-02 08:37:20] [ log ] localhost/easy-framework/0.0.0.00.0.0.0
---------------------------------------------------------------

msg : not support: redis\n\r code : 0
[2017-09-02 08:37:20] [ log ] localhost/easy-framework/0.0.0.00.0.0.0
---------------------------------------------------------------

msg : not support: redis\n\r code : 0
[2017-09-02 08:37:21] [ log ] localhost/easy-framework/0.0.0.00.0.0.0
---------------------------------------------------------------

msg : not support: redis\n\r code : 0
[2017-09-02 08:37:21] [ log ] localhost/easy-framework/0.0.0.00.0.0.0
---------------------------------------------------------------

msg : not support: redis\n\r code : 0
[2017-09-02 08:37:21] [ log ] localhost/easy-framework/0.0.0.00.0.0.0
---------------------------------------------------------------

msg : not support: redis\n\r code : 0
[2017-09-02 08:37:21] [ log ] localhost/easy-framework/0.0.0.00.0.0.0
---------------------------------------------------------------

msg : not support: redis\n\r code : 0
[2017-09-02 08:39:02] [ log ] localhost/easy-framework/0.0.0.00.0.0.0
---------------------------------------------------------------

msg : not support: redis\n\r code : 0
[2017-09-02 08:39:03] [ log ] localhost/easy-framework/0.0.0.00.0.0.0
---------------------------------------------------------------

msg : not support: redis\n\r code : 0
[2017-09-02 08:39:03] [ log ] localhost/easy-framework/0.0.0.00.0.0.0
---------------------------------------------------------------

msg : not support: redis\n\r code : 0
[2017-09-02 08:39:03] [ log ] localhost/easy-framework/0.0.0.00.0.0.0
---------------------------------------------------------------

msg : not support: redis\n\r code : 0
[2017-09-02 08:45:31] [ log ] localhost/easy-framework/0.0.0.00.0.0.0
---------------------------------------------------------------

msg : not support: redis\n\r code : 0
[2017-09-02 10:07:25] [ log ] localhost/easy-framework/
 server: 0.0.0.0
 client: 0.0.0.0---------------------------------------------------------------

msg : syntax error, unexpected 'if' (T_IF), expecting identifier (T_STRING) 
 file : C:\web\php\www\easy-framework\framework\components\session\Session.php 
 line : 84 
 code : 0
[2017-09-02 10:08:16] [ log ] localhost/easy-framework/
 server: 0.0.0.0
 client: 0.0.0.0---------------------------------------------------------------
 msg : syntax error, unexpected 'if' (T_IF), expecting identifier (T_STRING) 
 file : C:\web\php\www\easy-framework\framework\components\session\Session.php 
 line : 84 
 code : 0
[2017-09-02 10:08:39] [ log ] localhost/easy-framework/
 server: 0.0.0.0
 client: 0.0.0.0
---------------------------------------------------------------
 msg : syntax error, unexpected 'if' (T_IF), expecting identifier (T_STRING) 
 file : C:\web\php\www\easy-framework\framework\components\session\Session.php 
 line : 84 
 code : 0
[2017-09-02 10:08:40] [ log ] localhost/easy-framework/
 server: 0.0.0.0
 client: 0.0.0.0
---------------------------------------------------------------
 msg : syntax error, unexpected 'if' (T_IF), expecting identifier (T_STRING) 
 file : C:\web\php\www\easy-framework\framework\components\session\Session.php 
 line : 84 
 code : 0
[2017-09-02 10:08:55] [ log ] localhost/easy-framework/
 server: 0.0.0.0
 client: 0.0.0.0
---------------------------------------------------------------
 msg : syntax error, unexpected 'if' (T_IF), expecting identifier (T_STRING) 
 file : C:\web\php\www\easy-framework\framework\components\session\Session.php 
 line : 84 
 code : 0

[2017-09-02 10:09:02] [ log ] localhost/easy-framework/
 server: 0.0.0.0
 client: 0.0.0.0
---------------------------------------------------------------
 msg : syntax error, unexpected 'if' (T_IF), expecting identifier (T_STRING) 
 file : C:\web\php\www\easy-framework\framework\components\session\Session.php 
 line : 84 
 code : 0

[2017-09-02 10:10:16] [ log ] localhost/easy-framework/
 server: 0.0.0.0
 client: 0.0.0.0
---------------------------------------------------------------
 msg : syntax error, unexpected 'if' (T_IF), expecting identifier (T_STRING) 
 file : C:\web\php\www\easy-framework\framework\components\session\Session.php 
 line : 84 
 code : 0 
 strace : #0 [internal function]: autoload('framework\\compo...')
#1 C:\web\php\www\easy-framework\framework\base\Container.php(84): spl_autoload_call('framework\\compo...')
#2 C:\web\php\www\easy-framework\framework\base\Container.php(86): framework\base\Container->getComponent('session')
#3 C:\web\php\www\easy-framework\framework\base\Component.php(23): framework\base\Container->framework\base\{closure}('session')
#4 C:\web\php\www\easy-framework\application\lib\Web.php(15): framework\base\Component->getComponent('session')
#5 C:\web\php\www\easy-framework\framework\components\dispatcher\Dispatcher.php(34): application\lib\Web->beforeAction()
#6 C:\web\php\www\easy-framework\framework\web\Application.php(39): framework\components\dispatcher\Dispatcher->run(Array)
#7 C:\web\php\www\easy-framework\framework\framework.php(16): framework\web\Application::run(Array)
#8 C:\web\php\www\easy-framework\index.php(8): require('C:\\web\\php\\www\\...')
#9 {main}

[2017-09-02 10:10:39] [ log ] localhost/easy-framework/
 server: 0.0.0.0
 client: 0.0.0.0
---------------------------------------------------------------
 msg : syntax error, unexpected 'if' (T_IF), expecting identifier (T_STRING) 
 file : C:\web\php\www\easy-framework\framework\components\session\Session.php 
 line : 84 
 code : 0 
 trace : #0 [internal function]: autoload('framework\\compo...')
#1 C:\web\php\www\easy-framework\framework\base\Container.php(84): spl_autoload_call('framework\\compo...')
#2 C:\web\php\www\easy-framework\framework\base\Container.php(86): framework\base\Container->getComponent('session')
#3 C:\web\php\www\easy-framework\framework\base\Component.php(23): framework\base\Container->framework\base\{closure}('session')
#4 C:\web\php\www\easy-framework\application\lib\Web.php(15): framework\base\Component->getComponent('session')
#5 C:\web\php\www\easy-framework\framework\components\dispatcher\Dispatcher.php(34): application\lib\Web->beforeAction()
#6 C:\web\php\www\easy-framework\framework\web\Application.php(39): framework\components\dispatcher\Dispatcher->run(Array)
#7 C:\web\php\www\easy-framework\framework\framework.php(16): framework\web\Application::run(Array)
#8 C:\web\php\www\easy-framework\index.php(8): require('C:\\web\\php\\www\\...')
#9 {main}

[2017-09-02 15:13:22] [ log ] localhost/easy-framework/
 server: 0.0.0.0
 client: 0.0.0.0
---------------------------------------------------------------
 msg : components not exists 
 file : C:\web\php\www\easy-framework\framework\components\dispatcher\Dispatcher.php 
 line : 44 
 code : 404 
 trace : #0 C:\web\php\www\easy-framework\framework\web\Application.php(39): framework\components\dispatcher\Dispatcher->run(Array)
#1 C:\web\php\www\easy-framework\framework\framework.php(16): framework\web\Application::run(Array)
#2 C:\web\php\www\easy-framework\index.php(8): require('C:\\web\\php\\www\\...')
#3 {main}

[2017-09-02 15:13:50] [ log ] localhost/easy-framework/
 server: 0.0.0.0
 client: 0.0.0.0
---------------------------------------------------------------
 msg : db db1 not found 
 file : C:\web\php\www\easy-framework\framework\components\dispatcher\Dispatcher.php 
 line : 44 
 code : 500 
 trace : #0 C:\web\php\www\easy-framework\framework\web\Application.php(39): framework\components\dispatcher\Dispatcher->run(Array)
#1 C:\web\php\www\easy-framework\framework\framework.php(16): framework\web\Application::run(Array)
#2 C:\web\php\www\easy-framework\index.php(8): require('C:\\web\\php\\www\\...')
#3 {main}

[2017-09-02 15:14:39] [ log ] localhost/easy-framework/
 server: 0.0.0.0
 client: 0.0.0.0
---------------------------------------------------------------
 msg : db db1 not found 
 file : C:\web\php\www\easy-framework\framework\components\dispatcher\Dispatcher.php 
 line : 44 
 code : 500 
 trace : #0 C:\web\php\www\easy-framework\framework\web\Application.php(39): framework\components\dispatcher\Dispatcher->run(Array)
#1 C:\web\php\www\easy-framework\framework\framework.php(16): framework\web\Application::run(Array)
#2 C:\web\php\www\easy-framework\index.php(8): require('C:\\web\\php\\www\\...')
#3 {main}

[2017-09-02 15:15:10] [ log ] localhost/easy-framework/
 server: 0.0.0.0
 client: 0.0.0.0
---------------------------------------------------------------
 msg : db db1 not found 
 file : C:\web\php\www\easy-framework\framework\components\dispatcher\Dispatcher.php 
 line : 44 
 code : 500 
 trace : #0 C:\web\php\www\easy-framework\framework\web\Application.php(39): framework\components\dispatcher\Dispatcher->run(Array)
#1 C:\web\php\www\easy-framework\framework\framework.php(16): framework\web\Application::run(Array)
#2 C:\web\php\www\easy-framework\index.php(8): require('C:\\web\\php\\www\\...')
#3 {main}

[2017-09-02 15:15:29] [ log ] localhost/easy-framework/
 server: 0.0.0.0
 client: 0.0.0.0
---------------------------------------------------------------
 msg : db db1 not found 
 file : C:\web\php\www\easy-framework\framework\components\dispatcher\Dispatcher.php 
 line : 44 
 code : 500 
 trace : #0 C:\web\php\www\easy-framework\framework\web\Application.php(39): framework\components\dispatcher\Dispatcher->run(Array)
#1 C:\web\php\www\easy-framework\framework\framework.php(16): framework\web\Application::run(Array)
#2 C:\web\php\www\easy-framework\index.php(8): require('C:\\web\\php\\www\\...')
#3 {main}

[2017-09-02 15:15:42] [ log ] localhost/easy-framework/
 server: 0.0.0.0
 client: 0.0.0.0
---------------------------------------------------------------
 msg : db db1 not found 
 file : C:\web\php\www\easy-framework\framework\components\dispatcher\Dispatcher.php 
 line : 44 
 code : 500 
 trace : #0 C:\web\php\www\easy-framework\framework\web\Application.php(39): framework\components\dispatcher\Dispatcher->run(Array)
#1 C:\web\php\www\easy-framework\framework\framework.php(16): framework\web\Application::run(Array)
#2 C:\web\php\www\easy-framework\index.php(8): require('C:\\web\\php\\www\\...')
#3 {main}

[2017-09-02 15:15:56] [ log ] localhost/easy-framework/
 server: 0.0.0.0
 client: 0.0.0.0
---------------------------------------------------------------
 msg : db db1 not found 
 file : C:\web\php\www\easy-framework\framework\components\dispatcher\Dispatcher.php 
 line : 44 
 code : 500 
 trace : #0 C:\web\php\www\easy-framework\framework\web\Application.php(39): framework\components\dispatcher\Dispatcher->run(Array)
#1 C:\web\php\www\easy-framework\framework\framework.php(16): framework\web\Application::run(Array)
#2 C:\web\php\www\easy-framework\index.php(8): require('C:\\web\\php\\www\\...')
#3 {main}

[2017-09-02 15:16:45] [ log ] localhost/easy-framework/
 server: 0.0.0.0
 client: 0.0.0.0
---------------------------------------------------------------
 msg : Argument 2 passed to framework\base\Component::__construct() must be an instance of Closure or null, string given, called in C:\web\php\www\easy-framework\framework\components\db\Pdo.php on line 48 
 file : C:\web\php\www\easy-framework\framework\base\Component.php 
 line : 10 
 code : 0 
 trace : #0 C:\web\php\www\easy-framework\framework\components\db\Pdo.php(48): framework\base\Component->__construct('mysql:dbname=te...', 'root', '123456', Array)
#1 C:\web\php\www\easy-framework\framework\components\db\Pdo.php(85): framework\components\db\Pdo->getPdoHandle()
#2 C:\web\php\www\easy-framework\application\controller\Index.php(16): framework\components\db\Pdo->query('show tables')
#3 C:\web\php\www\easy-framework\framework\components\dispatcher\Dispatcher.php(35): application\controller\Index->indexAction()
#4 C:\web\php\www\easy-framework\framework\web\Application.php(39): framework\components\dispatcher\Dispatcher->run(Array)
#5 C:\web\php\www\easy-framework\framework\framework.php(16): framework\web\Application::run(Array)
#6 C:\web\php\www\easy-framework\index.php(8): require('C:\\web\\php\\www\\...')
#7 {main}

[2017-09-02 15:17:40] [ log ] localhost/easy-framework/
 server: 0.0.0.0
 client: 0.0.0.0
---------------------------------------------------------------
 msg : SQLSTATE[HY000] [2002] php_network_getaddresses: getaddrinfo failed: 不知道这样的主机。  
 file : C:\web\php\www\easy-framework\framework\components\dispatcher\Dispatcher.php 
 line : 44 
 code : 500 
 trace : #0 C:\web\php\www\easy-framework\framework\web\Application.php(39): framework\components\dispatcher\Dispatcher->run(Array)
#1 C:\web\php\www\easy-framework\framework\framework.php(16): framework\web\Application::run(Array)
#2 C:\web\php\www\easy-framework\index.php(8): require('C:\\web\\php\\www\\...')
#3 {main}

[2017-09-02 15:18:15] [ log ] localhost/easy-framework/
 server: 0.0.0.0
 client: 0.0.0.0
---------------------------------------------------------------
 msg : SQLSTATE[HY000] [2002] php_network_getaddresses: getaddrinfo failed: 不知道这样的主机。  
 file : C:\web\php\www\easy-framework\framework\components\dispatcher\Dispatcher.php 
 line : 44 
 code : 500 
 trace : #0 C:\web\php\www\easy-framework\framework\web\Application.php(39): framework\components\dispatcher\Dispatcher->run(Array)
#1 C:\web\php\www\easy-framework\framework\framework.php(16): framework\web\Application::run(Array)
#2 C:\web\php\www\easy-framework\index.php(8): require('C:\\web\\php\\www\\...')
#3 {main}

[2017-09-02 15:18:28] [ log ] localhost/easy-framework/
 server: 0.0.0.0
 client: 0.0.0.0
---------------------------------------------------------------
 msg : SQLSTATE[HY000] [2002] php_network_getaddresses: getaddrinfo failed: 不知道这样的主机。  
 file : C:\web\php\www\easy-framework\framework\components\dispatcher\Dispatcher.php 
 line : 44 
 code : 500 
 trace : #0 C:\web\php\www\easy-framework\framework\web\Application.php(39): framework\components\dispatcher\Dispatcher->run(Array)
#1 C:\web\php\www\easy-framework\framework\framework.php(16): framework\web\Application::run(Array)
#2 C:\web\php\www\easy-framework\index.php(8): require('C:\\web\\php\\www\\...')
#3 {main}

[2017-09-02 15:28:33] [ log ] localhost/easy-framework/
 server: 0.0.0.0
 client: 0.0.0.0
---------------------------------------------------------------
 msg : SQLSTATE[HY000] [2002] php_network_getaddresses: getaddrinfo failed: 不知道这样的主机。  
 file : C:\web\php\www\easy-framework\framework\components\dispatcher\Dispatcher.php 
 line : 44 
 code : 500 
 trace : #0 C:\web\php\www\easy-framework\framework\web\Application.php(39): framework\components\dispatcher\Dispatcher->run(Array)
#1 C:\web\php\www\easy-framework\framework\framework.php(16): framework\web\Application::run(Array)
#2 C:\web\php\www\easy-framework\index.php(8): require('C:\\web\\php\\www\\...')
#3 {main}

