[2017-09-06 15:10:43] [ log ] localhost/easy-framework/
 server: 0.0.0.0
 client: 0.0.0.0
---------------------------------------------------------------
 msg : Too few arguments to function framework\components\validate\Validate::run(), 1 passed in C:\web\php\www\easy-framework\framework\base\Controller.php on line 153 and exactly 2 expected 
 file : C:\web\php\www\easy-framework\framework\components\validate\Validate.php 
 line : 23 
 code : 0 
 trace : #0 C:\web\php\www\easy-framework\framework\base\Controller.php(153): framework\components\validate\Validate->run(Array)
#1 C:\web\php\www\easy-framework\application\lib\Web.php(15): framework\base\Controller->validate()
#2 C:\web\php\www\easy-framework\framework\components\dispatcher\Dispatcher.php(35): application\lib\Web->beforeAction()
#3 C:\web\php\www\easy-framework\framework\web\Application.php(41): framework\components\dispatcher\Dispatcher->run(Array)
#4 C:\web\php\www\easy-framework\framework\framework.php(18): framework\web\Application::run(Array)
#5 C:\web\php\www\easy-framework\index.php(8): require('C:\\web\\php\\www\\...')
#6 {main}

[2017-09-06 15:13:01] [ log ] localhost/easy-framework/
 server: 0.0.0.0
 client: 0.0.0.0
---------------------------------------------------------------
 msg : a:5:{i:0;i:2;i:1;s:58:"session_destroy(): Trying to destroy uninitialized session";i:2;s:70:"C:\web\php\www\easy-framework\framework\components\session\Session.php";i:3;i:214;i:4;a:0:{}} 
 file : C:\web\php\www\easy-framework\framework\components\dispatcher\Dispatcher.php 
 line : 45 
 code : 200 
 trace : #0 C:\web\php\www\easy-framework\framework\web\Application.php(41): framework\components\dispatcher\Dispatcher->run(Array)
#1 C:\web\php\www\easy-framework\framework\framework.php(18): framework\web\Application::run(Array)
#2 C:\web\php\www\easy-framework\index.php(8): require('C:\\web\\php\\www\\...')
#3 {main}

