[2017-09-04 09:10:44] [ log ] localhost/easy-framework/
 server: 0.0.0.0
 client: 0.0.0.0
---------------------------------------------------------------
 msg : a:5:{i:0;i:2;i:1;s:136:"Cannot modify header information - headers already sent by (output started at D:\www\easy-framework\application\controller\Index.php:15)";i:2;s:64:"D:\www\easy-framework\framework\components\response\Response.php";i:3;i:77;i:4;a:2:{s:4:"item";s:14:"esay-framework";s:3:"key";s:12:"X-Powered-By";}} 
 file : D:\www\easy-framework\framework\components\error\Error.php 
 line : 10 
 code : 200 
 trace : #0 [internal function]: framework\components\error\Error->handleError(2, 'Cannot modify h...', 'D:\\www\\easy-fra...', 77, Array)
#1 D:\www\easy-framework\framework\components\response\Response.php(77): header('X-Powered-By:es...')
#2 D:\www\easy-framework\framework\components\response\Response.php(38): framework\components\response\Response->sendHeader()
#3 D:\www\easy-framework\framework\web\Application.php(40): framework\components\response\Response->send(1)
#4 D:\www\easy-framework\framework\framework.php(17): framework\web\Application::run(Array)
#5 D:\www\easy-framework\index.php(8): require('D:\\www\\easy-fra...')
#6 {main}

[2017-09-04 09:10:50] [ log ] localhost/easy-framework/
 server: 0.0.0.0
 client: 0.0.0.0
---------------------------------------------------------------
 msg : a:5:{i:0;i:2;i:1;s:136:"Cannot modify header information - headers already sent by (output started at D:\www\easy-framework\application\controller\Index.php:15)";i:2;s:64:"D:\www\easy-framework\framework\components\response\Response.php";i:3;i:77;i:4;a:2:{s:4:"item";s:14:"esay-framework";s:3:"key";s:12:"X-Powered-By";}} 
 file : D:\www\easy-framework\framework\components\error\Error.php 
 line : 10 
 code : 200 
 trace : #0 [internal function]: framework\components\error\Error->handleError(2, 'Cannot modify h...', 'D:\\www\\easy-fra...', 77, Array)
#1 D:\www\easy-framework\framework\components\response\Response.php(77): header('X-Powered-By:es...')
#2 D:\www\easy-framework\framework\components\response\Response.php(38): framework\components\response\Response->sendHeader()
#3 D:\www\easy-framework\framework\web\Application.php(40): framework\components\response\Response->send(1)
#4 D:\www\easy-framework\framework\framework.php(17): framework\web\Application::run(Array)
#5 D:\www\easy-framework\index.php(8): require('D:\\www\\easy-fra...')
#6 {main}

[2017-09-04 09:13:03] [ log ] localhost/easy-framework/
 server: 0.0.0.0
 client: 0.0.0.0
---------------------------------------------------------------
 msg : a:5:{i:0;i:8;i:1;s:61:"Undefined property: application\controller\Index::$_unInstall";i:2;s:50:"D:\www\easy-framework\framework\base\Component.php";i:3;i:23;i:4;a:1:{s:10:"isComplete";b:1;}} maybe this class not instance of Components  
 file : D:\www\easy-framework\framework\base\Container.php 
 line : 110 
 code : 500 
 trace : #0 D:\www\easy-framework\framework\base\Component.php(18): framework\base\Container->getComponent('applicationinde...')
#1 D:\www\easy-framework\framework\components\dispatcher\Dispatcher.php(29): framework\base\Component->getComponent('applicationinde...')
#2 D:\www\easy-framework\framework\web\Application.php(39): framework\components\dispatcher\Dispatcher->run(Array)
#3 D:\www\easy-framework\framework\framework.php(17): framework\web\Application::run(Array)
#4 D:\www\easy-framework\index.php(8): require('D:\\www\\easy-fra...')
#5 {main}

[2017-09-04 09:13:04] [ log ] localhost/easy-framework/
 server: 0.0.0.0
 client: 0.0.0.0
---------------------------------------------------------------
 msg : a:5:{i:0;i:8;i:1;s:61:"Undefined property: application\controller\Index::$_unInstall";i:2;s:50:"D:\www\easy-framework\framework\base\Component.php";i:3;i:23;i:4;a:1:{s:10:"isComplete";b:1;}} maybe this class not instance of Components  
 file : D:\www\easy-framework\framework\base\Container.php 
 line : 110 
 code : 500 
 trace : #0 D:\www\easy-framework\framework\base\Component.php(18): framework\base\Container->getComponent('applicationinde...')
#1 D:\www\easy-framework\framework\components\dispatcher\Dispatcher.php(29): framework\base\Component->getComponent('applicationinde...')
#2 D:\www\easy-framework\framework\web\Application.php(39): framework\components\dispatcher\Dispatcher->run(Array)
#3 D:\www\easy-framework\framework\framework.php(17): framework\web\Application::run(Array)
#4 D:\www\easy-framework\index.php(8): require('D:\\www\\easy-fra...')
#5 {main}

[2017-09-04 13:40:19] [ log ] localhost/easy-framework/
 server: 0.0.0.0
 client: 0.0.0.0
---------------------------------------------------------------
 msg : Too few arguments to function framework\web\Controller::display(), 0 passed in C:\web\php\www\easy-framework\application\controller\Index.php on line 15 and exactly 1 expected 
 file : C:\web\php\www\easy-framework\framework\web\Controller.php 
 line : 20 
 code : 0 
 trace : #0 C:\web\php\www\easy-framework\application\controller\Index.php(15): framework\web\Controller->display()
#1 C:\web\php\www\easy-framework\framework\components\dispatcher\Dispatcher.php(35): application\controller\Index->indexAction()
#2 C:\web\php\www\easy-framework\framework\web\Application.php(39): framework\components\dispatcher\Dispatcher->run(Array)
#3 C:\web\php\www\easy-framework\framework\framework.php(17): framework\web\Application::run(Array)
#4 C:\web\php\www\easy-framework\index.php(8): require('C:\\web\\php\\www\\...')
#5 {main}

[2017-09-04 13:40:32] [ log ] localhost/easy-framework/
 server: 0.0.0.0
 client: 0.0.0.0
---------------------------------------------------------------
 msg : a:5:{i:0;i:8;i:1;s:21:"Undefined index: view";i:2;s:58:"C:\web\php\www\easy-framework\framework\base\Container.php";i:3;i:124;i:4;a:1:{s:3:"key";s:4:"view";}} 
 file : C:\web\php\www\easy-framework\framework\components\dispatcher\Dispatcher.php 
 line : 44 
 code : 200 
 trace : #0 C:\web\php\www\easy-framework\framework\web\Application.php(39): framework\components\dispatcher\Dispatcher->run(Array)
#1 C:\web\php\www\easy-framework\framework\framework.php(17): framework\web\Application::run(Array)
#2 C:\web\php\www\easy-framework\index.php(8): require('C:\\web\\php\\www\\...')
#3 {main}

[2017-09-04 13:40:59] [ log ] localhost/easy-framework/
 server: 0.0.0.0
 client: 0.0.0.0
---------------------------------------------------------------
 msg : Call to undefined method framework\components\view\View::loadViewFile() 
 file : C:\web\php\www\easy-framework\framework\components\view\View.php 
 line : 146 
 code : 0 
 trace : #0 C:\web\php\www\easy-framework\framework\web\Controller.php(22): framework\components\view\View->display('index/index')
#1 C:\web\php\www\easy-framework\application\controller\Index.php(15): framework\web\Controller->display()
#2 C:\web\php\www\easy-framework\framework\components\dispatcher\Dispatcher.php(35): application\controller\Index->indexAction()
#3 C:\web\php\www\easy-framework\framework\web\Application.php(40): framework\components\dispatcher\Dispatcher->run(Array)
#4 C:\web\php\www\easy-framework\framework\framework.php(17): framework\web\Application::run(Array)
#5 C:\web\php\www\easy-framework\index.php(8): require('C:\\web\\php\\www\\...')
#6 {main}

[2017-09-04 13:42:09] [ log ] localhost/easy-framework/
 server: 0.0.0.0
 client: 0.0.0.0
---------------------------------------------------------------
 msg : The view file: C:\web\php\www\easy-framework/application/views/index/indexhtml is not found! 
 file : C:\web\php\www\easy-framework\framework\components\dispatcher\Dispatcher.php 
 line : 44 
 code : 404 
 trace : #0 C:\web\php\www\easy-framework\framework\web\Application.php(40): framework\components\dispatcher\Dispatcher->run(Array)
#1 C:\web\php\www\easy-framework\framework\framework.php(17): framework\web\Application::run(Array)
#2 C:\web\php\www\easy-framework\index.php(8): require('C:\\web\\php\\www\\...')
#3 {main}

[2017-09-04 13:42:54] [ log ] localhost/easy-framework/
 server: 0.0.0.0
 client: 0.0.0.0
---------------------------------------------------------------
 msg : The view file: C:\web\php\www\easy-framework/application/views/index/index.html is not found! 
 file : C:\web\php\www\easy-framework\framework\components\dispatcher\Dispatcher.php 
 line : 44 
 code : 404 
 trace : #0 C:\web\php\www\easy-framework\framework\web\Application.php(40): framework\components\dispatcher\Dispatcher->run(Array)
#1 C:\web\php\www\easy-framework\framework\framework.php(17): framework\web\Application::run(Array)
#2 C:\web\php\www\easy-framework\index.php(8): require('C:\\web\\php\\www\\...')
#3 {main}

[2017-09-04 13:42:55] [ log ] localhost/easy-framework/
 server: 0.0.0.0
 client: 0.0.0.0
---------------------------------------------------------------
 msg : The view file: C:\web\php\www\easy-framework/application/views/index/index.html is not found! 
 file : C:\web\php\www\easy-framework\framework\components\dispatcher\Dispatcher.php 
 line : 44 
 code : 404 
 trace : #0 C:\web\php\www\easy-framework\framework\web\Application.php(40): framework\components\dispatcher\Dispatcher->run(Array)
#1 C:\web\php\www\easy-framework\framework\framework.php(17): framework\web\Application::run(Array)
#2 C:\web\php\www\easy-framework\index.php(8): require('C:\\web\\php\\www\\...')
#3 {main}

[2017-09-04 13:42:55] [ log ] localhost/easy-framework/
 server: 0.0.0.0
 client: 0.0.0.0
---------------------------------------------------------------
 msg : The view file: C:\web\php\www\easy-framework/application/views/index/index.html is not found! 
 file : C:\web\php\www\easy-framework\framework\components\dispatcher\Dispatcher.php 
 line : 44 
 code : 404 
 trace : #0 C:\web\php\www\easy-framework\framework\web\Application.php(40): framework\components\dispatcher\Dispatcher->run(Array)
#1 C:\web\php\www\easy-framework\framework\framework.php(17): framework\web\Application::run(Array)
#2 C:\web\php\www\easy-framework\index.php(8): require('C:\\web\\php\\www\\...')
#3 {main}

[2017-09-04 13:42:55] [ log ] localhost/easy-framework/
 server: 0.0.0.0
 client: 0.0.0.0
---------------------------------------------------------------
 msg : The view file: C:\web\php\www\easy-framework/application/views/index/index.html is not found! 
 file : C:\web\php\www\easy-framework\framework\components\dispatcher\Dispatcher.php 
 line : 44 
 code : 404 
 trace : #0 C:\web\php\www\easy-framework\framework\web\Application.php(40): framework\components\dispatcher\Dispatcher->run(Array)
#1 C:\web\php\www\easy-framework\framework\framework.php(17): framework\web\Application::run(Array)
#2 C:\web\php\www\easy-framework\index.php(8): require('C:\\web\\php\\www\\...')
#3 {main}

[2017-09-04 13:42:56] [ log ] localhost/easy-framework/
 server: 0.0.0.0
 client: 0.0.0.0
---------------------------------------------------------------
 msg : The view file: C:\web\php\www\easy-framework/application/views/index/index.html is not found! 
 file : C:\web\php\www\easy-framework\framework\components\dispatcher\Dispatcher.php 
 line : 44 
 code : 404 
 trace : #0 C:\web\php\www\easy-framework\framework\web\Application.php(40): framework\components\dispatcher\Dispatcher->run(Array)
#1 C:\web\php\www\easy-framework\framework\framework.php(17): framework\web\Application::run(Array)
#2 C:\web\php\www\easy-framework\index.php(8): require('C:\\web\\php\\www\\...')
#3 {main}

[2017-09-04 13:42:58] [ log ] localhost/easy-framework/
 server: 0.0.0.0
 client: 0.0.0.0
---------------------------------------------------------------
 msg : The view file: C:\web\php\www\easy-framework/application/views/index/index.html is not found! 
 file : C:\web\php\www\easy-framework\framework\components\dispatcher\Dispatcher.php 
 line : 44 
 code : 404 
 trace : #0 C:\web\php\www\easy-framework\framework\web\Application.php(40): framework\components\dispatcher\Dispatcher->run(Array)
#1 C:\web\php\www\easy-framework\framework\framework.php(17): framework\web\Application::run(Array)
#2 C:\web\php\www\easy-framework\index.php(8): require('C:\\web\\php\\www\\...')
#3 {main}

[2017-09-04 13:42:58] [ log ] localhost/easy-framework/
 server: 0.0.0.0
 client: 0.0.0.0
---------------------------------------------------------------
 msg : The view file: C:\web\php\www\easy-framework/application/views/index/index.html is not found! 
 file : C:\web\php\www\easy-framework\framework\components\dispatcher\Dispatcher.php 
 line : 44 
 code : 404 
 trace : #0 C:\web\php\www\easy-framework\framework\web\Application.php(40): framework\components\dispatcher\Dispatcher->run(Array)
#1 C:\web\php\www\easy-framework\framework\framework.php(17): framework\web\Application::run(Array)
#2 C:\web\php\www\easy-framework\index.php(8): require('C:\\web\\php\\www\\...')
#3 {main}

[2017-09-04 13:42:59] [ log ] localhost/easy-framework/
 server: 0.0.0.0
 client: 0.0.0.0
---------------------------------------------------------------
 msg : The view file: C:\web\php\www\easy-framework/application/views/index/index.html is not found! 
 file : C:\web\php\www\easy-framework\framework\components\dispatcher\Dispatcher.php 
 line : 44 
 code : 404 
 trace : #0 C:\web\php\www\easy-framework\framework\web\Application.php(40): framework\components\dispatcher\Dispatcher->run(Array)
#1 C:\web\php\www\easy-framework\framework\framework.php(17): framework\web\Application::run(Array)
#2 C:\web\php\www\easy-framework\index.php(8): require('C:\\web\\php\\www\\...')
#3 {main}

[2017-09-04 13:43:38] [ log ] localhost/easy-framework/
 server: 0.0.0.0
 client: 0.0.0.0
---------------------------------------------------------------
 msg : a:5:{i:0;i:2;i:1;s:114:"preg_replace_callback(): Requires argument 2, 'framework\components\view\View::_parseTags', to be a valid callback";i:2;s:64:"C:\web\php\www\easy-framework\framework\components\view\View.php";i:3;i:359;i:4;a:4:{s:11:"viewContent";s:132:"<!DOCTYPE html>
<html lang="en">
<head>
    <meta charset="UTF-8">
    <title>Title</title>
</head>
<body>

</body>
</html>";s:10:"regexArray";a:5:{i:0;s:40:"#<!--\s?{\s*include\s+(.+?)\s*}\s?-->#is";i:1;s:30:"#<!--\s?{php\s+(.+?)}\s?-->#is";i:2;s:28:"#<!--\s?{\s?else\s?}\s?-->#i";i:3;s:28:"#<!--\s?{\s?\/if\s?}\s?-->#i";i:4;s:30:"#<!--\s?{\s?\/loop\s?}\s?-->#i";}s:12:"replaceArray";a:5:{i:0;s:30:"<?php $this->addView('\1'); ?>";i:1;s:11:"<?php \1 ?>";i:2;s:17:"<?php } else { ?>";i:3;s:10:"<?php } ?>";i:4;s:12:"<?php } } ?>";}s:12:"patternArray";a:5:{i:0;s:31:"#<!--\s?{\s*(\$.+?)\s*}\s?-->#i";i:1;s:33:"#<!--\s?{\s?(if\s.+?)\s?}\s?-->#i";i:2;s:37:"#<!--\s?{\s?(elseif\s.+?)\s?}\s?-->#i";i:3;s:35:"#<!--\s?{\s?(loop\s.+?)\s?}\s?-->#i";i:4;s:38:"#<!--\s?{\s*(widget\s.+?)\s*}\s?-->#is";}}} 
 file : C:\web\php\www\easy-framework\framework\components\dispatcher\Dispatcher.php 
 line : 44 
 code : 200 
 trace : #0 C:\web\php\www\easy-framework\framework\web\Application.php(40): framework\components\dispatcher\Dispatcher->run(Array)
#1 C:\web\php\www\easy-framework\framework\framework.php(17): framework\web\Application::run(Array)
#2 C:\web\php\www\easy-framework\index.php(8): require('C:\\web\\php\\www\\...')
#3 {main}

